TN:
SF:src/constants.ts
FNF:0
FNH:0
DA:1,13
DA:2,13
DA:3,13
DA:4,13
DA:5,13
DA:6,13
DA:8,13
DA:9,13
DA:10,13
DA:11,13
DA:12,13
DA:13,13
DA:15,13
DA:23,13
LF:14
LH:14
BRF:0
BRH:0
end_of_record
TN:
SF:src/credentials.ts
FN:11,(anonymous_9)
FN:19,(anonymous_10)
FN:27,(anonymous_11)
FN:37,(anonymous_12)
FN:48,(anonymous_13)
FN:70,(anonymous_14)
FNF:6
FNH:5
FNDA:7,(anonymous_9)
FNDA:13,(anonymous_10)
FNDA:9,(anonymous_11)
FNDA:4,(anonymous_12)
FNDA:18,(anonymous_13)
FNDA:0,(anonymous_14)
DA:1,1
DA:2,1
DA:4,1
DA:5,1
DA:7,1
DA:8,1
DA:10,1
DA:12,7
DA:19,1
DA:22,13
DA:28,9
DA:30,6
DA:38,4
DA:39,3
DA:40,3
DA:42,3
DA:49,18
DA:50,3
DA:54,15
DA:55,15
DA:57,2
DA:60,13
DA:61,13
DA:63,2
DA:71,0
DA:72,0
DA:75,0
LF:27
LH:24
BRDA:37,0,0,2
BRDA:49,1,0,3
BRDA:71,2,0,0
BRF:3
BRH:2
end_of_record
TN:
SF:src/data-deduplication-service.ts
FN:24,(anonymous_10)
FN:28,(anonymous_11)
FN:35,(anonymous_12)
FN:42,(anonymous_13)
FN:49,(anonymous_14)
FN:54,(anonymous_15)
FN:59,(anonymous_16)
FN:68,(anonymous_17)
FN:82,(anonymous_18)
FN:83,(anonymous_19)
FN:87,(anonymous_20)
FN:97,(anonymous_21)
FN:107,(anonymous_22)
FN:116,(anonymous_23)
FNF:14
FNH:0
FNDA:0,(anonymous_10)
FNDA:0,(anonymous_11)
FNDA:0,(anonymous_12)
FNDA:0,(anonymous_13)
FNDA:0,(anonymous_14)
FNDA:0,(anonymous_15)
FNDA:0,(anonymous_16)
FNDA:0,(anonymous_17)
FNDA:0,(anonymous_18)
FNDA:0,(anonymous_19)
FNDA:0,(anonymous_20)
FNDA:0,(anonymous_21)
FNDA:0,(anonymous_22)
FNDA:0,(anonymous_23)
DA:1,5
DA:12,5
DA:19,5
DA:25,0
DA:29,0
DA:36,0
DA:43,0
DA:50,0
DA:51,0
DA:55,0
DA:56,0
DA:66,0
DA:68,0
DA:69,0
DA:70,0
DA:71,0
DA:74,0
DA:81,0
DA:82,0
DA:83,0
DA:93,0
DA:94,0
DA:103,0
DA:104,0
DA:112,0
DA:113,0
DA:121,0
DA:122,0
LF:28
LH:3
BRDA:70,0,0,0
BRDA:70,0,1,0
BRF:2
BRH:0
end_of_record
TN:
SF:src/html-sandbox.ts
FN:7,(anonymous_0)
FN:14,(anonymous_1)
FN:35,(anonymous_2)
FN:67,(anonymous_3)
FN:109,(anonymous_4)
FN:119,(anonymous_5)
FN:134,(anonymous_6)
FN:149,(anonymous_7)
FNF:8
FNH:8
FNDA:30,(anonymous_0)
FNDA:14,(anonymous_1)
FNDA:30,(anonymous_2)
FNDA:29,(anonymous_3)
FNDA:10,(anonymous_4)
FNDA:16,(anonymous_5)
FNDA:10,(anonymous_6)
FNDA:23,(anonymous_7)
DA:1,1
DA:2,1
DA:3,1
DA:5,1
DA:7,1
DA:8,30
DA:14,1
DA:15,14
DA:16,14
DA:17,14
DA:21,0
DA:35,1
DA:36,30
DA:39,25
DA:40,5
DA:42,20
DA:45,25
DA:49,16
DA:51,16
DA:67,1
DA:68,29
DA:69,29
DA:70,29
DA:71,29
DA:73,29
DA:74,29
DA:76,29
DA:77,4124
DA:78,3903
DA:81,29
DA:84,25
DA:87,25
DA:88,25
DA:90,25
DA:91,4103
DA:92,221
DA:93,221
DA:94,3882
DA:95,432
DA:96,432
DA:98,3450
DA:102,25
DA:109,1
DA:110,10
DA:112,10
DA:113,10
DA:118,10
DA:120,16
DA:121,16
DA:122,16
DA:123,16
DA:126,16
DA:128,16
DA:130,0
DA:135,10
DA:136,10
DA:137,10
DA:139,0
DA:149,1
DA:150,23
DA:152,23
LF:61
LH:58
BRDA:18,0,0,14
BRDA:18,0,1,10
BRDA:35,1,0,19
BRDA:36,2,0,5
BRDA:39,3,0,5
BRDA:39,3,1,20
BRDA:45,4,0,9
BRDA:45,5,0,25
BRDA:45,5,1,14
BRDA:77,6,0,221
BRDA:77,6,1,3903
BRDA:78,7,0,432
BRDA:81,8,0,4
BRDA:81,9,0,29
BRDA:81,9,1,9
BRDA:91,10,0,221
BRDA:91,10,1,3882
BRDA:94,11,0,432
BRDA:94,11,1,3450
BRDA:121,12,0,16
BRDA:121,12,1,0
BRDA:123,13,0,9
BRDA:123,13,1,7
BRDA:136,14,0,1
BRDA:136,14,1,9
BRDA:154,15,0,23
BRDA:154,15,1,16
BRF:27
BRH:26
end_of_record
TN:
SF:src/binary-data/binary-data.config.ts
FN:12,(anonymous_3)
FN:36,(anonymous_4)
FNF:2
FNH:2
FNDA:2,(anonymous_3)
FNDA:6,(anonymous_4)
DA:1,13
DA:2,13
DA:3,13
DA:4,13
DA:6,13
DA:8,13
DA:10,13
DA:12,2
DA:16,13
DA:19,13
DA:23,13
DA:27,13
DA:34,13
DA:37,6
DA:38,6
LF:15
LH:15
BRF:0
BRH:0
end_of_record
TN:
SF:src/binary-data/binary-data.service.ts
FN:22,(anonymous_12)
FN:24,(anonymous_13)
FN:31,(anonymous_14)
FN:40,(anonymous_15)
FN:41,(anonymous_16)
FN:49,(anonymous_17)
FN:62,(anonymous_18)
FN:68,(anonymous_19)
FN:103,(anonymous_20)
FN:138,(anonymous_21)
FN:144,(anonymous_22)
FN:154,(anonymous_23)
FN:160,(anonymous_24)
FN:166,(anonymous_25)
FN:174,(anonymous_26)
FN:181,(anonymous_27)
FN:184,(anonymous_28)
FN:208,(anonymous_29)
FN:220,(anonymous_30)
FN:224,(anonymous_31)
FN:233,(anonymous_32)
FN:245,(anonymous_33)
FN:251,(anonymous_34)
FN:252,(anonymous_35)
FN:265,(anonymous_36)
FNF:25
FNH:9
FNDA:8,(anonymous_12)
FNDA:2,(anonymous_13)
FNDA:2,(anonymous_14)
FNDA:0,(anonymous_15)
FNDA:0,(anonymous_16)
FNDA:2,(anonymous_17)
FNDA:3,(anonymous_18)
FNDA:0,(anonymous_19)
FNDA:2,(anonymous_20)
FNDA:0,(anonymous_21)
FNDA:2,(anonymous_22)
FNDA:0,(anonymous_23)
FNDA:0,(anonymous_24)
FNDA:0,(anonymous_25)
FNDA:0,(anonymous_26)
FNDA:0,(anonymous_27)
FNDA:0,(anonymous_28)
FNDA:0,(anonymous_29)
FNDA:1,(anonymous_30)
FNDA:0,(anonymous_31)
FNDA:0,(anonymous_32)
FNDA:0,(anonymous_33)
FNDA:0,(anonymous_34)
FNDA:0,(anonymous_35)
FNDA:1,(anonymous_36)
DA:1,12
DA:2,12
DA:4,12
DA:6,12
DA:7,12
DA:10,12
DA:12,12
DA:13,12
DA:14,12
DA:17,12
DA:18,8
DA:20,8
DA:22,8
DA:25,2
DA:26,2
DA:28,2
DA:30,2
DA:31,4
DA:33,2
DA:34,2
DA:36,2
DA:39,2
DA:40,0
DA:41,0
DA:43,0
DA:45,0
DA:50,2
DA:51,1
DA:54,1
DA:58,1
DA:59,1
DA:63,3
DA:64,3
DA:65,1
DA:74,0
DA:76,0
DA:77,0
DA:78,0
DA:79,0
DA:81,0
DA:84,0
DA:89,0
DA:96,0
DA:97,0
DA:98,0
DA:100,0
DA:109,2
DA:111,2
DA:112,1
DA:113,1
DA:114,1
DA:116,1
DA:119,1
DA:124,1
DA:131,1
DA:132,1
DA:133,1
DA:135,1
DA:139,0
DA:141,0
DA:145,2
DA:146,1
DA:148,1
DA:151,1
DA:155,0
DA:157,0
DA:161,0
DA:163,0
DA:167,0
DA:169,0
DA:171,0
DA:179,0
DA:180,0
DA:182,0
DA:183,0
DA:185,0
DA:186,0
DA:193,0
DA:198,0
DA:202,0
DA:205,0
DA:209,0
DA:211,0
DA:213,0
DA:221,1
DA:229,0
DA:231,0
DA:232,0
DA:233,0
DA:234,0
DA:235,0
DA:238,0
DA:239,0
DA:240,0
DA:243,0
DA:245,0
DA:251,0
DA:252,0
DA:253,0
DA:254,0
DA:257,0
DA:262,0
DA:266,1
DA:268,1
DA:270,0
LF:105
LH:49
BRDA:26,0,0,0
BRDA:28,1,0,1
BRDA:28,1,1,1
BRDA:30,2,0,2
BRDA:39,3,0,0
BRDA:49,4,0,2
BRDA:50,5,0,1
BRDA:76,6,0,0
BRDA:111,7,0,1
BRDA:145,8,0,1
BRDA:169,9,0,0
BRDA:171,10,0,0
BRDA:179,11,0,0
BRDA:179,12,0,0
BRDA:179,12,1,0
BRDA:182,13,0,0
BRDA:185,14,0,0
BRDA:211,15,0,0
BRDA:231,16,0,0
BRDA:234,17,0,0
BRDA:239,18,0,0
BRDA:253,19,0,0
BRDA:253,20,0,0
BRDA:253,20,1,0
BRDA:268,21,0,1
BRF:25
BRH:8
end_of_record
TN:
SF:src/binary-data/file-system.manager.ts
FN:17,(anonymous_1)
FN:19,(anonymous_2)
FN:23,(anonymous_3)
FN:43,(anonymous_4)
FN:47,(anonymous_5)
FN:57,(anonymous_6)
FN:67,(anonymous_7)
FN:73,(anonymous_8)
FN:78,(anonymous_9)
FN:95,(anonymous_10)
FN:100,(anonymous_11)
FN:106,(anonymous_12)
FN:126,(anonymous_13)
FN:141,(anonymous_14)
FN:168,(anonymous_15)
FN:174,(anonymous_16)
FN:175,(anonymous_17)
FN:184,(anonymous_18)
FN:190,(anonymous_19)
FNF:19
FNH:19
FNDA:3,(anonymous_1)
FNDA:2,(anonymous_2)
FNDA:2,(anonymous_3)
FNDA:1,(anonymous_4)
FNDA:1,(anonymous_5)
FNDA:2,(anonymous_6)
FNDA:2,(anonymous_7)
FNDA:2,(anonymous_8)
FNDA:3,(anonymous_9)
FNDA:3,(anonymous_10)
FNDA:3,(anonymous_11)
FNDA:1,(anonymous_12)
FNDA:1,(anonymous_13)
FNDA:1,(anonymous_14)
FNDA:2,(anonymous_15)
FNDA:22,(anonymous_16)
FNDA:22,(anonymous_17)
FNDA:4,(anonymous_18)
FNDA:2,(anonymous_19)
DA:1,2
DA:2,2
DA:3,2
DA:4,2
DA:6,2
DA:9,2
DA:10,2
DA:11,2
DA:14,2
DA:16,2
DA:17,3
DA:20,2
DA:29,2
DA:30,2
DA:32,2
DA:34,2
DA:36,2
DA:38,2
DA:40,2
DA:44,1
DA:48,1
DA:50,1
DA:51,0
DA:54,1
DA:58,2
DA:60,2
DA:61,0
DA:64,2
DA:68,2
DA:70,2
DA:74,2
DA:78,3
DA:80,2
DA:81,2
DA:83,2
DA:84,4538
DA:86,4538
DA:87,0
DA:89,0
DA:95,2
DA:96,3
DA:99,2
DA:101,3
DA:112,1
DA:113,1
DA:115,1
DA:117,1
DA:119,1
DA:121,1
DA:123,1
DA:127,1
DA:128,1
DA:129,1
DA:130,1
DA:132,1
DA:134,1
DA:136,1
DA:138,1
DA:142,1
DA:143,1
DA:145,1
DA:147,1
DA:152,1
DA:153,1
DA:155,1
DA:169,2
DA:171,2
DA:175,22
DA:177,22
DA:178,0
DA:181,22
DA:185,4
DA:187,4
DA:191,2
DA:193,2
DA:194,2
DA:195,2
DA:197,0
LF:78
LH:72
BRDA:50,0,0,0
BRDA:60,1,0,0
BRDA:74,2,0,0
BRDA:86,3,0,0
BRDA:86,4,0,4538
BRDA:86,4,1,0
BRDA:169,5,0,0
BRDA:177,6,0,0
BRF:8
BRH:1
end_of_record
TN:
SF:src/binary-data/object-store.manager.ts
FN:12,(anonymous_3)
FN:14,(anonymous_4)
FN:18,(anonymous_5)
FN:32,(anonymous_6)
FN:36,(anonymous_7)
FN:40,(anonymous_8)
FN:44,(anonymous_9)
FN:59,(anonymous_10)
FN:72,(anonymous_11)
FN:86,(anonymous_12)
FN:98,(anonymous_13)
FNF:11
FNH:10
FNDA:1,(anonymous_3)
FNDA:0,(anonymous_4)
FNDA:1,(anonymous_5)
FNDA:1,(anonymous_6)
FNDA:1,(anonymous_7)
FNDA:1,(anonymous_8)
FNDA:1,(anonymous_9)
FNDA:1,(anonymous_10)
FNDA:1,(anonymous_11)
FNDA:1,(anonymous_12)
FNDA:3,(anonymous_13)
DA:1,1
DA:2,1
DA:4,1
DA:6,1
DA:8,1
DA:11,1
DA:12,1
DA:15,0
DA:24,1
DA:25,1
DA:27,1
DA:29,1
DA:33,1
DA:37,1
DA:41,1
DA:49,1
DA:51,1
DA:53,1
DA:54,1
DA:56,1
DA:60,1
DA:62,1
DA:64,1
DA:66,1
DA:78,1
DA:79,1
DA:81,1
DA:83,1
DA:87,1
DA:88,1
DA:90,1
DA:91,1
DA:99,3
DA:101,3
LF:34
LH:33
BRDA:53,0,0,1
BRDA:54,1,0,1
BRDA:99,2,0,0
BRF:3
BRH:2
end_of_record
TN:
SF:src/binary-data/utils.ts
FN:11,areConfigModes
FN:12,(anonymous_2)
FN:15,isStoredMode
FN:19,assertDir
FN:27,doesNotExist
FN:37,streamToBuffer
FN:38,(anonymous_7)
FN:40,(anonymous_8)
FN:41,(anonymous_9)
FN:42,(anonymous_10)
FN:51,binaryToBuffer
FNF:11
FNH:10
FNDA:2,areConfigModes
FNDA:4,(anonymous_2)
FNDA:0,isStoredMode
FNDA:7,assertDir
FNDA:3,doesNotExist
FNDA:21,streamToBuffer
FNDA:21,(anonymous_7)
FNDA:20,(anonymous_8)
FNDA:20,(anonymous_9)
FNDA:1,(anonymous_10)
FNDA:32,binaryToBuffer
DA:1,19
DA:2,19
DA:7,19
DA:9,19
DA:11,19
DA:12,4
DA:15,19
DA:16,0
DA:19,19
DA:20,7
DA:21,7
DA:23,1
DA:27,19
DA:28,3
DA:29,3
DA:30,3
DA:32,0
DA:37,19
DA:38,21
DA:39,21
DA:40,21
DA:41,21
DA:42,21
DA:43,1
DA:44,1
DA:45,0
DA:51,19
DA:52,32
DA:53,20
LF:29
LH:26
BRDA:43,0,0,1
BRDA:43,0,1,0
BRDA:43,1,0,1
BRDA:43,1,1,1
BRDA:52,2,0,12
BRF:5
BRH:4
end_of_record
TN:
SF:src/binary-data/object-store/object-store.config.ts
FN:9,(anonymous_2)
FN:20,(anonymous_3)
FN:39,(anonymous_4)
FNF:3
FNH:0
FNDA:0,(anonymous_2)
FNDA:0,(anonymous_3)
FNDA:0,(anonymous_4)
DA:1,2
DA:2,2
DA:4,2
DA:9,2
DA:12,2
DA:16,2
DA:20,2
DA:23,2
DA:27,2
DA:35,2
DA:39,2
DA:45,2
DA:48,2
DA:51,2
DA:54,2
LF:15
LH:15
BRF:0
BRH:0
end_of_record
TN:
SF:src/binary-data/object-store/object-store.service.ee.ts
FN:36,(anonymous_2)
FN:52,(anonymous_3)
FN:72,(anonymous_4)
FN:77,(anonymous_5)
FN:84,(anonymous_6)
FN:99,(anonymous_7)
FN:130,(anonymous_8)
FN:156,(anonymous_9)
FN:176,(anonymous_10)
FN:191,(anonymous_11)
FN:208,(anonymous_12)
FN:217,(anonymous_13)
FN:236,(anonymous_14)
FN:262,(anonymous_15)
FN:279,(anonymous_16)
FNF:15
FNH:15
FNDA:24,(anonymous_2)
FNDA:27,(anonymous_3)
FNDA:24,(anonymous_4)
FNDA:26,(anonymous_5)
FNDA:26,(anonymous_6)
FNDA:3,(anonymous_7)
FNDA:3,(anonymous_8)
FNDA:2,(anonymous_9)
FNDA:1,(anonymous_10)
FNDA:2,(anonymous_11)
FNDA:3,(anonymous_12)
FNDA:2,(anonymous_13)
FNDA:3,(anonymous_14)
FNDA:3,(anonymous_15)
FNDA:1,(anonymous_16)
DA:7,2
DA:17,2
DA:18,2
DA:19,2
DA:20,2
DA:21,2
DA:23,2
DA:26,2
DA:29,2
DA:32,24
DA:37,24
DA:38,24
DA:40,24
DA:41,24
DA:42,0
DA:47,24
DA:48,24
DA:53,27
DA:54,27
DA:55,27
DA:56,27
DA:57,3
DA:58,3
DA:60,27
DA:61,27
DA:63,27
DA:64,5
DA:69,27
DA:73,24
DA:74,24
DA:78,26
DA:85,26
DA:87,26
DA:88,26
DA:89,26
DA:90,26
DA:92,1
DA:100,3
DA:101,3
DA:109,3
DA:110,3
DA:113,3
DA:114,3
DA:117,3
DA:118,3
DA:119,3
DA:121,1
DA:131,3
DA:133,3
DA:138,3
DA:139,3
DA:140,2
DA:142,2
DA:143,1
DA:144,0
DA:147,1
DA:149,1
DA:157,2
DA:158,2
DA:163,2
DA:164,2
DA:167,1
DA:169,1
DA:170,1
DA:171,1
DA:172,1
DA:175,1
DA:176,1
DA:177,1
DA:182,1
DA:184,1
DA:192,2
DA:193,2
DA:198,2
DA:199,2
DA:201,1
DA:209,3
DA:210,3
DA:212,3
DA:214,2
DA:217,2
DA:221,2
DA:226,2
DA:227,2
DA:229,1
DA:237,3
DA:238,3
DA:241,3
DA:242,3
DA:243,4
DA:245,3
DA:246,3
DA:249,3
DA:250,3
DA:253,2
DA:255,1
DA:263,3
DA:264,3
DA:269,3
DA:270,1
DA:273,3
DA:274,3
DA:275,3
DA:279,2
DA:287,2
DA:293,1
LF:106
LH:104
BRDA:41,0,0,0
BRDA:55,1,0,3
BRDA:55,1,1,24
BRDA:56,2,0,3
BRDA:60,3,0,27
BRDA:63,4,0,5
BRDA:85,5,0,0
BRDA:99,6,0,0
BRDA:109,7,0,3
BRDA:113,8,0,3
BRDA:140,9,0,0
BRDA:142,10,0,1
BRDA:143,11,0,1
BRDA:169,12,0,1
BRDA:170,13,0,1
BRDA:171,14,0,1
BRDA:172,15,0,1
BRDA:175,16,0,1
BRDA:178,17,0,1
BRDA:178,17,1,0
BRDA:212,18,0,1
BRDA:245,19,0,3
BRDA:269,20,0,1
BRDA:279,21,0,2
BRDA:279,21,1,0
BRDA:280,22,0,1
BRDA:280,22,1,0
BRDA:281,23,0,1
BRDA:281,23,1,0
BRDA:282,24,0,1
BRDA:282,24,1,0
BRDA:283,25,0,1
BRDA:283,25,1,0
BRDA:284,26,0,1
BRDA:284,26,1,0
BRDA:289,27,0,2
BRDA:289,27,1,0
BRF:37
BRH:25
end_of_record
TN:
SF:src/encryption/cipher.ts
FN:11,(anonymous_2)
FN:13,(anonymous_3)
FN:21,(anonymous_4)
FN:31,(anonymous_5)
FNF:4
FNH:4
FNDA:2,(anonymous_2)
FNDA:12,(anonymous_3)
FNDA:19,(anonymous_4)
FNDA:30,(anonymous_5)
DA:1,2
DA:2,2
DA:4,2
DA:7,2
DA:10,2
DA:11,2
DA:14,12
DA:15,12
DA:16,12
DA:17,12
DA:18,12
DA:22,19
DA:23,19
DA:24,18
DA:25,18
DA:26,18
DA:27,18
DA:28,18
DA:32,30
DA:33,30
DA:34,30
DA:35,30
DA:38,30
DA:41,30
DA:42,30
LF:25
LH:25
BRDA:17,0,0,2
BRDA:17,0,1,10
BRDA:23,1,0,1
BRF:3
BRH:3
end_of_record
TN:
SF:src/errors/disallowed-filepath.error.ts
FN:4,(anonymous_0)
FNF:1
FNH:0
FNDA:0,(anonymous_0)
DA:1,7
DA:3,7
DA:5,0
LF:3
LH:2
BRF:0
BRH:0
end_of_record
TN:
SF:src/errors/error-reporter.ts
FN:42,(anonymous_11)
FN:47,(anonymous_12)
FN:73,(anonymous_13)
FN:75,(anonymous_14)
FN:79,(anonymous_15)
FN:90,(anonymous_16)
FN:96,(anonymous_17)
FN:101,(anonymous_18)
FN:119,(anonymous_19)
FN:120,(anonymous_20)
FN:133,(anonymous_21)
FN:151,(anonymous_22)
FN:153,(anonymous_23)
FN:154,(anonymous_24)
FN:172,(anonymous_25)
FN:176,(anonymous_26)
FN:182,(anonymous_27)
FN:229,(anonymous_28)
FN:235,(anonymous_29)
FN:239,(anonymous_30)
FN:243,(anonymous_31)
FN:250,(anonymous_32)
FN:254,(anonymous_33)
FN:258,(anonymous_34)
FN:262,(anonymous_35)
FNF:25
FNH:10
FNDA:10,(anonymous_11)
FNDA:5,(anonymous_12)
FNDA:0,(anonymous_13)
FNDA:0,(anonymous_14)
FNDA:0,(anonymous_15)
FNDA:0,(anonymous_16)
FNDA:0,(anonymous_17)
FNDA:0,(anonymous_18)
FNDA:0,(anonymous_19)
FNDA:0,(anonymous_20)
FNDA:0,(anonymous_21)
FNDA:0,(anonymous_22)
FNDA:0,(anonymous_23)
FNDA:0,(anonymous_24)
FNDA:0,(anonymous_25)
FNDA:20,(anonymous_26)
FNDA:2,(anonymous_27)
FNDA:5,(anonymous_28)
FNDA:0,(anonymous_29)
FNDA:0,(anonymous_30)
FNDA:5,(anonymous_31)
FNDA:14,(anonymous_32)
FNDA:3,(anonymous_33)
FNDA:7,(anonymous_34)
FNDA:6,(anonymous_35)
DA:1,6
DA:3,6
DA:8,6
DA:9,6
DA:10,6
DA:26,6
DA:27,6
DA:29,6
DA:32,6
DA:36,10
DA:42,10
DA:44,10
DA:48,5
DA:49,5
DA:51,5
DA:52,5
DA:54,5
DA:55,5
DA:56,5
DA:57,5
DA:58,5
DA:59,4
DA:61,5
DA:63,5
DA:65,5
DA:66,4
DA:68,5
DA:74,0
DA:75,0
DA:76,0
DA:88,0
DA:90,0
DA:91,0
DA:94,0
DA:95,0
DA:96,0
DA:97,0
DA:98,0
DA:99,0
DA:101,0
DA:103,0
DA:104,0
DA:106,0
DA:108,0
DA:111,0
DA:114,0
DA:117,0
DA:119,0
DA:120,0
DA:122,0
DA:131,0
DA:132,0
DA:133,0
DA:134,0
DA:136,0
DA:145,0
DA:151,0
DA:153,0
DA:154,0
DA:170,0
DA:172,0
DA:173,0
DA:177,20
DA:179,20
DA:181,18
DA:182,2
DA:185,18
DA:191,1
DA:194,17
DA:196,15
DA:197,3
DA:199,2
DA:202,14
DA:203,12
DA:204,7
DA:206,4
DA:209,9
DA:217,1
DA:220,8
DA:221,8
DA:222,8
DA:223,7
DA:226,7
DA:230,5
DA:231,5
DA:232,5
DA:236,0
DA:240,0
DA:244,5
DA:245,0
DA:246,0
DA:251,14
DA:254,3
DA:259,7
DA:266,6
DA:267,6
DA:268,6
DA:269,6
LF:98
LH:59
BRDA:48,0,0,5
BRDA:51,1,0,5
BRDA:51,1,1,2
BRDA:52,2,0,0
BRDA:52,2,1,5
BRDA:57,3,0,5
BRDA:57,4,0,5
BRDA:57,4,1,0
BRDA:58,5,0,4
BRDA:58,6,0,5
BRDA:58,6,1,4
BRDA:65,7,0,4
BRDA:65,8,0,5
BRDA:65,8,1,3
BRDA:73,9,0,0
BRDA:88,10,0,0
BRDA:94,11,0,0
BRDA:97,12,0,0
BRDA:103,13,0,0
BRDA:103,13,1,0
BRDA:114,14,0,0
BRDA:140,15,0,0
BRDA:140,15,1,0
BRDA:166,16,0,0
BRDA:166,16,1,0
BRDA:179,17,0,2
BRDA:181,18,0,2
BRDA:185,19,0,1
BRDA:194,20,0,2
BRDA:196,21,0,3
BRDA:197,22,0,1
BRDA:202,23,0,2
BRDA:203,24,0,7
BRDA:203,25,0,12
BRDA:203,25,1,7
BRDA:204,26,0,3
BRDA:209,27,0,1
BRDA:210,28,0,9
BRDA:210,28,1,9
BRDA:210,28,2,1
BRDA:210,28,3,1
BRDA:210,28,4,1
BRDA:210,28,5,0
BRDA:220,29,0,8
BRDA:220,30,0,8
BRDA:220,30,1,8
BRDA:222,31,0,1
BRDA:230,32,0,0
BRDA:232,33,0,5
BRDA:244,34,0,5
BRDA:245,35,0,0
BRDA:252,36,0,14
BRDA:252,36,1,14
BRDA:252,36,2,2
BRDA:259,37,0,7
BRDA:259,37,1,4
BRDA:268,38,0,3
BRDA:269,39,0,6
BRF:58
BRH:42
end_of_record
TN:
SF:src/errors/file-not-found.error.ts
FN:4,(anonymous_0)
FNF:1
FNH:0
FNDA:0,(anonymous_0)
DA:1,7
DA:3,7
DA:5,0
LF:3
LH:2
BRF:0
BRH:0
end_of_record
TN:
SF:src/errors/index.ts
FN:1,(anonymous_0)
FN:2,(anonymous_1)
FN:3,(anonymous_2)
FN:4,(anonymous_3)
FN:5,(anonymous_4)
FN:6,(anonymous_5)
FN:7,(anonymous_6)
FN:9,(anonymous_7)
FNF:8
FNH:1
FNDA:0,(anonymous_0)
FNDA:0,(anonymous_1)
FNDA:0,(anonymous_2)
FNDA:0,(anonymous_3)
FNDA:0,(anonymous_4)
FNDA:0,(anonymous_5)
FNDA:0,(anonymous_6)
FNDA:5,(anonymous_7)
DA:1,5
DA:2,5
DA:3,5
DA:4,5
DA:5,5
DA:6,5
DA:7,5
DA:9,10
LF:8
LH:8
BRF:0
BRH:0
end_of_record
TN:
SF:src/errors/invalid-execution-metadata.error.ts
FN:4,(anonymous_0)
FNF:1
FNH:1
FNDA:6,(anonymous_0)
DA:1,15
DA:3,15
DA:5,6
DA:11,6
LF:4
LH:4
BRDA:11,0,0,6
BRDA:11,0,1,3
BRF:2
BRH:2
end_of_record
TN:
SF:src/errors/invalid-manager.error.ts
FN:4,(anonymous_0)
FNF:1
FNH:0
FNDA:0,(anonymous_0)
DA:1,15
DA:3,15
DA:5,0
LF:3
LH:2
BRF:0
BRH:0
end_of_record
TN:
SF:src/errors/invalid-mode.error.ts
FN:6,(anonymous_0)
FNF:1
FNH:0
FNDA:0,(anonymous_0)
DA:1,15
DA:3,15
DA:5,15
DA:7,0
LF:4
LH:3
BRF:0
BRH:0
end_of_record
TN:
SF:src/errors/unrecognized-credential-type.error.ts
FN:4,(anonymous_0)
FNF:1
FNH:0
FNDA:0,(anonymous_0)
DA:1,5
DA:3,5
DA:5,0
LF:3
LH:2
BRF:0
BRH:0
end_of_record
TN:
SF:src/errors/unrecognized-node-type.error.ts
FN:4,(anonymous_0)
FNF:1
FNH:0
FNDA:0,(anonymous_0)
DA:1,5
DA:3,5
DA:5,0
LF:3
LH:2
BRF:0
BRH:0
end_of_record
TN:
SF:src/errors/abstract/binary-data.error.ts
FNF:0
FNH:0
DA:1,15
DA:3,15
LF:2
LH:2
BRF:0
BRH:0
end_of_record
TN:
SF:src/errors/abstract/filesystem.error.ts
FN:4,(anonymous_0)
FNF:1
FNH:0
FNDA:0,(anonymous_0)
DA:1,7
DA:3,7
DA:5,0
LF:3
LH:2
BRF:0
BRH:0
end_of_record
TN:
SF:src/execution-engine/active-workflows.ts
FN:30,(anonymous_2)
FN:42,(anonymous_3)
FN:49,(anonymous_4)
FN:56,(anonymous_5)
FN:67,(anonymous_6)
FN:138,(anonymous_7)
FN:155,(anonymous_8)
FN:200,(anonymous_9)
FN:218,(anonymous_10)
FN:232,(anonymous_11)
FNF:10
FNH:10
FNDA:16,(anonymous_2)
FNDA:14,(anonymous_3)
FNDA:2,(anonymous_4)
FNDA:2,(anonymous_5)
FNDA:14,(anonymous_6)
FNDA:6,(anonymous_7)
FNDA:7,(anonymous_8)
FNDA:5,(anonymous_9)
FNDA:1,(anonymous_10)
FNDA:4,(anonymous_11)
DA:1,1
DA:2,1
DA:13,1
DA:21,1
DA:25,1
DA:26,1
DA:29,1
DA:31,16
DA:32,16
DA:33,16
DA:34,16
DA:37,16
DA:43,14
DA:50,2
DA:57,2
DA:76,14
DA:78,14
DA:80,14
DA:81,9
DA:82,9
DA:90,8
DA:91,8
DA:94,1
DA:96,1
DA:103,13
DA:105,13
DA:107,13
DA:109,6
DA:110,6
DA:111,6
DA:121,3
DA:122,3
DA:125,3
DA:127,3
DA:146,6
DA:148,6
DA:153,6
DA:155,6
DA:156,7
DA:161,7
DA:162,7
DA:164,4
DA:165,3
DA:171,3
DA:172,2
DA:174,1
DA:179,6
DA:181,4
DA:182,4
DA:183,1
DA:186,3
DA:193,3
DA:201,5
DA:202,1
DA:203,1
DA:206,4
DA:208,4
DA:209,4
DA:210,4
DA:213,3
DA:215,3
DA:219,1
DA:221,1
DA:223,1
DA:224,1
DA:227,1
DA:233,4
DA:235,4
DA:236,4
DA:238,2
DA:239,1
DA:242,1
DA:243,1
DA:246,1
DA:248,1
LF:75
LH:75
BRDA:90,0,0,8
BRDA:94,1,0,1
BRDA:94,1,1,0
BRDA:107,2,0,7
BRDA:121,3,0,3
BRDA:125,4,0,3
BRDA:125,4,1,0
BRDA:153,5,0,6
BRDA:153,5,1,0
BRDA:155,6,0,1
BRDA:164,7,0,3
BRDA:171,8,0,2
BRDA:182,9,0,1
BRDA:201,10,0,1
BRDA:209,11,0,4
BRDA:209,11,1,0
BRDA:221,12,0,0
BRDA:233,13,0,0
BRDA:238,14,0,1
BRDA:246,15,0,1
BRDA:246,15,1,0
BRF:21
BRH:14
end_of_record
TN:
SF:src/execution-engine/execution-lifecycle-hooks.ts
FN:94,(anonymous_0)
FN:100,(anonymous_1)
FN:108,(anonymous_2)
FNF:3
FNH:3
FNDA:11,(anonymous_0)
FNDA:12,(anonymous_1)
FNDA:12,(anonymous_2)
DA:83,2
DA:84,11
DA:95,11
DA:96,11
DA:97,11
DA:105,12
DA:114,12
DA:115,12
DA:116,14
DA:120,14
LF:10
LH:10
BRF:0
BRH:0
end_of_record
TN:
SF:src/execution-engine/external-secrets-proxy.ts
FN:16,(anonymous_1)
FN:20,(anonymous_2)
FN:24,(anonymous_3)
FN:28,(anonymous_4)
FN:32,(anonymous_5)
FN:36,(anonymous_6)
FN:40,(anonymous_7)
FNF:7
FNH:7
FNDA:6,(anonymous_1)
FNDA:2,(anonymous_2)
FNDA:2,(anonymous_3)
FNDA:2,(anonymous_4)
FNDA:2,(anonymous_5)
FNDA:2,(anonymous_6)
FNDA:2,(anonymous_7)
DA:1,1
DA:13,1
DA:17,6
DA:21,2
DA:25,2
DA:29,2
DA:33,2
DA:37,2
DA:41,2
LF:9
LH:9
BRDA:29,0,0,2
BRDA:29,0,1,1
BRDA:33,1,0,2
BRDA:33,1,1,1
BRDA:37,2,0,2
BRDA:37,2,1,1
BRDA:41,3,0,2
BRDA:41,3,1,1
BRF:8
BRH:8
end_of_record
TN:
SF:src/execution-engine/scheduled-task-manager.ts
FN:22,(anonymous_2)
FN:27,(anonymous_3)
FN:34,(anonymous_4)
FN:44,(anonymous_5)
FN:50,(anonymous_6)
FN:77,(anonymous_7)
FN:109,(anonymous_8)
FN:130,(anonymous_9)
FN:139,(anonymous_10)
FN:155,(anonymous_11)
FNF:10
FNH:9
FNDA:6,(anonymous_2)
FNDA:4,(anonymous_3)
FNDA:11,(anonymous_4)
FNDA:4,(anonymous_5)
FNDA:9,(anonymous_6)
FNDA:20,(anonymous_7)
FNDA:1,(anonymous_8)
FNDA:0,(anonymous_9)
FNDA:9,(anonymous_10)
FNDA:37,(anonymous_11)
DA:1,5
DA:2,5
DA:3,5
DA:4,5
DA:5,5
DA:8,5
DA:9,5
DA:16,5
DA:17,11
DA:23,6
DA:25,6
DA:26,4
DA:27,4
DA:31,6
DA:35,11
DA:36,11
DA:38,11
DA:40,11
DA:42,11
DA:44,8
DA:45,4
DA:46,2
DA:51,9
DA:53,9
DA:57,9
DA:58,9
DA:60,9
DA:61,1
DA:72,1
DA:75,8
DA:78,20
DA:80,10
DA:87,10
DA:94,6
DA:96,6
DA:97,4
DA:99,2
DA:102,6
DA:110,1
DA:112,1
DA:114,1
DA:116,1
DA:117,3
DA:118,3
DA:121,1
DA:123,1
DA:131,0
DA:132,0
DA:135,0
DA:136,0
DA:140,9
DA:141,9
DA:153,9
DA:156,37
DA:157,37
DA:160,9
LF:56
LH:52
BRDA:42,0,0,3
BRDA:45,1,0,2
BRDA:53,2,0,0
BRDA:53,2,1,9
BRDA:60,3,0,1
BRDA:78,4,0,10
BRDA:96,5,0,4
BRDA:96,5,1,2
BRDA:112,6,0,0
BRDA:112,7,0,1
BRDA:112,7,1,1
BRDA:141,8,0,8
BRDA:141,8,1,1
BRDA:146,9,0,1
BRDA:146,9,1,0
BRF:15
BRH:12
end_of_record
TN:
SF:src/execution-engine/ssh-clients-manager.ts
FN:10,(anonymous_2)
FN:16,(anonymous_3)
FN:17,(anonymous_4)
FN:61,(anonymous_5)
FN:66,(anonymous_6)
FN:69,(anonymous_7)
FN:74,(anonymous_8)
FN:94,(anonymous_9)
FN:119,(anonymous_10)
FN:121,(anonymous_11)
FN:143,(anonymous_12)
FN:144,(anonymous_13)
FN:148,(anonymous_14)
FN:152,(anonymous_15)
FN:156,(anonymous_16)
FN:166,(anonymous_17)
FN:177,(anonymous_18)
FN:185,(anonymous_19)
FNF:18
FNH:18
FNDA:9,(anonymous_2)
FNDA:4,(anonymous_3)
FNDA:4,(anonymous_4)
FNDA:23,(anonymous_5)
FNDA:6,(anonymous_6)
FNDA:16,(anonymous_7)
FNDA:1,(anonymous_8)
FNDA:21,(anonymous_9)
FNDA:14,(anonymous_10)
FNDA:13,(anonymous_11)
FNDA:14,(anonymous_12)
FNDA:1,(anonymous_13)
FNDA:1,(anonymous_14)
FNDA:1,(anonymous_15)
FNDA:14,(anonymous_16)
FNDA:27,(anonymous_17)
FNDA:23,(anonymous_18)
FNDA:16,(anonymous_19)
DA:1,8
DA:2,8
DA:3,8
DA:5,8
DA:6,8
DA:7,8
DA:10,8
DA:16,4
DA:18,4
DA:19,1
DA:25,3
DA:26,2
DA:36,9
DA:54,8
DA:55,23
DA:57,23
DA:62,23
DA:63,23
DA:66,23
DA:69,23
DA:71,23
DA:75,1
DA:77,1
DA:78,1
DA:80,1
DA:81,1
DA:84,0
DA:86,0
DA:87,0
DA:95,21
DA:97,21
DA:98,21
DA:110,21
DA:112,21
DA:113,21
DA:114,7
DA:115,7
DA:118,14
DA:119,14
DA:120,14
DA:121,14
DA:122,13
DA:123,13
DA:125,14
DA:128,14
DA:134,14
DA:136,14
DA:144,14
DA:145,1
DA:146,1
DA:148,14
DA:149,1
DA:150,1
DA:152,14
DA:153,1
DA:154,1
DA:156,14
DA:157,14
DA:160,14
DA:163,14
DA:167,27
DA:168,27
DA:169,14
DA:170,14
DA:171,14
DA:172,13
DA:178,23
DA:179,23
DA:180,23
DA:181,6
DA:186,16
DA:187,16
DA:189,16
DA:190,16
DA:191,28
DA:192,4
DA:193,4
LF:77
LH:74
BRDA:18,0,0,1
BRDA:25,1,0,2
BRDA:77,2,0,1
BRDA:77,2,1,0
BRDA:80,3,0,1
BRDA:95,4,0,21
BRDA:95,4,1,17
BRDA:102,5,0,21
BRDA:102,5,1,0
BRDA:106,6,0,0
BRDA:106,6,1,0
BRDA:113,7,0,7
BRDA:168,8,0,14
BRDA:171,9,0,13
BRDA:187,10,0,0
BRDA:191,11,0,4
BRF:16
BRH:11
end_of_record
TN:
SF:src/execution-engine/triggers-and-pollers.ts
FN:25,(anonymous_2)
FN:50,(anonymous_3)
FN:54,(anonymous_4)
FN:60,(anonymous_5)
FN:64,(anonymous_6)
FN:70,(anonymous_7)
FN:75,(anonymous_8)
FN:90,(anonymous_9)
FNF:8
FNH:7
FNDA:6,(anonymous_2)
FNDA:4,(anonymous_3)
FNDA:3,(anonymous_4)
FNDA:3,(anonymous_5)
FNDA:1,(anonymous_6)
FNDA:1,(anonymous_7)
FNDA:0,(anonymous_8)
FNDA:4,(anonymous_9)
DA:1,2
DA:2,2
DA:16,2
DA:21,2
DA:33,6
DA:35,6
DA:37,6
DA:38,1
DA:44,5
DA:47,4
DA:50,4
DA:51,4
DA:52,4
DA:54,4
DA:59,3
DA:60,3
DA:63,3
DA:64,1
DA:67,3
DA:70,4
DA:74,1
DA:75,0
DA:77,1
DA:81,4
DA:84,1
DA:95,4
DA:97,4
DA:98,1
DA:104,3
LF:29
LH:28
BRDA:37,0,0,1
BRDA:44,1,0,4
BRDA:59,2,0,2
BRDA:63,3,0,1
BRDA:74,4,0,0
BRDA:97,5,0,1
BRF:6
BRH:5
end_of_record
TN:
SF:src/execution-engine/node-execution-context/base-execute-context.ts
FN:40,(anonymous_1)
FN:55,(anonymous_2)
FN:59,(anonymous_3)
FN:60,(anonymous_4)
FN:67,(anonymous_5)
FN:71,(anonymous_6)
FN:78,(anonymous_7)
FN:83,(anonymous_8)
FN:93,(anonymous_9)
FN:105,(anonymous_10)
FN:112,(anonymous_11)
FN:145,(anonymous_12)
FN:149,(anonymous_13)
FN:167,(anonymous_14)
FN:175,(anonymous_15)
FN:190,(anonymous_16)
FN:196,(anonymous_17)
FN:221,(anonymous_18)
FNF:18
FNH:17
FNDA:209,(anonymous_1)
FNDA:3,(anonymous_2)
FNDA:3,(anonymous_3)
FNDA:3,(anonymous_4)
FNDA:8,(anonymous_5)
FNDA:3,(anonymous_6)
FNDA:3,(anonymous_7)
FNDA:15,(anonymous_8)
FNDA:3,(anonymous_9)
FNDA:9,(anonymous_10)
FNDA:6,(anonymous_11)
FNDA:0,(anonymous_12)
FNDA:10,(anonymous_13)
FNDA:6,(anonymous_14)
FNDA:3,(anonymous_15)
FNDA:4,(anonymous_16)
FNDA:15,(anonymous_17)
FNDA:3,(anonymous_18)
DA:1,5
DA:2,5
DA:25,5
DA:33,5
DA:35,5
DA:37,5
DA:38,209
DA:45,209
DA:47,209
DA:48,209
DA:49,209
DA:50,209
DA:52,209
DA:56,3
DA:60,3
DA:61,3
DA:62,3
DA:64,3
DA:68,8
DA:72,3
DA:79,3
DA:84,15
DA:86,15
DA:87,4
DA:90,11
DA:97,3
DA:106,9
DA:107,9
DA:108,9
DA:121,6
DA:131,6
DA:134,6
DA:137,6
DA:142,6
DA:146,0
DA:150,10
DA:151,10
DA:152,2
DA:157,8
DA:158,8
DA:159,3
DA:164,5
DA:168,6
DA:170,3
DA:172,3
DA:176,3
DA:191,4
DA:192,0
DA:194,4
DA:195,4
DA:196,4
DA:199,15
DA:203,15
DA:204,15
DA:207,15
DA:210,4
DA:217,0
DA:222,3
LF:58
LH:55
BRDA:73,0,0,3
BRDA:73,0,1,0
BRDA:86,1,0,4
BRDA:107,2,0,9
BRDA:131,3,0,6
BRDA:151,4,0,2
BRDA:158,5,0,3
BRDA:167,6,0,6
BRDA:167,7,0,6
BRDA:168,8,0,3
BRDA:191,9,0,0
BRDA:195,10,0,4
BRDA:199,11,0,0
BRDA:199,12,0,15
BRDA:199,12,1,15
BRDA:199,12,2,4
BRDA:199,12,3,0
BRDA:199,12,4,0
BRDA:199,12,5,0
BRDA:203,13,0,0
BRDA:203,14,0,15
BRDA:203,14,1,15
BRDA:203,14,2,4
BRDA:203,14,3,0
BRDA:203,14,4,0
BRDA:204,15,0,0
BRDA:223,16,0,3
BRDA:223,16,1,0
BRDA:225,17,0,3
BRDA:225,17,1,0
BRDA:227,18,0,3
BRDA:227,18,1,0
BRF:32
BRH:19
end_of_record
TN:
SF:src/execution-engine/node-execution-context/execute-context.ts
FN:57,(anonymous_0)
FN:101,(anonymous_1)
FN:103,(anonymous_2)
FN:105,(anonymous_3)
FN:109,(anonymous_4)
FN:119,(anonymous_5)
FN:133,(anonymous_6)
FN:148,(anonymous_7)
FN:173,(anonymous_8)
FN:198,(anonymous_9)
FN:219,(anonymous_10)
FN:227,(anonymous_11)
FN:229,(anonymous_12)
FN:244,(anonymous_13)
FN:249,(anonymous_14)
FN:254,(anonymous_15)
FN:258,(anonymous_16)
FN:262,(anonymous_17)
FNF:18
FNH:7
FNDA:131,(anonymous_0)
FNDA:0,(anonymous_1)
FNDA:0,(anonymous_2)
FNDA:0,(anonymous_3)
FNDA:0,(anonymous_4)
FNDA:7,(anonymous_5)
FNDA:0,(anonymous_6)
FNDA:3,(anonymous_7)
FNDA:0,(anonymous_8)
FNDA:126,(anonymous_9)
FNDA:4,(anonymous_10)
FNDA:1,(anonymous_11)
FNDA:3,(anonymous_12)
FNDA:0,(anonymous_13)
FNDA:0,(anonymous_14)
FNDA:0,(anonymous_15)
FNDA:0,(anonymous_16)
FNDA:0,(anonymous_17)
DA:22,2
DA:30,2
DA:31,2
DA:38,2
DA:39,2
DA:40,2
DA:41,2
DA:42,2
DA:43,2
DA:44,2
DA:45,2
DA:46,2
DA:48,2
DA:55,131
DA:67,131
DA:70,131
DA:83,131
DA:102,0
DA:104,0
DA:105,0
DA:108,131
DA:110,0
DA:119,131
DA:125,7
DA:135,0
DA:136,0
DA:139,0
DA:142,0
DA:143,0
DA:145,0
DA:153,3
DA:154,3
DA:162,3
DA:164,3
DA:170,3
DA:178,0
DA:202,126
DA:220,4
DA:222,1
DA:224,3
DA:228,1
DA:229,1
DA:230,3
DA:232,1
DA:233,1
DA:236,0
DA:237,0
DA:245,0
DA:250,0
DA:255,0
DA:259,0
DA:263,0
LF:52
LH:34
BRDA:136,0,0,0
BRDA:136,0,1,0
BRDA:145,1,0,0
BRDA:145,1,1,0
BRDA:145,1,2,0
BRDA:162,2,0,2
BRDA:162,2,1,1
BRDA:219,3,0,0
BRDA:219,4,0,0
BRDA:220,5,0,1
BRDA:224,6,0,3
BRDA:224,6,1,0
BRDA:228,7,0,1
BRDA:230,8,0,2
BRDA:230,8,1,1
BRDA:236,9,0,0
BRF:16
BRH:7
end_of_record
TN:
SF:src/execution-engine/node-execution-context/execute-single-context.ts
FN:29,(anonymous_0)
FN:67,(anonymous_1)
FN:69,(anonymous_2)
FN:71,(anonymous_3)
FN:75,(anonymous_4)
FN:79,(anonymous_5)
FN:97,(anonymous_6)
FN:101,(anonymous_7)
FN:105,(anonymous_8)
FN:109,(anonymous_9)
FNF:10
FNH:7
FNDA:1,(anonymous_0)
FNDA:0,(anonymous_1)
FNDA:0,(anonymous_2)
FNDA:0,(anonymous_3)
FNDA:1,(anonymous_4)
FNDA:5,(anonymous_5)
FNDA:1,(anonymous_6)
FNDA:2,(anonymous_7)
FNDA:1,(anonymous_8)
FNDA:1,(anonymous_9)
DA:14,1
DA:16,1
DA:17,1
DA:23,1
DA:24,1
DA:26,1
DA:38,1
DA:42,1
DA:55,1
DA:68,0
DA:70,0
DA:71,0
DA:76,1
DA:80,5
DA:82,1
DA:85,4
DA:87,3
DA:88,3
DA:89,2
DA:94,1
DA:98,1
DA:102,2
DA:106,1
DA:110,1
LF:24
LH:21
BRDA:67,0,0,0
BRDA:69,1,0,0
BRDA:75,2,0,0
BRDA:79,3,0,0
BRDA:79,4,0,0
BRDA:80,5,0,1
BRDA:88,6,0,2
BRF:7
BRH:2
end_of_record
TN:
SF:src/execution-engine/node-execution-context/hook-context.ts
FN:21,(anonymous_0)
FN:34,(anonymous_1)
FN:38,(anonymous_2)
FN:42,(anonymous_3)
FN:54,(anonymous_4)
FN:61,(anonymous_5)
FNF:6
FNH:6
FNDA:2,(anonymous_0)
FNDA:1,(anonymous_1)
FNDA:1,(anonymous_2)
FNDA:1,(anonymous_3)
FNDA:2,(anonymous_4)
FNDA:1,(anonymous_5)
DA:1,1
DA:14,1
DA:15,1
DA:16,1
DA:18,1
DA:26,2
DA:27,2
DA:29,2
DA:31,2
DA:35,1
DA:39,1
DA:43,1
DA:55,2
DA:56,1
DA:58,1
DA:62,1
LF:16
LH:16
BRDA:55,0,0,1
BRF:1
BRH:1
end_of_record
TN:
SF:src/execution-engine/node-execution-context/load-options-context.ts
FN:20,(anonymous_1)
FN:34,(anonymous_2)
FN:38,(anonymous_3)
FN:67,(anonymous_4)
FNF:4
FNH:3
FNDA:1,(anonymous_1)
FNDA:1,(anonymous_2)
FNDA:1,(anonymous_3)
FNDA:0,(anonymous_4)
DA:1,1
DA:12,1
DA:13,1
DA:14,1
DA:15,1
DA:17,1
DA:24,1
DA:26,1
DA:28,1
DA:35,1
DA:42,1
DA:44,1
DA:45,0
DA:48,1
DA:51,1
DA:52,0
DA:56,0
DA:64,1
DA:68,0
LF:19
LH:15
BRDA:44,0,0,0
BRDA:51,1,0,0
BRF:2
BRH:0
end_of_record
TN:
SF:src/execution-engine/node-execution-context/node-execution-context.ts
FN:54,(anonymous_3)
FN:65,(anonymous_4)
FN:70,(anonymous_5)
FN:74,(anonymous_6)
FN:78,(anonymous_7)
FN:83,(anonymous_8)
FN:87,(anonymous_9)
FN:91,(anonymous_10)
FN:113,(anonymous_11)
FN:140,(anonymous_12)
FN:150,(anonymous_13)
FN:156,(anonymous_14)
FN:159,(anonymous_15)
FN:163,(anonymous_16)
FN:167,(anonymous_17)
FN:170,(anonymous_18)
FN:174,(anonymous_19)
FN:177,(anonymous_20)
FN:178,(anonymous_21)
FN:179,(anonymous_22)
FN:182,(anonymous_23)
FN:186,(anonymous_24)
FN:190,(anonymous_25)
FN:194,(anonymous_26)
FN:198,(anonymous_27)
FN:202,(anonymous_28)
FN:206,(anonymous_29)
FN:210,(anonymous_30)
FN:232,(anonymous_31)
FN:236,(anonymous_32)
FN:241,(anonymous_33)
FN:270,(anonymous_34)
FN:373,(anonymous_35)
FN:379,(anonymous_36)
FN:388,(anonymous_37)
FN:480,(anonymous_38)
FN:495,(anonymous_39)
FNF:37
FNH:34
FNDA:245,(anonymous_3)
FNDA:1,(anonymous_4)
FNDA:0,(anonymous_5)
FNDA:4,(anonymous_6)
FNDA:1,(anonymous_7)
FNDA:1,(anonymous_8)
FNDA:1,(anonymous_9)
FNDA:1,(anonymous_10)
FNDA:1,(anonymous_11)
FNDA:2,(anonymous_12)
FNDA:133,(anonymous_13)
FNDA:129,(anonymous_14)
FNDA:162,(anonymous_15)
FNDA:3,(anonymous_16)
FNDA:4,(anonymous_17)
FNDA:8,(anonymous_18)
FNDA:119,(anonymous_19)
FNDA:141,(anonymous_20)
FNDA:141,(anonymous_21)
FNDA:140,(anonymous_22)
FNDA:0,(anonymous_23)
FNDA:4,(anonymous_24)
FNDA:1,(anonymous_25)
FNDA:1,(anonymous_26)
FNDA:1,(anonymous_27)
FNDA:1,(anonymous_28)
FNDA:0,(anonymous_29)
FNDA:2,(anonymous_30)
FNDA:1,(anonymous_31)
FNDA:1,(anonymous_32)
FNDA:8,(anonymous_33)
FNDA:8,(anonymous_34)
FNDA:8,(anonymous_35)
FNDA:9,(anonymous_36)
FNDA:20,(anonymous_37)
FNDA:3,(anonymous_38)
FNDA:1,(anonymous_39)
DA:1,10
DA:2,10
DA:3,10
DA:4,10
DA:26,10
DA:36,10
DA:42,10
DA:44,10
DA:45,10
DA:46,10
DA:47,10
DA:48,10
DA:49,10
DA:51,10
DA:52,245
DA:55,245
DA:56,245
DA:57,245
DA:58,245
DA:59,245
DA:60,245
DA:61,245
DA:62,245
DA:65,10
DA:67,1
DA:71,0
DA:75,4
DA:79,1
DA:80,1
DA:84,1
DA:88,1
DA:92,1
DA:93,1
DA:95,1
DA:96,2
DA:97,2
DA:104,2
DA:105,0
DA:108,2
DA:110,1
DA:114,1
DA:115,1
DA:117,1
DA:118,2
DA:119,2
DA:126,2
DA:127,0
DA:130,2
DA:132,1
DA:141,2
DA:142,2
DA:143,1
DA:147,1
DA:150,10
DA:152,133
DA:153,133
DA:156,10
DA:158,129
DA:159,162
DA:164,3
DA:167,10
DA:169,4
DA:170,8
DA:175,119
DA:177,141
DA:178,141
DA:179,140
DA:183,0
DA:187,4
DA:191,1
DA:195,1
DA:199,1
DA:203,1
DA:207,0
DA:211,2
DA:213,2
DA:214,0
DA:217,2
DA:219,2
DA:220,1
DA:223,2
DA:225,2
DA:227,2
DA:229,2
DA:233,1
DA:237,1
DA:247,8
DA:249,8
DA:253,8
DA:260,8
DA:261,8
DA:262,0
DA:269,8
DA:270,8
DA:272,8
DA:273,0
DA:280,8
DA:291,0
DA:296,8
DA:299,0
DA:301,0
DA:302,0
DA:306,0
DA:307,0
DA:317,0
DA:321,8
DA:324,0
DA:328,8
DA:329,3
DA:340,8
DA:360,8
DA:370,8
DA:373,10
DA:375,8
DA:384,9
DA:385,9
DA:395,20
DA:397,20
DA:400,20
DA:402,20
DA:403,1
DA:406,19
DA:408,0
DA:411,19
DA:415,19
DA:416,19
DA:431,17
DA:433,2
DA:439,1
DA:442,1
DA:444,1
DA:445,1
DA:450,18
DA:451,0
DA:455,18
DA:456,0
DA:463,18
DA:467,17
DA:477,17
DA:481,3
DA:496,1
LF:141
LH:122
BRDA:59,0,0,33
BRDA:60,1,0,35
BRDA:61,2,0,244
BRDA:101,3,0,2
BRDA:101,3,1,0
BRDA:104,4,0,0
BRDA:123,5,0,2
BRDA:123,5,1,0
BRDA:126,6,0,0
BRDA:142,7,0,1
BRDA:159,8,0,4
BRDA:159,8,1,158
BRDA:170,9,0,4
BRDA:170,9,1,4
BRDA:183,10,0,0
BRDA:183,10,1,0
BRDA:207,11,0,0
BRDA:210,12,0,1
BRDA:213,13,0,0
BRDA:260,14,0,8
BRDA:261,15,0,0
BRDA:272,16,0,0
BRDA:280,17,0,0
BRDA:283,18,0,8
BRDA:283,18,1,0
BRDA:296,19,0,0
BRDA:296,20,0,8
BRDA:296,20,1,8
BRDA:299,21,0,0
BRDA:299,21,1,0
BRDA:301,22,0,0
BRDA:306,23,0,0
BRDA:321,24,0,0
BRDA:321,25,0,8
BRDA:321,25,1,0
BRDA:328,26,0,3
BRDA:328,27,0,8
BRDA:328,27,1,3
BRDA:328,27,2,3
BRDA:332,28,0,3
BRDA:332,28,1,3
BRDA:340,29,0,8
BRDA:340,29,1,0
BRDA:402,30,0,1
BRDA:406,31,0,0
BRDA:433,32,0,1
BRDA:433,32,1,1
BRDA:434,33,0,2
BRDA:434,33,1,2
BRDA:434,33,2,1
BRDA:442,34,0,1
BRDA:450,35,0,0
BRDA:455,36,0,0
BRDA:463,37,0,1
BRDA:480,38,0,0
BRF:55
BRH:31
end_of_record
TN:
SF:src/execution-engine/node-execution-context/poll-context.ts
FN:18,(anonymous_0)
FN:22,(anonymous_1)
FN:29,(anonymous_2)
FN:49,(anonymous_3)
FN:53,(anonymous_4)
FNF:5
FNH:3
FNDA:0,(anonymous_0)
FNDA:0,(anonymous_1)
FNDA:1,(anonymous_2)
FNDA:1,(anonymous_3)
FNDA:1,(anonymous_4)
DA:10,1
DA:12,1
DA:13,1
DA:14,1
DA:15,1
DA:16,1
DA:18,1
DA:19,0
DA:22,1
DA:23,0
DA:26,1
DA:34,1
DA:35,1
DA:36,1
DA:38,1
DA:40,1
DA:50,1
DA:54,1
LF:18
LH:16
BRDA:35,0,0,1
BRDA:36,1,0,1
BRF:2
BRH:2
end_of_record
TN:
SF:src/execution-engine/node-execution-context/supply-data-context.ts
FN:49,(anonymous_1)
FN:93,(anonymous_2)
FN:95,(anonymous_3)
FN:97,(anonymous_4)
FN:104,(anonymous_5)
FN:118,(anonymous_6)
FN:141,(anonymous_7)
FN:162,(anonymous_8)
FN:170,(anonymous_9)
FN:176,(anonymous_10)
FN:192,(anonymous_11)
FN:205,(anonymous_12)
FN:221,(anonymous_13)
FN:231,(anonymous_14)
FNF:14
FNH:8
FNDA:77,(anonymous_1)
FNDA:0,(anonymous_2)
FNDA:0,(anonymous_3)
FNDA:0,(anonymous_4)
FNDA:2,(anonymous_5)
FNDA:1,(anonymous_6)
FNDA:0,(anonymous_7)
FNDA:4,(anonymous_8)
FNDA:3,(anonymous_9)
FNDA:1,(anonymous_10)
FNDA:1,(anonymous_11)
FNDA:0,(anonymous_12)
FNDA:0,(anonymous_13)
FNDA:12,(anonymous_14)
DA:1,4
DA:22,4
DA:24,4
DA:25,4
DA:31,4
DA:32,4
DA:33,4
DA:34,4
DA:36,4
DA:37,4
DA:38,4
DA:39,4
DA:40,4
DA:42,4
DA:58,77
DA:60,77
DA:64,77
DA:77,77
DA:79,77
DA:94,0
DA:96,0
DA:97,0
DA:104,77
DA:110,2
DA:122,1
DA:137,1
DA:138,1
DA:145,0
DA:163,4
DA:165,1
DA:167,3
DA:171,3
DA:172,3
DA:181,1
DA:182,1
DA:184,1
DA:193,1
DA:201,1
DA:212,0
DA:213,0
DA:222,0
DA:245,12
DA:248,12
DA:257,12
DA:258,12
DA:267,0
DA:272,0
DA:273,0
DA:275,0
DA:276,0
DA:278,12
DA:280,12
DA:281,11
DA:282,11
DA:284,1
DA:285,0
DA:287,1
DA:292,12
DA:293,12
DA:294,1
DA:296,1
DA:301,12
DA:302,2
DA:305,12
DA:306,12
DA:309,0
DA:311,0
DA:317,0
DA:318,0
DA:321,0
DA:323,0
DA:324,0
DA:325,0
DA:327,0
DA:328,0
DA:333,0
LF:76
LH:52
BRDA:162,0,0,0
BRDA:162,1,0,0
BRDA:163,2,0,1
BRDA:167,3,0,3
BRDA:167,3,1,0
BRDA:172,4,0,3
BRDA:172,4,1,0
BRDA:248,5,0,11
BRDA:248,5,1,1
BRDA:252,6,0,11
BRDA:252,6,1,11
BRDA:257,7,0,12
BRDA:257,7,1,0
BRDA:272,8,0,0
BRDA:280,9,0,11
BRDA:280,9,1,1
BRDA:284,10,0,0
BRDA:292,11,0,12
BRDA:292,11,1,0
BRDA:293,12,0,1
BRDA:301,13,0,2
BRDA:317,14,0,0
BRDA:323,15,0,0
BRDA:327,16,0,0
BRF:24
BRH:13
end_of_record
TN:
SF:src/execution-engine/node-execution-context/trigger-context.ts
FN:19,(anonymous_0)
FN:23,(anonymous_1)
FN:30,(anonymous_2)
FN:51,(anonymous_3)
FN:55,(anonymous_4)
FNF:5
FNH:3
FNDA:0,(anonymous_0)
FNDA:0,(anonymous_1)
FNDA:1,(anonymous_2)
FNDA:1,(anonymous_3)
FNDA:1,(anonymous_4)
DA:10,1
DA:12,1
DA:13,1
DA:14,1
DA:15,1
DA:16,1
DA:17,1
DA:19,1
DA:20,0
DA:23,1
DA:24,0
DA:27,1
DA:35,1
DA:36,1
DA:37,1
DA:39,1
DA:41,1
DA:52,1
DA:56,1
LF:19
LH:17
BRDA:36,0,0,1
BRDA:37,1,0,1
BRF:2
BRH:2
end_of_record
TN:
SF:src/execution-engine/node-execution-context/webhook-context.ts
FN:32,(anonymous_0)
FN:70,(anonymous_1)
FN:81,(anonymous_2)
FN:85,(anonymous_3)
FN:89,(anonymous_4)
FN:93,(anonymous_5)
FN:97,(anonymous_6)
FN:101,(anonymous_7)
FN:105,(anonymous_8)
FN:112,(anonymous_9)
FN:120,(anonymous_10)
FN:131,(anonymous_11)
FN:135,(anonymous_12)
FNF:13
FNH:10
FNDA:1,(anonymous_0)
FNDA:0,(anonymous_1)
FNDA:1,(anonymous_2)
FNDA:1,(anonymous_3)
FNDA:1,(anonymous_4)
FNDA:1,(anonymous_5)
FNDA:1,(anonymous_6)
FNDA:1,(anonymous_7)
FNDA:1,(anonymous_8)
FNDA:5,(anonymous_9)
FNDA:0,(anonymous_10)
FNDA:1,(anonymous_11)
FNDA:0,(anonymous_12)
DA:19,1
DA:21,1
DA:22,1
DA:23,1
DA:24,1
DA:25,1
DA:26,1
DA:27,1
DA:37,1
DA:38,1
DA:41,1
DA:44,1
DA:45,0
DA:46,0
DA:47,0
DA:51,1
DA:62,1
DA:69,1
DA:71,0
DA:82,1
DA:86,1
DA:90,1
DA:94,1
DA:98,1
DA:102,1
DA:106,1
DA:107,0
DA:109,1
DA:113,5
DA:114,5
DA:115,0
DA:117,5
DA:121,0
DA:132,1
DA:142,0
DA:146,0
DA:151,0
DA:159,0
LF:38
LH:27
BRDA:44,0,0,0
BRDA:46,1,0,0
BRDA:106,2,0,0
BRDA:114,3,0,0
BRDA:144,4,0,0
BRDA:144,4,1,0
BRDA:146,5,0,0
BRDA:146,5,1,0
BRF:8
BRH:0
end_of_record
TN:
SF:src/execution-engine/node-execution-context/__tests__/shared-tests.ts
FN:27,(anonymous_0)
FN:45,(anonymous_1)
FN:46,(anonymous_2)
FN:51,(anonymous_3)
FN:64,(anonymous_4)
FN:65,(anonymous_5)
FN:70,(anonymous_6)
FN:74,(anonymous_7)
FN:83,(anonymous_8)
FN:89,(anonymous_9)
FN:90,(anonymous_10)
FN:104,(anonymous_11)
FN:105,(anonymous_12)
FN:114,(anonymous_13)
FN:115,(anonymous_14)
FN:132,(anonymous_15)
FN:133,(anonymous_16)
FN:140,(anonymous_17)
FN:143,(anonymous_18)
FN:147,(anonymous_19)
FN:148,(anonymous_20)
FN:162,(anonymous_21)
FN:163,(anonymous_22)
FN:191,(anonymous_23)
FN:192,(anonymous_24)
FN:202,(anonymous_25)
FN:211,(anonymous_26)
FN:227,(anonymous_27)
FNF:28
FNH:28
FNDA:3,(anonymous_0)
FNDA:3,(anonymous_1)
FNDA:3,(anonymous_2)
FNDA:3,(anonymous_3)
FNDA:3,(anonymous_4)
FNDA:15,(anonymous_5)
FNDA:3,(anonymous_6)
FNDA:3,(anonymous_7)
FNDA:9,(anonymous_8)
FNDA:3,(anonymous_9)
FNDA:3,(anonymous_10)
FNDA:3,(anonymous_11)
FNDA:3,(anonymous_12)
FNDA:3,(anonymous_13)
FNDA:3,(anonymous_14)
FNDA:3,(anonymous_15)
FNDA:3,(anonymous_16)
FNDA:3,(anonymous_17)
FNDA:3,(anonymous_18)
FNDA:3,(anonymous_19)
FNDA:3,(anonymous_20)
FNDA:3,(anonymous_21)
FNDA:3,(anonymous_22)
FNDA:3,(anonymous_23)
FNDA:3,(anonymous_24)
FNDA:3,(anonymous_25)
FNDA:3,(anonymous_26)
FNDA:3,(anonymous_27)
DA:1,3
DA:2,3
DA:18,3
DA:20,3
DA:24,3
DA:25,3
DA:27,3
DA:43,3
DA:45,3
DA:46,3
DA:47,3
DA:51,3
DA:52,3
DA:53,3
DA:55,3
DA:56,3
DA:57,3
DA:59,3
DA:60,3
DA:61,3
DA:64,3
DA:65,3
DA:66,15
DA:67,15
DA:70,3
DA:71,3
DA:74,3
DA:75,3
DA:76,3
DA:79,3
DA:84,9
DA:85,9
DA:89,3
DA:90,3
DA:91,3
DA:92,3
DA:93,3
DA:94,3
DA:96,3
DA:98,3
DA:100,3
DA:104,3
DA:105,3
DA:106,3
DA:107,3
DA:114,3
DA:115,3
DA:116,3
DA:117,3
DA:119,3
DA:121,3
DA:132,3
DA:133,3
DA:134,3
DA:135,3
DA:137,3
DA:140,3
DA:141,3
DA:143,3
DA:147,3
DA:148,3
DA:149,3
DA:156,3
DA:157,3
DA:158,3
DA:162,3
DA:163,3
DA:164,3
DA:165,3
DA:166,3
DA:170,3
DA:172,3
DA:174,3
DA:187,3
DA:191,3
DA:192,3
DA:193,3
DA:195,3
DA:197,3
DA:198,3
DA:202,3
DA:203,3
DA:204,3
DA:205,3
DA:206,3
DA:211,3
DA:212,3
DA:213,3
DA:215,3
DA:219,3
DA:220,3
DA:227,3
DA:228,3
DA:229,3
DA:230,3
DA:232,3
DA:236,3
DA:237,3
DA:238,3
LF:99
LH:99
BRF:0
BRH:0
end_of_record
TN:
SF:src/execution-engine/node-execution-context/utils/binary-helper-functions.ts
FN:26,binaryToString
FN:35,getBinaryPath
FN:42,getBinaryMetadata
FN:49,getBinaryStream
FN:53,assertBinaryData
FN:91,getBinaryDataBuffer
FN:101,detectBinaryEncoding
FN:113,setBinaryDataBuffer
FN:127,copyBinaryFile
FN:191,prepareBinaryData
FN:276,(anonymous_11)
FN:285,(anonymous_12)
FN:289,(anonymous_13)
FN:291,(anonymous_14)
FN:293,(anonymous_15)
FNF:15
FNH:10
FNDA:26,binaryToString
FNDA:0,getBinaryPath
FNDA:0,getBinaryMetadata
FNDA:0,getBinaryStream
FNDA:3,assertBinaryData
FNDA:2,getBinaryDataBuffer
FNDA:3,detectBinaryEncoding
FNDA:7,setBinaryDataBuffer
FNDA:2,copyBinaryFile
FNDA:4,prepareBinaryData
FNDA:214,(anonymous_11)
FNDA:1,(anonymous_12)
FNDA:0,(anonymous_13)
FNDA:0,(anonymous_14)
FNDA:1,(anonymous_15)
DA:1,11
DA:2,11
DA:3,11
DA:4,11
DA:5,11
DA:6,11
DA:15,11
DA:16,11
DA:18,11
DA:20,11
DA:22,11
DA:24,11
DA:26,11
DA:27,26
DA:28,8
DA:29,8
DA:31,26
DA:32,26
DA:36,0
DA:43,0
DA:50,0
DA:53,11
DA:60,3
DA:61,3
DA:62,1
DA:72,2
DA:73,2
DA:74,1
DA:85,1
DA:91,11
DA:97,2
DA:98,2
DA:101,11
DA:102,3
DA:113,11
DA:119,7
DA:127,11
DA:135,2
DA:138,1
DA:140,1
DA:141,1
DA:142,1
DA:146,1
DA:148,0
DA:149,0
DA:150,0
DA:151,0
DA:156,2
DA:157,2
DA:160,2
DA:162,0
DA:165,2
DA:172,2
DA:173,2
DA:174,0
DA:175,0
DA:178,2
DA:191,11
DA:199,4
DA:200,2
DA:201,2
DA:202,2
DA:203,2
DA:210,2
DA:211,2
DA:215,4
DA:218,4
DA:220,2
DA:221,2
DA:222,1
DA:226,4
DA:227,3
DA:229,2
DA:230,2
DA:231,0
DA:232,0
DA:234,1
DA:235,1
DA:242,4
DA:243,1
DA:246,4
DA:248,3
DA:251,4
DA:258,4
DA:259,2
DA:261,2
DA:262,0
DA:264,2
DA:267,2
DA:268,2
DA:269,1
DA:273,4
DA:276,11
DA:279,214
DA:286,1
DA:287,1
DA:290,0
DA:292,0
DA:294,1
LF:99
LH:84
BRDA:27,0,0,8
BRDA:27,1,0,26
BRDA:27,1,1,10
BRDA:32,2,0,26
BRDA:32,2,1,2
BRDA:61,3,0,1
BRDA:73,4,0,1
BRDA:135,5,0,1
BRDA:138,6,0,1
BRDA:141,7,0,1
BRDA:146,8,0,0
BRDA:149,9,0,0
BRDA:156,10,0,2
BRDA:156,11,0,2
BRDA:156,11,1,2
BRDA:157,12,0,2
BRDA:157,12,1,0
BRDA:160,13,0,0
BRDA:172,14,0,2
BRDA:172,14,1,0
BRDA:174,15,0,0
BRDA:199,16,0,2
BRDA:200,17,0,2
BRDA:204,18,0,2
BRDA:204,18,1,2
BRDA:205,19,0,2
BRDA:205,19,1,1
BRDA:205,19,2,1
BRDA:210,20,0,2
BRDA:215,21,0,4
BRDA:218,22,0,2
BRDA:221,23,0,1
BRDA:226,24,0,3
BRDA:227,25,0,2
BRDA:227,25,1,1
BRDA:230,26,0,0
BRDA:234,27,0,1
BRDA:234,27,1,0
BRDA:242,28,0,1
BRDA:242,29,0,4
BRDA:242,29,1,4
BRDA:243,30,0,1
BRDA:243,30,1,0
BRDA:246,31,0,3
BRDA:258,32,0,2
BRDA:261,33,0,0
BRDA:268,34,0,1
BRF:47
BRH:37
end_of_record
TN:
SF:src/execution-engine/node-execution-context/utils/cleanup-parameter-data.ts
FN:8,cleanupParameterData
FN:14,(anonymous_1)
FN:19,(anonymous_2)
FNF:3
FNH:2
FNDA:24,cleanupParameterData
FNDA:0,(anonymous_1)
FNDA:10,(anonymous_2)
DA:1,11
DA:8,11
DA:9,24
DA:10,17
DA:13,7
DA:14,0
DA:15,0
DA:18,7
DA:19,7
DA:20,10
DA:21,10
DA:22,5
DA:24,2
DA:26,3
LF:14
LH:12
BRDA:9,0,0,17
BRDA:9,1,0,24
BRDA:9,1,1,8
BRDA:13,2,0,0
BRDA:18,3,0,7
BRDA:21,4,0,5
BRDA:22,5,0,2
BRDA:22,5,1,3
BRF:8
BRH:7
end_of_record
TN:
SF:src/execution-engine/node-execution-context/utils/construct-execution-metadata.ts
FN:8,constructExecutionMetaData
FN:13,(anonymous_1)
FNF:2
FNH:2
FNDA:4,constructExecutionMetaData
FNDA:4,(anonymous_1)
DA:8,5
DA:12,4
DA:13,4
DA:14,4
DA:15,4
LF:5
LH:5
BRF:0
BRH:0
end_of_record
TN:
SF:src/execution-engine/node-execution-context/utils/copy-input-items.ts
FN:8,copyInputItems
FN:9,(anonymous_1)
FNF:2
FNH:2
FNDA:3,copyInputItems
FNDA:3,(anonymous_1)
DA:2,5
DA:8,5
DA:9,3
DA:10,3
DA:11,3
DA:12,3
DA:13,1
DA:15,2
DA:18,3
LF:9
LH:9
BRDA:12,0,0,1
BRDA:12,0,1,2
BRF:2
BRH:2
end_of_record
TN:
SF:src/execution-engine/node-execution-context/utils/create-node-as-tool.ts
FN:30,getSchema
FN:76,(anonymous_1)
FN:84,(anonymous_2)
FN:96,createTool
FN:108,(anonymous_4)
FN:117,createNodeAsTool
FNF:6
FNH:6
FNDA:33,getSchema
FNDA:47,(anonymous_1)
FNDA:47,(anonymous_2)
FNDA:33,createTool
FNDA:1,(anonymous_4)
FNDA:33,createNodeAsTool
DA:1,5
DA:3,5
DA:10,5
DA:31,33
DA:32,33
DA:33,33
DA:35,1
DA:39,32
DA:40,32
DA:41,32
DA:42,57
DA:43,4
DA:44,4
DA:45,4
DA:46,4
DA:52,53
DA:54,2
DA:57,2
DA:59,2
DA:71,51
DA:76,26
DA:77,47
DA:78,47
DA:81,26
DA:84,26
DA:85,47
DA:86,47
DA:89,26
DA:97,33
DA:99,33
DA:100,26
DA:101,26
DA:102,26
DA:104,26
DA:108,1
DA:117,5
DA:118,33
LF:37
LH:37
BRDA:42,0,0,4
BRDA:42,1,0,57
BRDA:42,1,1,56
BRDA:45,2,0,1
BRDA:45,2,1,3
BRDA:52,3,0,2
BRDA:52,3,1,51
BRDA:57,4,0,2
BRDA:57,5,0,2
BRDA:57,5,1,1
BRDA:102,6,0,26
BRDA:102,6,1,0
BRF:12
BRH:11
end_of_record
TN:
SF:src/execution-engine/node-execution-context/utils/deduplication-helper-functions.ts
FN:16,checkProcessedAndRecord
FN:30,checkProcessedItemsAndRecord
FN:46,removeProcessed
FN:60,clearAllProcessedItems
FN:72,getProcessedDataCount
FN:84,(anonymous_5)
FN:88,(anonymous_6)
FN:95,(anonymous_7)
FN:109,(anonymous_8)
FN:116,(anonymous_9)
FN:122,(anonymous_10)
FNF:11
FNH:1
FNDA:0,checkProcessedAndRecord
FNDA:0,checkProcessedItemsAndRecord
FNDA:0,removeProcessed
FNDA:0,clearAllProcessedItems
FNDA:0,getProcessedDataCount
FNDA:209,(anonymous_5)
FNDA:0,(anonymous_6)
FNDA:0,(anonymous_7)
FNDA:0,(anonymous_8)
FNDA:0,(anonymous_9)
FNDA:0,(anonymous_10)
DA:14,5
DA:22,0
DA:37,0
DA:52,0
DA:65,0
DA:77,0
DA:84,5
DA:87,209
DA:93,0
DA:101,0
DA:114,0
DA:120,0
DA:126,0
LF:13
LH:3
BRF:0
BRH:0
end_of_record
TN:
SF:src/execution-engine/node-execution-context/utils/ensure-type.ts
FN:4,ensureType
FNF:1
FNH:1
FNDA:11,ensureType
DA:2,11
DA:4,11
DA:11,11
DA:13,11
DA:14,1
DA:17,10
DA:18,1
DA:24,9
DA:25,3
DA:27,2
DA:28,2
DA:30,2
DA:32,1
DA:34,1
DA:41,0
DA:46,1
DA:48,0
DA:49,0
DA:51,0
DA:59,2
DA:61,1
DA:68,7
DA:69,7
DA:70,2
DA:71,1
DA:73,1
DA:77,7
DA:78,3
DA:79,3
DA:80,1
DA:87,6
DA:88,1
DA:91,1
DA:93,0
DA:101,6
LF:35
LH:30
BRDA:13,0,0,1
BRDA:17,1,0,1
BRDA:24,2,0,3
BRDA:25,3,0,2
BRDA:25,3,1,1
BRDA:27,4,0,2
BRDA:27,4,1,0
BRDA:27,5,0,2
BRDA:27,5,1,2
BRDA:46,6,0,0
BRDA:59,7,0,1
BRDA:59,8,0,2
BRDA:59,8,1,1
BRDA:69,9,0,2
BRDA:70,10,0,1
BRDA:70,10,1,1
BRDA:77,11,0,3
BRDA:79,12,0,1
BRDA:87,13,0,1
BRDA:91,14,0,1
BRF:20
BRH:18
end_of_record
TN:
SF:src/execution-engine/node-execution-context/utils/execution-metadata.ts
FN:8,setWorkflowExecutionMetadata
FN:46,setAllWorkflowExecutionMetadata
FN:51,(anonymous_2)
FN:63,getAllWorkflowExecutionMetadata
FN:70,getWorkflowExecutionMetadata
FNF:5
FNH:5
FNDA:48,setWorkflowExecutionMetadata
FNDA:3,setAllWorkflowExecutionMetadata
FNDA:8,(anonymous_2)
FNDA:7,getAllWorkflowExecutionMetadata
FNDA:3,getWorkflowExecutionMetadata
DA:2,12
DA:4,12
DA:6,12
DA:8,12
DA:13,48
DA:14,0
DA:17,48
DA:21,12
DA:23,36
DA:24,0
DA:26,36
DA:27,3
DA:33,33
DA:34,3
DA:36,30
DA:37,30
DA:38,1
DA:40,30
DA:41,1
DA:43,30
DA:46,12
DA:50,3
DA:51,3
DA:52,8
DA:53,8
DA:55,2
DA:58,3
DA:59,1
DA:63,12
DA:67,7
DA:70,12
DA:74,3
LF:32
LH:30
BRDA:13,0,0,0
BRDA:17,1,0,12
BRDA:18,2,0,48
BRDA:18,2,1,46
BRDA:23,3,0,0
BRDA:26,4,0,3
BRDA:33,5,0,3
BRDA:33,6,0,33
BRDA:33,6,1,4
BRDA:33,6,2,3
BRDA:37,7,0,1
BRDA:40,8,0,1
BRDA:58,9,0,1
BRDA:67,10,0,7
BRDA:67,10,1,0
BRF:15
BRH:12
end_of_record
TN:
SF:src/execution-engine/node-execution-context/utils/extract-value.ts
FN:19,findPropertyFromParameterName
FN:29,(anonymous_2)
FN:34,(anonymous_3)
FN:70,executeRegexExtractValue
FN:90,extractValueRLC
FN:99,(anonymous_6)
FN:133,extractValueFilter
FN:153,extractValueOther
FN:187,extractValue
FNF:9
FNH:0
FNDA:0,findPropertyFromParameterName
FNDA:0,(anonymous_2)
FNDA:0,(anonymous_3)
FNDA:0,executeRegexExtractValue
FNDA:0,extractValueRLC
FNDA:0,(anonymous_6)
FNDA:0,extractValueFilter
FNDA:0,extractValueOther
FNDA:0,extractValue
DA:1,10
DA:2,10
DA:26,0
DA:27,0
DA:29,0
DA:33,0
DA:35,0
DA:46,0
DA:47,0
DA:48,0
DA:49,0
DA:50,0
DA:51,0
DA:52,0
DA:53,0
DA:54,0
DA:55,0
DA:57,0
DA:59,0
DA:60,0
DA:63,0
DA:64,0
DA:67,0
DA:76,0
DA:77,0
DA:78,0
DA:82,0
DA:83,0
DA:87,0
DA:96,0
DA:97,0
DA:99,0
DA:100,0
DA:101,0
DA:103,0
DA:104,0
DA:107,0
DA:108,0
DA:109,0
DA:110,0
DA:111,0
DA:112,0
DA:114,0
DA:117,0
DA:123,0
DA:124,0
DA:129,0
DA:130,0
DA:139,0
DA:140,0
DA:143,0
DA:144,0
DA:150,0
DA:158,0
DA:159,0
DA:162,0
DA:163,0
DA:164,0
DA:165,0
DA:166,0
DA:167,0
DA:169,0
DA:172,0
DA:177,0
DA:178,0
DA:183,0
DA:184,0
DA:187,10
DA:195,0
DA:196,0
DA:199,0
DA:200,0
DA:203,0
DA:204,0
DA:205,0
DA:206,0
DA:208,0
DA:211,0
LF:78
LH:3
BRDA:35,0,0,0
BRDA:35,0,1,0
BRDA:48,1,0,0
BRDA:48,1,1,0
BRDA:50,2,0,0
BRDA:50,2,1,0
BRDA:50,3,0,0
BRDA:50,3,1,0
BRDA:53,4,0,0
BRDA:53,4,1,0
BRDA:59,5,0,0
BRDA:63,6,0,0
BRDA:77,7,0,0
BRDA:82,8,0,0
BRDA:82,9,0,0
BRDA:82,9,1,0
BRDA:96,10,0,0
BRDA:96,11,0,0
BRDA:96,11,1,0
BRDA:96,11,2,0
BRDA:96,11,3,0
BRDA:99,12,0,0
BRDA:99,12,1,0
BRDA:100,13,0,0
BRDA:103,14,0,0
BRDA:103,15,0,0
BRDA:103,15,1,0
BRDA:107,16,0,0
BRDA:109,17,0,0
BRDA:109,17,1,0
BRDA:111,18,0,0
BRDA:123,19,0,0
BRDA:139,20,0,0
BRDA:143,21,0,0
BRDA:158,22,0,0
BRDA:158,23,0,0
BRDA:158,23,1,0
BRDA:162,24,0,0
BRDA:164,25,0,0
BRDA:164,25,1,0
BRDA:166,26,0,0
BRDA:177,27,0,0
BRDA:192,28,0,0
BRDA:199,29,0,0
BRDA:203,30,0,0
BRDA:203,30,1,0
BRDA:205,31,0,0
BRF:47
BRH:0
end_of_record
TN:
SF:src/execution-engine/node-execution-context/utils/file-system-helper-functions.ts
FN:24,(anonymous_0)
FN:31,(anonymous_1)
FN:32,(anonymous_2)
FN:36,isFilePathBlocked
FN:53,(anonymous_4)
FN:59,(anonymous_5)
FN:65,(anonymous_6)
FN:66,(anonymous_7)
FN:89,(anonymous_8)
FN:93,(anonymous_9)
FN:106,getN8nRestrictedPaths
FNF:11
FNH:11
FNDA:24,(anonymous_0)
FNDA:18,(anonymous_1)
FNDA:18,(anonymous_2)
FNDA:23,isFilePathBlocked
FNDA:46,(anonymous_4)
FNDA:12,(anonymous_5)
FNDA:209,(anonymous_6)
FNDA:3,(anonymous_7)
FNDA:1,(anonymous_8)
FNDA:1,(anonymous_9)
FNDA:22,getN8nRestrictedPaths
DA:1,5
DA:2,5
DA:4,5
DA:5,5
DA:6,5
DA:11,5
DA:13,5
DA:22,5
DA:24,5
DA:25,24
DA:26,24
DA:27,12
DA:29,12
DA:31,18
DA:32,18
DA:33,12
DA:36,5
DA:37,23
DA:38,23
DA:39,23
DA:40,23
DA:43,2
DA:44,2
DA:46,0
DA:49,23
DA:51,23
DA:52,23
DA:53,46
DA:55,10
DA:58,13
DA:59,12
DA:62,4
DA:65,209
DA:67,3
DA:68,3
DA:71,1
DA:79,2
DA:80,1
DA:81,1
DA:82,1
DA:86,1
DA:90,1
DA:94,1
DA:95,1
DA:99,0
DA:107,22
DA:108,22
DA:110,22
DA:111,1
DA:114,22
DA:115,1
DA:116,1
DA:119,22
DA:120,1
DA:123,22
DA:124,2
DA:127,22
DA:128,2
DA:131,22
LF:59
LH:57
BRDA:26,0,0,12
BRDA:43,1,0,2
BRDA:43,1,1,0
BRDA:51,2,0,22
BRDA:51,2,1,1
BRDA:52,3,0,10
BRDA:58,4,0,9
BRDA:71,5,0,1
BRDA:71,5,1,0
BRDA:79,6,0,1
BRDA:81,7,0,1
BRDA:81,7,1,0
BRDA:94,8,0,1
BRDA:110,9,0,1
BRDA:114,10,0,1
BRDA:119,11,0,1
BRDA:123,12,0,2
BRDA:127,13,0,2
BRF:18
BRH:15
end_of_record
TN:
SF:src/execution-engine/node-execution-context/utils/get-additional-keys.ts
FN:20,getAdditionalKeys
FN:37,(anonymous_1)
FN:48,(anonymous_2)
FN:59,(anonymous_3)
FN:62,(anonymous_4)
FNF:5
FNH:5
FNDA:21,getAdditionalKeys
FNDA:14,(anonymous_1)
FNDA:1,(anonymous_2)
FNDA:1,(anonymous_3)
FNDA:2,(anonymous_4)
DA:7,11
DA:9,11
DA:11,11
DA:17,11
DA:20,11
DA:26,21
DA:27,21
DA:28,21
DA:29,21
DA:38,14
DA:39,14
DA:41,2
DA:42,1
DA:45,1
DA:49,1
DA:50,1
DA:52,0
DA:53,0
DA:56,0
DA:60,1
DA:63,2
LF:21
LH:18
BRDA:26,0,0,21
BRDA:26,0,1,1
BRDA:32,1,0,18
BRDA:32,1,1,3
BRDA:35,2,0,8
BRDA:35,2,1,13
BRDA:41,3,0,1
BRDA:52,4,0,0
BRDA:69,5,0,1
BRDA:69,5,1,20
BRF:10
BRH:9
end_of_record
TN:
SF:src/execution-engine/node-execution-context/utils/get-input-connection-data.ts
FN:35,getNextRunIndex
FN:39,makeHandleToolInvocation
FN:53,(anonymous_2)
FN:98,(anonymous_3)
FN:102,(anonymous_4)
FN:102,(anonymous_5)
FN:103,(anonymous_6)
FN:142,validateInputConfiguration
FN:162,(anonymous_8)
FN:165,(anonymous_9)
FN:178,getInputConnectionData
FN:194,(anonymous_11)
FN:203,(anonymous_12)
FN:234,(anonymous_13)
FN:257,(anonymous_14)
FN:314,(anonymous_15)
FNF:16
FNH:15
FNDA:19,getNextRunIndex
FNDA:19,makeHandleToolInvocation
FNDA:19,(anonymous_2)
FNDA:6,(anonymous_3)
FNDA:6,(anonymous_4)
FNDA:6,(anonymous_5)
FNDA:2,(anonymous_6)
FNDA:116,validateInputConfiguration
FNDA:73,(anonymous_8)
FNDA:73,(anonymous_9)
FNDA:126,getInputConnectionData
FNDA:156,(anonymous_11)
FNDA:156,(anonymous_12)
FNDA:74,(anonymous_13)
FNDA:0,(anonymous_14)
FNDA:43,(anonymous_15)
DA:21,4
DA:30,4
DA:33,4
DA:36,19
DA:39,4
DA:51,19
DA:53,19
DA:54,19
DA:55,19
DA:56,11
DA:59,19
DA:60,19
DA:61,11
DA:66,19
DA:68,33
DA:69,33
DA:72,33
DA:75,33
DA:76,1
DA:79,32
DA:81,14
DA:82,14
DA:83,4
DA:84,4
DA:86,1
DA:91,31
DA:93,31
DA:95,31
DA:98,9
DA:99,9
DA:102,9
DA:103,2
DA:104,1
DA:107,1
DA:114,9
DA:119,9
DA:122,22
DA:123,1
DA:126,21
DA:127,21
DA:129,21
DA:132,21
DA:133,7
DA:138,0
DA:148,116
DA:150,116
DA:153,116
DA:154,156
DA:156,156
DA:158,95
DA:163,73
DA:165,73
DA:169,22
DA:178,4
DA:193,126
DA:194,156
DA:196,126
DA:197,10
DA:202,116
DA:204,156
DA:208,116
DA:209,116
DA:212,94
DA:213,21
DA:217,73
DA:222,20
DA:228,53
DA:229,53
DA:230,74
DA:234,74
DA:235,74
DA:251,74
DA:252,0
DA:253,0
DA:257,0
DA:263,0
DA:265,0
DA:270,74
DA:271,74
DA:272,74
DA:273,53
DA:274,10
DA:276,53
DA:280,21
DA:281,10
DA:282,0
DA:284,11
DA:289,11
DA:290,11
DA:291,0
DA:295,11
DA:304,11
DA:314,43
LF:93
LH:85
BRDA:36,0,0,19
BRDA:36,0,1,0
BRDA:55,1,0,11
BRDA:56,2,0,11
BRDA:56,2,1,0
BRDA:60,3,0,11
BRDA:61,4,0,11
BRDA:61,4,1,0
BRDA:75,5,0,1
BRDA:79,6,0,14
BRDA:82,7,0,4
BRDA:102,8,0,2
BRDA:103,9,0,1
BRDA:103,9,1,1
BRDA:103,10,0,2
BRDA:103,10,1,2
BRDA:103,11,0,2
BRDA:103,11,1,0
BRDA:122,12,0,1
BRDA:132,13,0,7
BRDA:133,14,0,7
BRDA:133,14,1,7
BRDA:138,15,0,0
BRDA:138,15,1,0
BRDA:156,16,0,95
BRDA:158,17,0,22
BRDA:159,18,0,95
BRDA:159,18,1,84
BRDA:159,18,2,84
BRDA:159,18,3,84
BRDA:171,19,0,22
BRDA:171,19,1,22
BRDA:196,20,0,10
BRDA:196,21,0,126
BRDA:196,21,1,126
BRDA:204,22,0,110
BRDA:204,22,1,46
BRDA:212,23,0,21
BRDA:213,24,0,10
BRDA:213,24,1,11
BRDA:217,25,0,20
BRDA:218,26,0,73
BRDA:218,26,1,73
BRDA:218,26,2,50
BRDA:251,27,0,0
BRDA:251,27,1,74
BRDA:252,28,0,0
BRDA:252,28,1,0
BRDA:273,29,0,10
BRDA:280,30,0,10
BRDA:280,30,1,11
BRDA:281,31,0,10
BRDA:290,32,0,0
BRDA:314,33,0,10
BRDA:314,33,1,22
BRDA:314,34,0,10
BRDA:314,34,1,0
BRF:57
BRH:46
end_of_record
TN:
SF:src/execution-engine/node-execution-context/utils/get-secrets-proxy.ts
FN:4,buildSecretsValueProxy
FN:6,(anonymous_1)
FN:25,getSecretsProxy
FN:30,(anonymous_3)
FN:38,(anonymous_4)
FN:54,(anonymous_5)
FN:57,(anonymous_6)
FN:68,(anonymous_7)
FN:71,(anonymous_8)
FNF:9
FNH:3
FNDA:0,buildSecretsValueProxy
FNDA:0,(anonymous_1)
FNDA:1,getSecretsProxy
FNDA:1,(anonymous_3)
FNDA:1,(anonymous_4)
FNDA:0,(anonymous_5)
FNDA:0,(anonymous_6)
FNDA:0,(anonymous_7)
FNDA:0,(anonymous_8)
DA:2,11
DA:5,0
DA:7,0
DA:8,0
DA:10,0
DA:11,0
DA:16,0
DA:17,0
DA:18,0
DA:20,0
DA:25,11
DA:26,1
DA:27,1
DA:31,1
DA:32,0
DA:34,1
DA:35,1
DA:39,1
DA:40,0
DA:42,1
DA:43,0
DA:48,1
DA:49,1
DA:50,0
DA:52,1
DA:55,0
DA:58,0
DA:63,0
DA:69,0
DA:72,0
LF:30
LH:12
BRDA:7,0,0,0
BRDA:10,1,0,0
BRDA:17,2,0,0
BRDA:17,3,0,0
BRDA:17,3,1,0
BRDA:31,4,0,0
BRDA:34,5,0,1
BRDA:39,6,0,0
BRDA:42,7,0,0
BRDA:49,8,0,0
BRDA:49,9,0,1
BRDA:49,9,1,0
BRF:12
BRH:2
end_of_record
TN:
SF:src/execution-engine/node-execution-context/utils/normalize-items.ts
FN:10,normalizeItems
FN:17,(anonymous_1)
FN:20,(anonymous_2)
FN:24,(anonymous_3)
FN:26,(anonymous_4)
FN:27,(anonymous_5)
FN:40,(anonymous_6)
FN:44,(anonymous_7)
FNF:8
FNH:6
FNDA:13,normalizeItems
FNDA:19,(anonymous_1)
FNDA:11,(anonymous_2)
FNDA:3,(anonymous_3)
FNDA:0,(anonymous_4)
FNDA:0,(anonymous_5)
FNDA:7,(anonymous_6)
FNDA:7,(anonymous_7)
DA:1,5
DA:10,5
DA:13,13
DA:14,4
DA:17,19
DA:18,6
DA:20,11
DA:21,4
DA:24,3
DA:25,0
DA:26,0
DA:27,0
DA:28,0
DA:29,0
DA:32,0
DA:37,0
DA:40,7
DA:41,0
DA:44,3
DA:45,7
LF:20
LH:12
BRDA:13,0,0,4
BRDA:13,1,0,13
BRDA:13,1,1,13
BRDA:14,2,0,1
BRDA:14,2,1,3
BRDA:17,3,0,6
BRDA:17,4,0,19
BRDA:17,4,1,18
BRDA:20,5,0,4
BRDA:20,6,0,11
BRDA:20,6,1,8
BRDA:24,7,0,0
BRDA:24,8,0,3
BRDA:24,8,1,2
BRDA:28,9,0,0
BRDA:40,10,0,0
BRDA:40,11,0,7
BRDA:40,11,1,4
BRF:18
BRH:15
end_of_record
TN:
SF:src/execution-engine/node-execution-context/utils/parse-incoming-message.ts
FN:3,parseHeaderParameters
FN:5,(anonymous_1)
FN:30,(anonymous_2)
FN:52,(anonymous_3)
FN:83,parseIncomingMessage
FNF:5
FNH:5
FNDA:30,parseHeaderParameters
FNDA:35,(anonymous_1)
FNDA:23,(anonymous_2)
FNDA:26,(anonymous_3)
FNDA:15,parseIncomingMessage
DA:4,30
DA:6,35
DA:7,35
DA:8,35
DA:9,15
DA:11,35
DA:12,35
DA:30,12
DA:31,23
DA:32,6
DA:35,17
DA:37,17
DA:52,12
DA:55,26
DA:56,13
DA:61,13
DA:62,4
DA:65,13
DA:67,13
DA:69,13
DA:70,13
DA:71,13
DA:73,3
DA:74,3
DA:77,13
DA:83,12
DA:84,15
DA:85,15
DA:86,11
DA:87,11
DA:88,11
DA:91,15
DA:92,15
DA:93,4
LF:34
LH:34
BRDA:8,0,0,15
BRDA:8,1,0,35
BRDA:8,1,1,15
BRDA:31,2,0,6
BRDA:55,3,0,13
BRDA:61,4,0,4
BRDA:61,5,0,13
BRDA:61,5,1,6
BRDA:71,6,0,3
BRDA:73,7,0,3
BRDA:73,7,1,0
BRDA:85,8,0,11
BRDA:92,9,0,4
BRF:13
BRH:12
end_of_record
TN:
SF:src/execution-engine/node-execution-context/utils/request-helper-functions.ts
FN:80,(anonymous_10)
FN:90,validateUrl
FN:101,getUrlFromProxyConfig
FN:134,getTargetUrlFromAxiosConfig
FN:146,getAgentWithProxy
FN:169,(anonymous_15)
FN:182,(anonymous_16)
FN:199,searchForHeader
FN:206,(anonymous_18)
FN:209,(anonymous_19)
FN:225,(anonymous_20)
FN:230,(anonymous_21)
FN:257,digestAuthAxiosConfig
FN:264,(anonymous_23)
FN:269,(anonymous_24)
FN:272,(anonymous_25)
FN:275,(anonymous_26)
FN:308,invokeAxios
FN:333,(anonymous_28)
FN:341,(anonymous_29)
FN:344,(anonymous_30)
FN:348,(anonymous_31)
FN:358,generateContentLengthHeader
FN:363,(anonymous_33)
FN:364,(anonymous_34)
FN:386,parseRequestObject
FN:404,(anonymous_36)
FN:469,(anonymous_37)
FN:518,hasArrayFormatOptions
FN:538,(anonymous_39)
FN:542,(anonymous_40)
FN:551,(anonymous_41)
FN:581,(anonymous_42)
FN:592,(anonymous_43)
FN:643,(anonymous_44)
FN:651,(anonymous_45)
FN:664,(anonymous_46)
FN:679,proxyRequestToAxios
FN:767,convertN8nRequestToAxios
FN:817,(anonymous_49)
FN:874,(anonymous_50)
FN:883,(anonymous_51)
FN:890,httpRequest
FN:917,applyPaginationRequestData
FN:937,createOAuth2Client
FN:954,requestOAuth2
FN:1034,(anonymous_56)
FN:1103,(anonymous_57)
FN:1114,(anonymous_58)
FN:1187,requestOAuth1
FN:1211,(anonymous_60)
FN:1253,(anonymous_61)
FN:1259,httpRequestWithAuthentication
FN:1375,requestWithAuthentication
FN:1482,(anonymous_64)
FN:1489,(anonymous_65)
FN:1521,requestWithAuthenticationPaginated
FN:1736,(anonymous_67)
FN:1753,(anonymous_68)
FN:1756,(anonymous_69)
FN:1775,(anonymous_70)
FN:1783,(anonymous_71)
FNF:62
FNH:40
FNDA:1,(anonymous_10)
FNDA:1,validateUrl
FNDA:55,getUrlFromProxyConfig
FNDA:45,getTargetUrlFromAxiosConfig
FNDA:55,getAgentWithProxy
FNDA:45,(anonymous_15)
FNDA:23,(anonymous_16)
FNDA:20,searchForHeader
FNDA:7,(anonymous_18)
FNDA:40,(anonymous_19)
FNDA:40,(anonymous_20)
FNDA:3,(anonymous_21)
FNDA:1,digestAuthAxiosConfig
FNDA:3,(anonymous_23)
FNDA:1,(anonymous_24)
FNDA:3,(anonymous_25)
FNDA:2,(anonymous_26)
FNDA:22,invokeAxios
FNDA:5,(anonymous_28)
FNDA:3,(anonymous_29)
FNDA:4,(anonymous_30)
FNDA:2,(anonymous_31)
FNDA:1,generateContentLengthHeader
FNDA:1,(anonymous_33)
FNDA:1,(anonymous_34)
FNDA:25,parseRequestObject
FNDA:4,(anonymous_36)
FNDA:0,(anonymous_37)
FNDA:50,hasArrayFormatOptions
FNDA:0,(anonymous_39)
FNDA:0,(anonymous_40)
FNDA:0,(anonymous_41)
FNDA:0,(anonymous_42)
FNDA:8,(anonymous_43)
FNDA:5,(anonymous_44)
FNDA:2,(anonymous_45)
FNDA:2,(anonymous_46)
FNDA:8,proxyRequestToAxios
FNDA:15,convertN8nRequestToAxios
FNDA:1,(anonymous_49)
FNDA:1,(anonymous_50)
FNDA:20,(anonymous_51)
FNDA:10,httpRequest
FNDA:6,applyPaginationRequestData
FNDA:0,createOAuth2Client
FNDA:0,requestOAuth2
FNDA:0,(anonymous_56)
FNDA:0,(anonymous_57)
FNDA:0,(anonymous_58)
FNDA:0,requestOAuth1
FNDA:0,(anonymous_60)
FNDA:0,(anonymous_61)
FNDA:0,httpRequestWithAuthentication
FNDA:0,requestWithAuthentication
FNDA:215,(anonymous_64)
FNDA:0,(anonymous_65)
FNDA:0,requestWithAuthenticationPaginated
FNDA:0,(anonymous_67)
FNDA:0,(anonymous_68)
FNDA:0,(anonymous_69)
FNDA:0,(anonymous_70)
FNDA:0,(anonymous_71)
DA:9,10
DA:16,10
DA:17,10
DA:19,10
DA:20,10
DA:21,10
DA:22,10
DA:23,10
DA:24,10
DA:25,10
DA:26,10
DA:27,10
DA:28,10
DA:29,10
DA:30,10
DA:65,10
DA:66,10
DA:67,10
DA:68,10
DA:72,10
DA:73,10
DA:75,10
DA:77,10
DA:78,10
DA:79,10
DA:80,10
DA:81,1
DA:82,0
DA:84,1
DA:88,10
DA:91,1
DA:93,1
DA:94,1
DA:95,1
DA:97,0
DA:102,55
DA:103,1
DA:104,0
DA:106,1
DA:109,54
DA:110,53
DA:113,1
DA:114,1
DA:116,1
DA:117,1
DA:119,1
DA:120,1
DA:123,1
DA:124,0
DA:125,0
DA:128,1
DA:130,0
DA:135,45
DA:137,45
DA:138,45
DA:140,12
DA:146,10
DA:157,55
DA:158,55
DA:160,55
DA:161,4
DA:162,4
DA:165,51
DA:166,51
DA:169,10
DA:173,45
DA:174,12
DA:176,33
DA:179,45
DA:182,10
DA:184,23
DA:185,21
DA:188,23
DA:189,5
DA:193,5
DA:196,23
DA:200,20
DA:201,0
DA:204,20
DA:205,20
DA:206,20
DA:209,10
DA:216,40
DA:217,40
DA:218,40
DA:220,12
DA:225,10
DA:230,40
DA:231,3
DA:236,3
DA:242,3
DA:243,3
DA:244,0
DA:246,3
DA:249,3
DA:250,0
DA:252,3
DA:253,1
DA:262,1
DA:264,3
DA:265,1
DA:266,1
DA:267,1
DA:268,1
DA:269,1
DA:272,3
DA:273,1
DA:274,1
DA:275,2
DA:277,1
DA:281,1
DA:282,1
DA:283,1
DA:287,1
DA:292,1
DA:296,1
DA:297,0
DA:299,1
DA:300,0
DA:302,1
DA:305,1
DA:308,10
DA:312,22
DA:313,22
DA:315,6
DA:317,2
DA:318,2
DA:319,1
DA:321,1
DA:322,1
DA:323,1
DA:324,1
DA:333,10
DA:334,5
DA:335,1
DA:337,4
DA:341,10
DA:342,3
DA:343,3
DA:344,3
DA:345,4
DA:347,4
DA:348,1
DA:349,2
DA:352,3
DA:355,3
DA:359,1
DA:360,0
DA:362,1
DA:363,1
DA:364,1
DA:365,1
DA:366,1
DA:369,1
DA:374,0
DA:386,10
DA:387,25
DA:389,25
DA:390,4
DA:402,25
DA:404,4
DA:407,25
DA:409,25
DA:414,0
DA:415,0
DA:417,0
DA:421,0
DA:422,0
DA:424,0
DA:427,25
DA:428,1
DA:429,1
DA:431,0
DA:436,0
DA:440,1
DA:442,1
DA:444,1
DA:445,1
DA:448,24
DA:450,0
DA:454,0
DA:455,0
DA:456,0
DA:457,0
DA:459,0
DA:461,0
DA:465,24
DA:467,0
DA:468,0
DA:469,0
DA:470,0
DA:471,0
DA:476,0
DA:477,0
DA:479,0
DA:483,0
DA:485,0
DA:486,0
DA:487,24
DA:489,1
DA:492,0
DA:494,1
DA:498,25
DA:499,5
DA:502,25
DA:503,8
DA:506,25
DA:507,0
DA:510,25
DA:511,15
DA:514,25
DA:515,0
DA:521,50
DA:527,0
DA:530,50
DA:533,25
DA:538,0
DA:539,0
DA:541,25
DA:542,0
DA:543,0
DA:547,25
DA:551,0
DA:552,0
DA:556,25
DA:558,1
DA:559,0
DA:563,1
DA:565,1
DA:574,25
DA:578,0
DA:581,0
DA:583,0
DA:584,0
DA:589,25
DA:592,25
DA:596,25
DA:597,25
DA:602,19
DA:604,6
DA:607,25
DA:608,25
DA:609,25
DA:610,13
DA:612,25
DA:613,0
DA:614,0
DA:617,25
DA:618,0
DA:621,25
DA:627,25
DA:629,25
DA:631,25
DA:632,0
DA:633,25
DA:635,0
DA:642,25
DA:643,25
DA:644,25
DA:646,25
DA:651,2
DA:658,0
DA:663,25
DA:664,2
DA:673,25
DA:679,10
DA:686,8
DA:691,8
DA:692,3
DA:694,5
DA:697,8
DA:699,8
DA:700,8
DA:701,5
DA:702,5
DA:703,0
DA:704,5
DA:705,1
DA:707,5
DA:708,5
DA:718,3
DA:723,3
DA:724,3
DA:725,3
DA:726,3
DA:727,3
DA:728,3
DA:730,3
DA:731,0
DA:734,3
DA:735,0
DA:736,0
DA:743,0
DA:747,3
DA:748,3
DA:758,0
DA:759,0
DA:763,0
DA:767,10
DA:769,15
DA:771,15
DA:781,15
DA:783,15
DA:784,0
DA:787,15
DA:788,0
DA:791,15
DA:792,1
DA:795,15
DA:796,0
DA:799,15
DA:800,15
DA:801,15
DA:802,15
DA:804,15
DA:805,1
DA:807,15
DA:812,15
DA:814,15
DA:816,15
DA:817,1
DA:818,1
DA:822,15
DA:823,15
DA:825,4
DA:826,4
DA:827,3
DA:830,3
DA:831,2
DA:835,1
DA:836,0
DA:838,1
DA:841,0
DA:846,4
DA:847,4
DA:851,15
DA:852,1
DA:855,1
DA:856,1
DA:863,15
DA:866,15
DA:867,15
DA:873,15
DA:874,1
DA:877,15
DA:880,10
DA:883,10
DA:884,20
DA:885,20
DA:886,11
DA:890,10
DA:893,10
DA:895,10
DA:896,10
DA:900,8
DA:903,10
DA:905,10
DA:906,1
DA:914,9
DA:917,10
DA:921,6
DA:926,6
DA:927,1
DA:928,1
DA:929,5
DA:930,1
DA:931,1
DA:934,6
DA:938,0
DA:954,10
DA:963,0
DA:965,0
DA:970,0
DA:971,0
DA:974,0
DA:976,0
DA:978,0
DA:984,0
DA:986,0
DA:987,0
DA:993,0
DA:994,0
DA:997,0
DA:1003,0
DA:1007,0
DA:1008,0
DA:1009,0
DA:1018,0
DA:1022,0
DA:1023,0
DA:1025,0
DA:1026,0
DA:1028,0
DA:1029,0
DA:1033,0
DA:1034,0
DA:1035,0
DA:1036,0
DA:1039,0
DA:1040,0
DA:1041,0
DA:1047,0
DA:1048,0
DA:1055,0
DA:1060,0
DA:1061,0
DA:1063,0
DA:1066,0
DA:1070,0
DA:1072,0
DA:1073,0
DA:1077,0
DA:1078,0
DA:1083,0
DA:1085,0
DA:1086,0
DA:1091,0
DA:1093,0
DA:1097,0
DA:1101,0
DA:1104,0
DA:1105,0
DA:1110,0
DA:1112,0
DA:1115,0
DA:1117,0
DA:1118,0
DA:1119,0
DA:1123,0
DA:1125,0
DA:1129,0
DA:1137,0
DA:1138,0
DA:1140,0
DA:1142,0
DA:1146,0
DA:1149,0
DA:1150,0
DA:1155,0
DA:1158,0
DA:1164,0
DA:1169,0
DA:1170,0
DA:1172,0
DA:1173,0
DA:1178,0
DA:1182,0
DA:1187,10
DA:1193,0
DA:1195,0
DA:1197,0
DA:1198,0
DA:1201,0
DA:1202,0
DA:1205,0
DA:1213,0
DA:1215,0
DA:1216,0
DA:1218,0
DA:1219,0
DA:1221,0
DA:1222,0
DA:1224,0
DA:1228,0
DA:1230,0
DA:1236,0
DA:1239,0
DA:1240,0
DA:1241,0
DA:1244,0
DA:1247,0
DA:1248,0
DA:1251,0
DA:1255,0
DA:1259,10
DA:1268,0
DA:1271,0
DA:1272,0
DA:1276,0
DA:1277,0
DA:1279,0
DA:1280,0
DA:1282,0
DA:1283,0
DA:1294,0
DA:1295,0
DA:1297,0
DA:1301,0
DA:1302,0
DA:1309,0
DA:1317,0
DA:1320,0
DA:1323,0
DA:1330,0
DA:1334,0
DA:1338,0
DA:1339,0
DA:1341,0
DA:1349,0
DA:1352,0
DA:1355,0
DA:1364,0
DA:1366,0
DA:1370,0
DA:1375,10
DA:1385,0
DA:1389,0
DA:1390,0
DA:1392,0
DA:1393,0
DA:1395,0
DA:1396,0
DA:1407,0
DA:1408,0
DA:1410,0
DA:1416,0
DA:1417,0
DA:1424,0
DA:1432,0
DA:1435,0
DA:1438,0
DA:1445,0
DA:1447,0
DA:1448,0
DA:1450,0
DA:1458,0
DA:1461,0
DA:1462,0
DA:1470,0
DA:1473,0
DA:1475,0
DA:1477,0
DA:1482,10
DA:1489,215
DA:1497,0
DA:1499,0
DA:1503,0
DA:1517,0
DA:1529,0
DA:1530,0
DA:1531,0
DA:1533,0
DA:1534,0
DA:1540,0
DA:1542,0
DA:1549,0
DA:1555,0
DA:1560,0
DA:1561,0
DA:1570,0
DA:1572,0
DA:1573,0
DA:1580,0
DA:1581,0
DA:1588,0
DA:1591,0
DA:1602,0
DA:1604,0
DA:1606,0
DA:1607,0
DA:1608,0
DA:1610,0
DA:1612,0
DA:1613,0
DA:1615,0
DA:1618,0
DA:1622,0
DA:1623,0
DA:1624,0
DA:1627,0
DA:1629,0
DA:1631,0
DA:1634,0
DA:1635,0
DA:1637,0
DA:1640,0
DA:1641,0
DA:1642,0
DA:1644,0
DA:1655,0
DA:1657,0
DA:1659,0
DA:1661,0
DA:1664,0
DA:1666,0
DA:1667,0
DA:1669,0
DA:1678,0
DA:1679,0
DA:1682,0
DA:1691,0
DA:1692,0
DA:1693,0
DA:1702,0
DA:1704,0
DA:1709,0
DA:1710,0
DA:1711,0
DA:1712,0
DA:1713,0
DA:1716,0
DA:1730,0
DA:1733,215
DA:1742,0
DA:1754,0
DA:1763,0
DA:1780,0
DA:1789,0
LF:608
LH:302
BRDA:81,0,0,0
BRDA:91,1,0,0
BRDA:102,2,0,1
BRDA:103,3,0,0
BRDA:109,4,0,53
BRDA:114,5,0,0
BRDA:114,5,1,1
BRDA:114,6,0,1
BRDA:114,6,1,1
BRDA:119,7,0,1
BRDA:123,8,0,0
BRDA:125,9,0,0
BRDA:125,9,1,0
BRDA:138,10,0,45
BRDA:138,10,1,12
BRDA:157,11,0,55
BRDA:157,11,1,53
BRDA:158,12,0,41
BRDA:158,12,1,14
BRDA:160,13,0,4
BRDA:161,14,0,1
BRDA:161,14,1,3
BRDA:165,15,0,13
BRDA:165,15,1,38
BRDA:173,16,0,12
BRDA:173,16,1,33
BRDA:184,17,0,21
BRDA:188,18,0,5
BRDA:188,19,0,23
BRDA:188,19,1,5
BRDA:200,20,0,0
BRDA:217,21,0,40
BRDA:217,21,1,17
BRDA:243,22,0,0
BRDA:243,22,1,3
BRDA:249,23,0,0
BRDA:252,24,0,1
BRDA:265,25,0,1
BRDA:268,26,0,1
BRDA:268,26,1,0
BRDA:273,27,0,0
BRDA:273,27,1,1
BRDA:274,28,0,1
BRDA:274,28,1,0
BRDA:285,29,0,1
BRDA:285,29,1,1
BRDA:296,30,0,0
BRDA:299,31,0,0
BRDA:299,31,1,1
BRDA:310,32,0,19
BRDA:315,33,0,4
BRDA:315,34,0,6
BRDA:315,34,1,2
BRDA:318,35,0,1
BRDA:318,36,0,2
BRDA:318,36,1,2
BRDA:334,37,0,1
BRDA:334,37,1,4
BRDA:334,38,0,5
BRDA:334,38,1,5
BRDA:334,38,2,1
BRDA:334,38,3,1
BRDA:347,39,0,1
BRDA:347,39,1,3
BRDA:359,40,0,0
BRDA:365,41,0,0
BRDA:365,41,1,1
BRDA:389,42,0,4
BRDA:402,43,0,25
BRDA:402,43,1,4
BRDA:407,44,0,25
BRDA:407,44,1,2
BRDA:409,45,0,0
BRDA:409,45,1,25
BRDA:409,46,0,25
BRDA:409,46,1,0
BRDA:414,47,0,0
BRDA:414,47,1,0
BRDA:417,48,0,0
BRDA:417,48,1,0
BRDA:417,49,0,0
BRDA:417,49,1,0
BRDA:421,50,0,0
BRDA:421,50,1,0
BRDA:427,51,0,1
BRDA:427,51,1,24
BRDA:428,52,0,1
BRDA:428,52,1,0
BRDA:428,53,0,1
BRDA:428,53,1,1
BRDA:444,54,0,1
BRDA:444,54,1,0
BRDA:448,55,0,0
BRDA:448,55,1,24
BRDA:448,56,0,24
BRDA:448,56,1,0
BRDA:451,57,0,0
BRDA:451,57,1,0
BRDA:454,58,0,0
BRDA:454,58,1,0
BRDA:456,59,0,0
BRDA:465,60,0,0
BRDA:465,60,1,24
BRDA:467,61,0,0
BRDA:470,62,0,0
BRDA:476,63,0,0
BRDA:476,63,1,0
BRDA:485,64,0,0
BRDA:485,64,1,0
BRDA:487,65,0,1
BRDA:489,66,0,0
BRDA:489,67,0,1
BRDA:489,67,1,0
BRDA:498,68,0,5
BRDA:502,69,0,8
BRDA:506,70,0,0
BRDA:510,71,0,15
BRDA:514,72,0,0
BRDA:514,73,0,25
BRDA:514,73,1,0
BRDA:521,74,0,0
BRDA:522,75,0,50
BRDA:522,75,1,0
BRDA:522,75,2,0
BRDA:522,75,3,0
BRDA:533,76,0,0
BRDA:533,76,1,25
BRDA:534,77,0,25
BRDA:534,77,1,25
BRDA:534,77,2,0
BRDA:541,78,0,0
BRDA:547,79,0,0
BRDA:548,80,0,25
BRDA:548,80,1,0
BRDA:556,81,0,1
BRDA:558,82,0,0
BRDA:558,82,1,1
BRDA:559,83,0,0
BRDA:559,83,1,0
BRDA:566,84,0,1
BRDA:566,84,1,1
BRDA:568,85,0,1
BRDA:568,85,1,0
BRDA:574,86,0,0
BRDA:578,87,0,0
BRDA:578,87,1,0
BRDA:583,88,0,0
BRDA:584,89,0,0
BRDA:584,89,1,0
BRDA:589,90,0,25
BRDA:589,91,0,25
BRDA:589,91,1,25
BRDA:597,92,0,19
BRDA:597,92,1,6
BRDA:598,93,0,25
BRDA:598,93,1,24
BRDA:598,93,2,15
BRDA:598,93,3,11
BRDA:598,93,4,10
BRDA:609,94,0,13
BRDA:612,95,0,0
BRDA:617,96,0,0
BRDA:631,97,0,0
BRDA:631,97,1,25
BRDA:633,98,0,0
BRDA:642,99,0,4
BRDA:642,99,1,21
BRDA:643,100,0,25
BRDA:644,101,0,25
BRDA:644,101,1,21
BRDA:646,102,0,0
BRDA:647,103,0,25
BRDA:647,103,1,25
BRDA:647,103,2,2
BRDA:647,103,3,2
BRDA:647,103,4,2
BRDA:658,104,0,0
BRDA:658,104,1,0
BRDA:663,105,0,2
BRDA:691,106,0,3
BRDA:691,106,1,5
BRDA:694,107,0,5
BRDA:694,107,1,0
BRDA:702,108,0,0
BRDA:702,108,1,5
BRDA:702,109,0,5
BRDA:702,109,1,0
BRDA:704,110,0,1
BRDA:705,111,0,0
BRDA:705,111,1,1
BRDA:708,112,0,3
BRDA:708,112,1,2
BRDA:723,113,0,3
BRDA:725,114,0,3
BRDA:725,114,1,0
BRDA:726,115,0,3
BRDA:726,115,1,0
BRDA:730,116,0,0
BRDA:730,117,0,3
BRDA:730,117,1,3
BRDA:734,118,0,0
BRDA:735,119,0,0
BRDA:735,119,1,0
BRDA:758,120,0,0
BRDA:758,121,0,0
BRDA:758,121,1,0
BRDA:772,122,0,15
BRDA:772,122,1,12
BRDA:783,123,0,0
BRDA:787,124,0,0
BRDA:791,125,0,1
BRDA:795,126,0,0
BRDA:801,127,0,15
BRDA:804,128,0,1
BRDA:816,129,0,1
BRDA:823,130,0,4
BRDA:826,131,0,3
BRDA:826,131,1,1
BRDA:827,132,0,3
BRDA:827,132,1,0
BRDA:830,133,0,2
BRDA:830,133,1,1
BRDA:835,134,0,0
BRDA:838,135,0,0
BRDA:846,136,0,4
BRDA:846,137,0,4
BRDA:846,137,1,4
BRDA:846,137,2,4
BRDA:851,138,0,1
BRDA:855,139,0,1
BRDA:866,140,0,15
BRDA:873,141,0,1
BRDA:884,142,0,20
BRDA:884,142,1,0
BRDA:885,143,0,11
BRDA:885,144,0,20
BRDA:885,144,1,14
BRDA:896,145,0,8
BRDA:897,146,0,10
BRDA:897,146,1,2
BRDA:897,146,2,2
BRDA:905,147,0,1
BRDA:926,148,0,1
BRDA:926,148,1,5
BRDA:929,149,0,1
BRDA:944,150,0,0
BRDA:944,150,1,0
BRDA:945,151,0,0
BRDA:945,151,1,0
BRDA:961,152,0,0
BRDA:970,153,0,0
BRDA:970,154,0,0
BRDA:970,154,1,0
BRDA:978,155,0,0
BRDA:979,156,0,0
BRDA:979,156,1,0
BRDA:979,156,2,0
BRDA:979,156,3,0
BRDA:986,157,0,0
BRDA:1007,158,0,0
BRDA:1007,158,1,0
BRDA:1012,159,0,0
BRDA:1012,159,1,0
BRDA:1013,160,0,0
BRDA:1013,160,1,0
BRDA:1015,161,0,0
BRDA:1015,161,1,0
BRDA:1023,162,0,0
BRDA:1023,162,1,0
BRDA:1025,163,0,0
BRDA:1025,164,0,0
BRDA:1025,164,1,0
BRDA:1028,165,0,0
BRDA:1033,166,0,0
BRDA:1035,167,0,0
BRDA:1040,168,0,0
BRDA:1043,169,0,0
BRDA:1043,169,1,0
BRDA:1060,170,0,0
BRDA:1060,170,1,0
BRDA:1072,171,0,0
BRDA:1085,172,0,0
BRDA:1097,173,0,0
BRDA:1097,173,1,0
BRDA:1105,174,0,0
BRDA:1106,175,0,0
BRDA:1106,175,1,0
BRDA:1106,175,2,0
BRDA:1115,176,0,0
BRDA:1118,177,0,0
BRDA:1137,178,0,0
BRDA:1137,178,1,0
BRDA:1149,179,0,0
BRDA:1170,180,0,0
BRDA:1170,180,1,0
BRDA:1172,181,0,0
BRDA:1191,182,0,0
BRDA:1197,183,0,0
BRDA:1201,184,0,0
BRDA:1213,185,0,0
BRDA:1213,185,1,0
BRDA:1213,185,2,0
BRDA:1239,186,0,0
BRDA:1239,187,0,0
BRDA:1239,187,1,0
BRDA:1247,188,0,0
BRDA:1271,189,0,0
BRDA:1279,190,0,0
BRDA:1282,191,0,0
BRDA:1294,192,0,0
BRDA:1294,192,1,0
BRDA:1301,193,0,0
BRDA:1317,194,0,0
BRDA:1334,195,0,0
BRDA:1335,196,0,0
BRDA:1335,196,1,0
BRDA:1339,197,0,0
BRDA:1349,198,0,0
BRDA:1392,199,0,0
BRDA:1392,200,0,0
BRDA:1392,200,1,0
BRDA:1395,201,0,0
BRDA:1395,202,0,0
BRDA:1395,202,1,0
BRDA:1407,203,0,0
BRDA:1407,203,1,0
BRDA:1416,204,0,0
BRDA:1432,205,0,0
BRDA:1448,206,0,0
BRDA:1458,207,0,0
BRDA:1475,208,0,0
BRDA:1486,209,0,6
BRDA:1487,210,0,6
BRDA:1495,211,0,0
BRDA:1499,212,0,0
BRDA:1500,213,0,0
BRDA:1500,213,1,0
BRDA:1500,213,2,0
BRDA:1511,214,0,0
BRDA:1511,214,1,0
BRDA:1530,215,0,0
BRDA:1572,216,0,0
BRDA:1580,217,0,0
BRDA:1580,217,1,0
BRDA:1602,218,0,0
BRDA:1602,218,1,0
BRDA:1602,219,0,0
BRDA:1602,219,1,0
BRDA:1606,220,0,0
BRDA:1606,220,1,0
BRDA:1607,221,0,0
BRDA:1607,221,1,0
BRDA:1618,222,0,0
BRDA:1618,223,0,0
BRDA:1618,223,1,0
BRDA:1623,224,0,0
BRDA:1624,225,0,0
BRDA:1624,225,1,0
BRDA:1627,226,0,0
BRDA:1627,226,1,0
BRDA:1629,227,0,0
BRDA:1629,227,1,0
BRDA:1634,228,0,0
BRDA:1640,229,0,0
BRDA:1640,229,1,0
BRDA:1642,230,0,0
BRDA:1667,231,0,0
BRDA:1667,231,1,0
BRDA:1678,232,0,0
BRDA:1678,233,0,0
BRDA:1678,233,1,0
BRDA:1691,234,0,0
BRDA:1692,235,0,0
BRDA:1704,236,0,0
BRDA:1704,237,0,0
BRDA:1704,237,1,0
BRDA:1710,238,0,0
BRDA:1710,238,1,0
BRDA:1710,239,0,0
BRDA:1710,239,1,0
BRDA:1712,240,0,0
BRF:381
BRH:153
end_of_record
TN:
SF:src/execution-engine/node-execution-context/utils/return-json-array.ts
FN:8,returnJsonArray
FN:15,(anonymous_1)
FNF:2
FNH:2
FNDA:5,returnJsonArray
FNDA:6,(anonymous_1)
DA:8,8
DA:9,5
DA:11,5
DA:12,1
DA:15,5
DA:16,6
DA:18,2
DA:20,4
DA:24,5
LF:9
LH:9
BRDA:11,0,0,1
BRDA:16,1,0,2
BRDA:16,1,1,4
BRF:3
BRH:3
end_of_record
TN:
SF:src/execution-engine/node-execution-context/utils/scheduling-helper-functions.ts
FN:6,(anonymous_0)
FN:13,(anonymous_1)
FNF:2
FNH:2
FNDA:3,(anonymous_0)
FNDA:1,(anonymous_1)
DA:1,3
DA:4,3
DA:6,3
DA:11,3
DA:12,3
DA:14,1
DA:22,1
LF:7
LH:7
BRF:0
BRH:0
end_of_record
TN:
SF:src/execution-engine/node-execution-context/utils/ssh-tunnel-helper-functions.ts
FN:7,(anonymous_0)
FN:10,(anonymous_1)
FN:12,(anonymous_2)
FNF:3
FNH:3
FNDA:211,(anonymous_0)
FNDA:2,(anonymous_1)
FNDA:1,(anonymous_2)
DA:1,7
DA:5,7
DA:7,7
DA:8,211
DA:9,211
DA:11,2
DA:12,1
LF:7
LH:7
BRF:0
BRH:0
end_of_record
TN:
SF:src/execution-engine/node-execution-context/utils/validate-value-against-schema.ts
FN:20,(anonymous_0)
FN:44,(anonymous_1)
FN:77,(anonymous_2)
FN:89,(anonymous_3)
FN:151,(anonymous_4)
FN:162,(anonymous_5)
FNF:6
FNH:6
FNDA:15,(anonymous_0)
FNDA:27,(anonymous_1)
FNDA:1,(anonymous_2)
FNDA:1,(anonymous_3)
FNDA:34,(anonymous_4)
FNDA:34,(anonymous_5)
DA:11,11
DA:20,11
DA:26,15
DA:27,15
DA:28,15
DA:29,15
DA:30,15
DA:31,0
DA:33,15
DA:34,15
DA:35,15
DA:36,0
DA:38,15
DA:39,15
DA:40,15
DA:41,17
DA:42,17
DA:44,27
DA:46,17
DA:52,2
DA:59,15
DA:60,15
DA:66,15
DA:67,2
DA:70,13
DA:74,11
DA:77,11
DA:87,1
DA:88,1
DA:89,1
DA:93,1
DA:94,0
DA:97,1
DA:98,0
DA:103,1
DA:105,1
DA:106,7
DA:108,5
DA:116,1
DA:117,0
DA:120,1
DA:121,1
DA:124,4
DA:125,12
DA:127,4
DA:131,4
DA:132,0
DA:143,4
DA:148,1
DA:151,11
DA:159,34
DA:161,34
DA:163,34
DA:167,34
DA:168,8
DA:171,26
DA:173,26
DA:178,1
DA:183,25
DA:188,15
DA:194,10
DA:195,1
DA:205,26
DA:206,4
DA:221,22
LF:65
LH:59
BRDA:30,0,0,0
BRDA:35,1,0,0
BRDA:35,2,0,15
BRDA:35,2,1,15
BRDA:46,3,0,2
BRDA:47,4,0,17
BRDA:47,4,1,13
BRDA:47,4,2,13
BRDA:47,4,3,13
BRDA:47,4,4,12
BRDA:59,5,0,15
BRDA:62,6,0,15
BRDA:62,6,1,2
BRDA:63,7,0,15
BRDA:63,7,1,2
BRDA:66,8,0,2
BRDA:66,8,1,13
BRDA:87,9,0,1
BRDA:93,10,0,0
BRDA:97,11,0,0
BRDA:106,12,0,2
BRDA:106,13,0,7
BRDA:106,13,1,5
BRDA:112,14,0,0
BRDA:112,14,1,5
BRDA:116,15,0,0
BRDA:120,16,0,1
BRDA:121,17,0,1
BRDA:121,17,1,0
BRDA:125,18,0,8
BRDA:131,19,0,0
BRDA:163,20,0,34
BRDA:163,20,1,26
BRDA:167,21,0,8
BRDA:173,22,0,1
BRDA:173,22,1,25
BRDA:174,23,0,26
BRDA:174,23,1,10
BRDA:174,23,2,10
BRDA:183,24,0,15
BRDA:183,24,1,10
BRDA:184,25,0,25
BRDA:184,25,1,15
BRDA:184,25,2,15
BRDA:194,26,0,1
BRDA:205,27,0,4
BRDA:208,28,0,4
BRDA:208,28,1,0
BRF:48
BRH:39
end_of_record
TN:
SF:src/execution-engine/node-execution-context/utils/webhook-helper-functions.ts
FN:13,getWebhookDescription
FN:33,getNodeWebhookUrl
FNF:2
FNH:2
FNDA:9,getWebhookDescription
FNDA:5,getNodeWebhookUrl
DA:10,3
DA:13,3
DA:18,9
DA:21,9
DA:23,8
DA:24,8
DA:25,7
DA:29,1
DA:33,3
DA:42,5
DA:43,5
DA:44,1
DA:47,5
DA:48,5
DA:50,5
DA:56,5
DA:58,5
DA:66,5
LF:18
LH:18
BRDA:21,0,0,1
BRDA:24,1,0,7
BRDA:43,2,0,1
BRDA:48,3,0,0
BRDA:56,4,0,0
BRF:5
BRH:3
end_of_record
TN:
SF:src/execution-engine/partial-execution-utils/clean-run-data.ts
FN:12,cleanRunData
FNF:1
FNH:1
FNDA:7,cleanRunData
DA:1,1
DA:12,1
DA:17,7
DA:19,7
DA:20,7
DA:22,7
DA:23,7
DA:24,15
DA:27,15
DA:28,15
DA:31,31
DA:32,26
DA:35,5
DA:41,7
DA:42,6
DA:44,1
DA:48,7
LF:17
LH:17
BRDA:31,0,0,26
BRDA:42,1,0,1
BRF:2
BRH:2
end_of_record
TN:
SF:src/execution-engine/partial-execution-utils/directed-graph.ts
FN:40,(anonymous_9)
FN:45,(anonymous_10)
FN:49,(anonymous_11)
FN:58,(anonymous_12)
FN:72,(anonymous_13)
FN:86,(anonymous_14)
FN:91,(anonymous_15)
FN:116,(anonymous_16)
FN:172,(anonymous_17)
FN:198,(anonymous_18)
FN:213,(anonymous_19)
FN:230,(anonymous_20)
FN:252,(anonymous_21)
FN:256,(anonymous_22)
FN:273,(anonymous_23)
FN:290,(anonymous_24)
FN:294,(anonymous_25)
FN:344,(anonymous_26)
FN:352,(anonymous_27)
FN:363,(anonymous_28)
FN:411,(anonymous_29)
FN:451,(anonymous_30)
FN:455,(anonymous_31)
FN:463,(anonymous_32)
FN:466,(anonymous_33)
FN:496,(anonymous_34)
FN:512,(anonymous_35)
FN:535,(anonymous_36)
FNF:28
FNH:27
FNDA:116,(anonymous_9)
FNDA:10,(anonymous_10)
FNDA:35,(anonymous_11)
FNDA:6,(anonymous_12)
FNDA:37,(anonymous_13)
FNDA:366,(anonymous_14)
FNDA:105,(anonymous_15)
FNDA:15,(anonymous_16)
FNDA:270,(anonymous_17)
FNDA:84,(anonymous_18)
FNDA:92,(anonymous_19)
FNDA:35,(anonymous_20)
FNDA:16,(anonymous_21)
FNDA:137,(anonymous_22)
FNDA:91,(anonymous_23)
FNDA:37,(anonymous_24)
FNDA:0,(anonymous_25)
FNDA:5,(anonymous_26)
FNDA:38,(anonymous_27)
FNDA:19,(anonymous_28)
FNDA:13,(anonymous_29)
FNDA:4,(anonymous_30)
FNDA:3,(anonymous_31)
FNDA:2,(anonymous_32)
FNDA:6,(anonymous_33)
FNDA:10,(anonymous_34)
FNDA:3,(anonymous_35)
FNDA:281,(anonymous_36)
DA:1,10
DA:3,10
DA:40,10
DA:41,116
DA:43,116
DA:46,10
DA:50,35
DA:59,6
DA:61,6
DA:62,7
DA:64,7
DA:65,6
DA:69,6
DA:73,37
DA:75,37
DA:76,111
DA:78,111
DA:79,79
DA:83,37
DA:87,366
DA:88,366
DA:92,105
DA:93,307
DA:95,105
DA:120,15
DA:121,8
DA:122,8
DA:124,8
DA:126,8
DA:127,10
DA:128,1
DA:131,9
DA:132,11
DA:133,0
DA:136,11
DA:142,11
DA:146,8
DA:147,20
DA:148,19
DA:152,8
DA:153,11
DA:156,8
DA:158,8
DA:160,7
DA:161,30
DA:162,15
DA:166,7
DA:168,7
DA:179,270
DA:181,270
DA:182,270
DA:184,270
DA:185,270
DA:187,270
DA:194,270
DA:195,270
DA:207,84
DA:208,214
DA:210,84
DA:214,92
DA:215,92
DA:217,92
DA:219,92
DA:220,304
DA:221,212
DA:224,92
DA:227,92
DA:231,35
DA:233,35
DA:235,21
DA:236,2
DA:238,19
DA:239,19
DA:242,35
DA:253,16
DA:257,137
DA:258,137
DA:260,137
DA:262,137
DA:263,361
DA:264,221
DA:267,140
DA:270,137
DA:274,91
DA:276,91
DA:278,65
DA:279,11
DA:282,54
DA:284,54
DA:287,91
DA:291,37
DA:301,0
DA:345,5
DA:346,5
DA:347,5
DA:348,5
DA:349,5
DA:350,5
DA:352,5
DA:353,38
DA:354,19
DA:357,19
DA:358,19
DA:359,19
DA:360,19
DA:361,19
DA:363,19
DA:364,19
DA:365,19
DA:368,19
DA:369,11
DA:370,11
DA:371,11
DA:372,11
DA:373,11
DA:375,11
DA:381,19
DA:382,19
DA:383,19
DA:384,19
DA:386,19
DA:389,13
DA:390,13
DA:392,13
DA:393,19
DA:394,19
DA:395,19
DA:398,13
DA:399,13
DA:404,5
DA:405,19
DA:408,5
DA:416,13
DA:417,1
DA:419,12
DA:421,12
DA:422,4
DA:425,8
DA:426,9
DA:428,9
DA:429,7
DA:433,1
DA:452,4
DA:456,3
DA:464,2
DA:466,6
DA:468,2
DA:469,5
DA:470,5
DA:472,5
DA:473,5
DA:474,6
DA:476,5
DA:477,5
DA:478,5
DA:480,5
DA:493,2
DA:497,10
DA:500,10
DA:501,34
DA:505,10
DA:506,24
DA:509,10
DA:513,3
DA:515,3
DA:516,7
DA:518,7
DA:521,7
DA:522,7
DA:523,7
DA:525,7
DA:532,3
DA:536,281
LF:173
LH:171
BRDA:64,0,0,6
BRDA:72,1,0,15
BRDA:76,2,0,76
BRDA:76,2,1,35
BRDA:78,3,0,79
BRDA:118,4,0,7
BRDA:120,5,0,8
BRDA:120,5,1,7
BRDA:127,6,0,1
BRDA:132,7,0,0
BRDA:147,8,0,19
BRDA:147,9,0,20
BRDA:147,9,1,10
BRDA:161,10,0,15
BRDA:161,11,0,30
BRDA:161,11,1,15
BRDA:189,12,0,270
BRDA:189,12,1,192
BRDA:190,13,0,270
BRDA:190,13,1,194
BRDA:191,14,0,270
BRDA:191,14,1,182
BRDA:220,15,0,212
BRDA:235,16,0,2
BRDA:263,17,0,221
BRDA:278,18,0,11
BRDA:353,19,0,19
BRDA:368,20,0,11
BRDA:386,21,0,13
BRDA:392,22,0,32
BRDA:392,22,1,27
BRDA:398,23,0,13
BRDA:416,24,0,1
BRDA:421,25,0,4
BRDA:428,26,0,7
BRDA:474,27,0,6
BRDA:474,27,1,1
BRDA:518,28,0,7
BRDA:518,28,1,7
BRDA:522,29,0,7
BRDA:522,29,1,7
BRF:41
BRH:40
end_of_record
TN:
SF:src/execution-engine/partial-execution-utils/filter-disabled-nodes.ts
FN:5,filterDisabledNodes
FN:12,(anonymous_1)
FNF:2
FNH:2
FNDA:3,filterDisabledNodes
FNDA:9,(anonymous_1)
DA:1,1
DA:5,1
DA:6,3
DA:8,3
DA:9,11
DA:10,4
DA:12,9
DA:17,3
LF:8
LH:8
BRDA:9,0,0,4
BRF:1
BRH:1
end_of_record
TN:
SF:src/execution-engine/partial-execution-utils/find-start-nodes.ts
FN:13,isDirty
FN:50,findStartNodesRecursive
FN:151,findStartNodes
FNF:3
FNH:3
FNDA:46,isDirty
FNDA:44,findStartNodesRecursive
FNDA:16,findStartNodes
DA:1,1
DA:4,1
DA:13,1
DA:15,46
DA:17,46
DA:18,0
DA:22,46
DA:24,46
DA:25,0
DA:29,46
DA:31,46
DA:32,0
DA:35,46
DA:37,46
DA:38,2
DA:41,44
DA:43,44
DA:44,30
DA:47,14
DA:59,44
DA:63,44
DA:64,14
DA:66,14
DA:71,30
DA:72,4
DA:73,4
DA:79,26
DA:80,4
DA:89,4
DA:90,2
DA:91,2
DA:97,24
DA:98,2
DA:102,22
DA:103,22
DA:104,33
DA:113,33
DA:114,33
DA:115,33
DA:116,5
DA:119,28
DA:130,22
DA:151,1
DA:158,16
DA:159,16
DA:160,16
DA:161,16
DA:162,16
DA:164,16
DA:176,16
LF:50
LH:47
BRDA:13,0,0,1
BRDA:13,1,0,1
BRDA:17,2,0,0
BRDA:24,3,0,0
BRDA:31,4,0,0
BRDA:37,5,0,2
BRDA:43,6,0,30
BRDA:63,7,0,14
BRDA:71,8,0,4
BRDA:79,9,0,4
BRDA:89,10,0,2
BRDA:89,11,0,4
BRDA:89,11,1,3
BRDA:97,12,0,2
BRDA:113,13,0,33
BRDA:113,13,1,33
BRDA:113,13,2,27
BRDA:115,14,0,5
BRDA:115,15,0,33
BRDA:115,15,1,6
BRF:20
BRH:17
end_of_record
TN:
SF:src/execution-engine/partial-execution-utils/find-subgraph.ts
FN:6,findSubgraphRecursive
FN:39,(anonymous_1)
FN:45,(anonymous_2)
FN:88,findSubgraph
FNF:4
FNH:4
FNDA:27,findSubgraphRecursive
FNDA:1,(anonymous_1)
FNDA:5,(anonymous_2)
FNDA:11,findSubgraph
DA:1,2
DA:4,2
DA:15,27
DA:20,11
DA:22,11
DA:23,11
DA:24,11
DA:27,11
DA:30,16
DA:33,16
DA:34,1
DA:39,15
DA:40,15
DA:41,1
DA:45,14
DA:46,14
DA:48,1
DA:49,2
DA:50,2
DA:52,1
DA:56,13
DA:60,18
DA:61,2
DA:64,16
DA:88,2
DA:93,11
DA:94,11
DA:95,11
DA:96,11
DA:98,11
DA:106,11
DA:107,20
DA:109,20
DA:110,18
DA:111,17
DA:114,1
DA:115,1
DA:119,11
LF:38
LH:38
BRDA:15,0,0,11
BRDA:33,1,0,1
BRDA:39,2,0,15
BRDA:39,2,1,11
BRDA:40,3,0,1
BRDA:46,4,0,1
BRDA:60,5,0,2
BRDA:110,6,0,17
BRF:8
BRH:8
end_of_record
TN:
SF:src/execution-engine/partial-execution-utils/find-trigger-for-partial-execution.ts
FN:4,(anonymous_9)
FN:6,findAllParentTriggers
FN:9,(anonymous_11)
FN:21,(anonymous_12)
FN:22,(anonymous_13)
FN:23,(anonymous_14)
FN:29,findTriggerForPartialExecution
FN:49,(anonymous_16)
FN:63,(anonymous_17)
FN:66,(anonymous_18)
FN:72,(anonymous_19)
FNF:11
FNH:11
FNDA:39,(anonymous_9)
FNDA:11,findAllParentTriggers
FNDA:26,(anonymous_11)
FNDA:26,(anonymous_12)
FNDA:26,(anonymous_13)
FNDA:24,(anonymous_14)
FNDA:15,findTriggerForPartialExecution
FNDA:24,(anonymous_16)
FNDA:21,(anonymous_17)
FNDA:7,(anonymous_18)
FNDA:8,(anonymous_19)
DA:1,1
DA:4,39
DA:7,11
DA:10,26
DA:14,26
DA:16,26
DA:21,26
DA:22,26
DA:23,24
DA:25,11
DA:29,1
DA:35,15
DA:36,15
DA:38,13
DA:43,13
DA:44,2
DA:48,11
DA:49,24
DA:53,11
DA:54,23
DA:55,1
DA:60,10
DA:63,21
DA:66,7
DA:67,10
DA:68,4
DA:72,8
DA:73,6
LF:28
LH:28
BRDA:36,0,0,2
BRDA:43,1,0,2
BRDA:43,2,0,13
BRDA:43,2,1,2
BRDA:54,3,0,1
BRDA:66,4,0,2
BRDA:66,4,1,5
BRDA:66,5,0,5
BRDA:66,5,1,0
BRDA:67,6,0,4
BRDA:73,7,0,3
BRDA:73,7,1,3
BRF:12
BRH:11
end_of_record
TN:
SF:src/execution-engine/partial-execution-utils/get-incoming-data.ts
FN:3,getIncomingData
FN:13,getRunIndexLength
FN:17,getIncomingDataFromAnyRun
FNF:3
FNH:3
FNDA:54,getIncomingData
FNDA:54,getRunIndexLength
FNDA:54,getIncomingDataFromAnyRun
DA:3,2
DA:10,54
DA:14,54
DA:17,2
DA:23,54
DA:25,54
DA:26,50
DA:28,50
DA:29,44
DA:33,10
LF:10
LH:10
BRDA:10,0,0,54
BRDA:10,0,1,7
BRDA:14,1,0,54
BRDA:14,1,1,5
BRDA:28,2,0,44
BRDA:28,3,0,50
BRDA:28,3,1,44
BRF:7
BRH:7
end_of_record
TN:
SF:src/execution-engine/partial-execution-utils/get-source-data-groups.ts
FN:5,sortByInputIndexThenByName
FN:28,newGroup
FN:86,getSourceDataGroups
FN:118,(anonymous_3)
FN:119,(anonymous_4)
FN:126,(anonymous_5)
FN:139,(anonymous_6)
FN:156,(anonymous_7)
FN:157,(anonymous_8)
FNF:9
FNH:9
FNDA:16,sortByInputIndexThenByName
FNDA:31,newGroup
FNDA:22,getSourceDataGroups
FNDA:33,(anonymous_3)
FNDA:11,(anonymous_4)
FNDA:43,(anonymous_5)
FNDA:19,(anonymous_6)
FNDA:5,(anonymous_7)
FNDA:6,(anonymous_8)
DA:1,2
DA:9,16
DA:10,5
DA:12,11
DA:29,31
DA:86,2
DA:92,22
DA:94,22
DA:95,22
DA:97,22
DA:98,44
DA:100,44
DA:101,33
DA:102,11
DA:103,11
DA:107,22
DA:108,1
DA:111,21
DA:112,21
DA:114,21
DA:115,21
DA:117,21
DA:118,33
DA:119,11
DA:122,21
DA:123,54
DA:125,54
DA:126,43
DA:129,54
DA:130,33
DA:132,33
DA:134,33
DA:135,33
DA:138,21
DA:139,19
DA:142,21
DA:143,11
DA:145,11
DA:146,11
DA:148,11
DA:149,11
DA:152,10
DA:153,10
DA:154,10
DA:156,5
DA:157,6
DA:161,21
DA:163,21
LF:48
LH:48
BRDA:9,0,0,5
BRDA:9,0,1,11
BRDA:98,1,0,44
BRDA:98,1,1,15
BRDA:100,2,0,33
BRDA:100,2,1,11
BRDA:102,3,0,11
BRDA:107,4,0,1
BRDA:107,5,0,22
BRDA:107,5,1,1
BRDA:122,6,0,75
BRDA:122,6,1,35
BRDA:129,7,0,33
BRDA:142,8,0,11
BRF:14
BRH:14
end_of_record
TN:
SF:src/execution-engine/partial-execution-utils/handle-cycles.ts
FN:15,handleCycles
FN:26,(anonymous_10)
FN:41,(anonymous_11)
FNF:3
FNH:3
FNDA:3,handleCycles
FNDA:9,(anonymous_10)
FNDA:7,(anonymous_11)
DA:2,1
DA:15,1
DA:26,9
DA:27,3
DA:31,3
DA:32,0
DA:35,3
DA:36,3
DA:37,9
DA:38,9
DA:39,3
DA:41,7
DA:44,3
DA:49,3
DA:50,3
DA:55,3
LF:16
LH:15
BRDA:31,0,0,0
BRDA:38,1,0,3
BRF:2
BRH:1
end_of_record
TN:
SF:src/execution-engine/partial-execution-utils/recreate-node-execution-stack.ts
FN:20,addWaitingExecution
FN:39,addWaitingExecutionSource
FN:72,recreateNodeExecutionStack
FN:103,(anonymous_12)
FNF:4
FNH:4
FNDA:8,addWaitingExecution
FNDA:8,addWaitingExecutionSource
FNDA:10,recreateNodeExecutionStack
FNDA:22,(anonymous_12)
DA:1,1
DA:2,1
DA:17,1
DA:18,1
DA:20,1
DA:28,8
DA:29,8
DA:30,8
DA:32,8
DA:34,8
DA:35,8
DA:36,8
DA:39,1
DA:47,8
DA:48,8
DA:49,8
DA:51,8
DA:53,8
DA:54,8
DA:55,8
DA:72,1
DA:86,10
DA:87,32
DA:96,9
DA:97,9
DA:98,9
DA:100,9
DA:101,13
DA:103,22
DA:105,13
DA:106,13
DA:108,13
DA:109,1
DA:111,1
DA:117,1
DA:119,12
DA:121,12
DA:122,17
DA:125,13
DA:127,13
DA:129,13
DA:130,16
DA:131,16
DA:133,16
DA:134,1
DA:136,15
DA:141,15
DA:148,15
DA:149,15
DA:150,15
DA:154,16
DA:161,13
DA:167,13
DA:169,4
DA:170,4
DA:174,4
DA:175,6
DA:176,6
DA:182,6
DA:184,6
DA:185,2
DA:194,2
DA:215,9
LF:63
LH:63
BRDA:28,0,0,8
BRDA:28,0,1,4
BRDA:29,1,0,8
BRDA:29,1,1,5
BRDA:30,2,0,8
BRDA:30,2,1,6
BRDA:47,3,0,8
BRDA:47,3,1,4
BRDA:48,4,0,8
BRDA:48,4,1,5
BRDA:49,5,0,8
BRDA:49,5,1,6
BRDA:108,6,0,1
BRDA:108,6,1,12
BRDA:122,7,0,13
BRDA:122,7,1,4
BRDA:133,8,0,1
BRDA:133,8,1,15
BRDA:148,9,0,15
BRDA:170,10,0,1
BRDA:170,10,1,3
BRDA:182,11,0,6
BRDA:182,11,1,4
BRDA:184,12,0,2
BRDA:200,13,0,2
BRDA:200,13,1,0
BRF:26
BRH:25
end_of_record
TN:
SF:src/execution-engine/partial-execution-utils/rewire-graph.ts
FN:7,rewireGraph
FN:25,(anonymous_10)
FNF:2
FNH:2
FNDA:7,rewireGraph
FNDA:14,(anonymous_10)
DA:1,1
DA:2,1
DA:3,1
DA:7,1
DA:12,7
DA:13,7
DA:15,7
DA:16,1
DA:19,6
DA:21,6
DA:23,6
DA:25,14
DA:28,6
DA:42,6
DA:45,6
DA:46,6
DA:49,6
DA:50,6
DA:54,6
DA:56,6
LF:20
LH:20
BRDA:15,0,0,1
BRDA:33,1,0,6
BRDA:33,1,1,5
BRDA:34,2,0,6
BRDA:34,2,1,5
BRF:5
BRH:5
end_of_record
TN:
SF:src/execution-engine/partial-execution-utils/run-data-utils.ts
FN:11,getNextExecutionIndex
FN:17,(anonymous_1)
FN:20,(anonymous_2)
FN:25,(anonymous_3)
FNF:4
FNH:4
FNDA:7,getNextExecutionIndex
FNDA:21,(anonymous_1)
FNDA:21,(anonymous_2)
FNDA:13,(anonymous_3)
DA:11,1
DA:13,7
DA:15,5
DA:17,21
DA:20,21
DA:23,5
DA:25,13
LF:7
LH:7
BRDA:11,0,0,1
BRDA:13,1,0,2
BRDA:13,2,0,7
BRDA:13,2,1,7
BRDA:23,3,0,1
BRF:5
BRH:5
end_of_record
TN:
SF:src/execution-engine/partial-execution-utils/__tests__/helpers.ts
FN:18,createNodeData
FN:36,toITaskData
FN:86,toIConnections
FNF:3
FNH:3
FNDA:258,createNodeData
FNDA:92,toITaskData
FNDA:12,toIConnections
DA:1,12
DA:18,12
DA:19,258
DA:36,12
DA:37,92
DA:48,92
DA:49,92
DA:50,95
DA:51,95
DA:53,95
DA:54,95
DA:55,95
DA:58,92
DA:59,92
DA:60,101
DA:64,92
DA:67,12
DA:73,12
DA:86,12
DA:87,12
DA:89,12
DA:90,25
DA:91,25
DA:92,25
DA:94,25
DA:97,25
DA:98,25
DA:99,25
DA:101,25
DA:108,12
LF:30
LH:30
BRDA:21,0,0,258
BRDA:21,0,1,258
BRDA:22,1,0,258
BRDA:22,1,1,246
BRDA:26,2,0,258
BRDA:26,2,1,253
BRDA:44,3,0,92
BRDA:44,3,1,92
BRDA:48,4,0,92
BRDA:48,4,1,0
BRDA:50,5,0,95
BRDA:50,5,1,94
BRDA:51,6,0,95
BRDA:51,6,1,78
BRDA:53,7,0,95
BRDA:53,7,1,92
BRDA:60,8,0,101
BRDA:60,8,1,6
BRDA:90,9,0,25
BRDA:90,9,1,24
BRDA:91,10,0,25
BRDA:91,10,1,24
BRDA:92,11,0,25
BRDA:92,11,1,25
BRDA:94,12,0,25
BRDA:94,12,1,25
BRDA:98,13,0,25
BRDA:98,13,1,25
BRF:28
BRH:27
end_of_record
TN:
SF:src/instance-settings/index.ts
FN:1,(anonymous_0)
FNF:1
FNH:1
FNDA:320,(anonymous_0)
DA:1,340
LF:1
LH:1
BRF:0
BRH:0
end_of_record
TN:
SF:src/instance-settings/instance-settings.ts
FN:59,(anonymous_3)
FN:96,(anonymous_4)
FN:100,(anonymous_5)
FN:105,(anonymous_6)
FN:110,(anonymous_7)
FN:114,(anonymous_8)
FN:118,(anonymous_9)
FN:122,(anonymous_10)
FN:126,(anonymous_11)
FN:130,(anonymous_12)
FN:134,(anonymous_13)
FN:138,(anonymous_14)
FN:145,(anonymous_15)
FN:173,(anonymous_16)
FN:181,(anonymous_17)
FN:228,(anonymous_18)
FN:235,(anonymous_19)
FN:243,(anonymous_20)
FN:251,(anonymous_21)
FN:279,(anonymous_22)
FN:289,(anonymous_23)
FN:319,(anonymous_24)
FN:331,(anonymous_25)
FNF:23
FNH:12
FNDA:35,(anonymous_3)
FNDA:0,(anonymous_4)
FNDA:0,(anonymous_5)
FNDA:0,(anonymous_6)
FNDA:0,(anonymous_7)
FNDA:0,(anonymous_8)
FNDA:0,(anonymous_9)
FNDA:0,(anonymous_10)
FNDA:0,(anonymous_11)
FNDA:0,(anonymous_12)
FNDA:73,(anonymous_13)
FNDA:0,(anonymous_14)
FNDA:35,(anonymous_15)
FNDA:0,(anonymous_16)
FNDA:35,(anonymous_17)
FNDA:32,(anonymous_18)
FNDA:32,(anonymous_19)
FNDA:18,(anonymous_20)
FNDA:35,(anonymous_21)
FNDA:34,(anonymous_22)
FNDA:32,(anonymous_23)
FNDA:1,(anonymous_24)
FNDA:67,(anonymous_25)
DA:1,21
DA:2,21
DA:4,21
DA:5,21
DA:6,21
DA:7,21
DA:8,21
DA:9,21
DA:10,21
DA:11,21
DA:13,21
DA:15,21
DA:28,21
DA:30,35
DA:33,35
DA:36,35
DA:39,35
DA:41,35
DA:43,35
DA:60,35
DA:61,35
DA:63,35
DA:64,35
DA:66,35
DA:67,35
DA:68,32
DA:69,32
DA:80,35
DA:91,35
DA:93,35
DA:97,0
DA:101,0
DA:106,0
DA:111,0
DA:115,0
DA:119,0
DA:123,0
DA:127,0
DA:131,0
DA:135,73
DA:139,0
DA:145,21
DA:147,35
DA:148,24
DA:149,24
DA:150,14
DA:155,3
DA:159,21
DA:160,21
DA:161,11
DA:166,3
DA:170,18
DA:174,0
DA:182,35
DA:183,35
DA:184,16
DA:185,16
DA:187,16
DA:191,15
DA:193,15
DA:195,15
DA:196,1
DA:201,14
DA:204,19
DA:205,13
DA:206,1
DA:209,12
DA:210,0
DA:216,18
DA:218,18
DA:220,18
DA:222,18
DA:223,18
DA:225,18
DA:229,32
DA:230,32
DA:236,32
DA:237,32
DA:239,32
DA:240,32
DA:244,18
DA:245,18
DA:255,35
DA:256,35
DA:257,35
DA:258,0
DA:259,0
DA:264,0
DA:270,35
DA:281,34
DA:282,2
DA:284,32
DA:286,0
DA:289,32
DA:290,32
DA:291,32
DA:294,32
DA:295,0
DA:298,0
DA:301,32
DA:302,32
DA:303,20
DA:307,12
DA:308,11
DA:312,11
DA:315,1
DA:316,1
DA:319,1
DA:320,1
DA:324,0
DA:332,67
LF:111
LH:92
BRDA:64,0,0,1
BRDA:64,0,1,34
BRDA:66,1,0,17
BRDA:66,1,1,18
BRDA:106,2,0,0
BRDA:106,2,1,0
BRDA:106,2,2,0
BRDA:147,3,0,11
BRDA:147,4,0,35
BRDA:147,4,1,25
BRDA:150,5,0,3
BRDA:151,6,0,14
BRDA:151,6,1,6
BRDA:151,6,2,5
BRDA:161,7,0,3
BRDA:162,8,0,11
BRDA:162,8,1,3
BRDA:162,8,2,2
BRDA:183,9,0,16
BRDA:191,10,0,0
BRDA:195,11,0,1
BRDA:195,12,0,15
BRDA:195,12,1,2
BRDA:204,13,0,13
BRDA:205,14,0,1
BRDA:209,15,0,0
BRDA:218,16,0,18
BRDA:218,16,1,12
BRDA:237,17,0,0
BRDA:246,18,0,1
BRDA:246,18,1,17
BRDA:257,19,0,0
BRDA:258,20,0,0
BRDA:281,21,0,2
BRDA:281,22,0,34
BRDA:281,22,1,4
BRDA:284,23,0,0
BRDA:294,24,0,0
BRDA:302,25,0,20
BRDA:307,26,0,11
BRDA:315,27,0,1
BRDA:320,28,0,0
BRF:42
BRH:31
end_of_record
TN:
SF:src/instance-settings/worker-missing-encryption-key.error.ts
FN:4,(anonymous_0)
FNF:1
FNH:1
FNDA:1,(anonymous_0)
DA:1,21
DA:3,21
DA:5,1
LF:3
LH:3
BRF:0
BRH:0
end_of_record
TN:
SF:src/nodes-loader/load-class-in-isolation.ts
FN:5,(anonymous_0)
FNF:1
FNH:1
FNDA:3,(anonymous_0)
DA:1,1
DA:2,1
DA:4,1
DA:5,1
DA:6,3
DA:7,1
DA:11,3
DA:13,0
DA:15,3
DA:16,3
LF:10
LH:9
BRDA:6,0,0,1
BRDA:11,1,0,0
BRDA:11,1,1,3
BRF:3
BRH:2
end_of_record
TN:
SF:src/utils/is-json-compatible.ts
FN:1,(anonymous_0)
FN:103,isJsonCompatible
FNF:2
FNH:2
FNDA:52,(anonymous_0)
FNDA:21,isJsonCompatible
DA:1,1
DA:7,52
DA:9,52
DA:10,5
DA:13,47
DA:14,3
DA:15,2
DA:21,1
DA:24,44
DA:25,3
DA:32,41
DA:33,7
DA:34,2
DA:40,5
DA:41,5
DA:42,9
DA:43,9
DA:45,2
DA:46,2
DA:49,34
DA:50,33
DA:51,2
DA:57,31
DA:60,31
DA:61,31
DA:62,4
DA:69,27
DA:70,24
DA:71,1
DA:78,23
DA:79,1
DA:82,22
DA:83,22
DA:84,22
DA:86,13
DA:87,13
DA:90,1
DA:103,1
DA:113,21
LF:39
LH:39
BRDA:3,0,0,21
BRDA:4,1,0,21
BRDA:5,2,0,0
BRDA:9,3,0,5
BRDA:9,4,0,52
BRDA:9,4,1,51
BRDA:9,4,2,49
BRDA:13,5,0,3
BRDA:14,6,0,2
BRDA:24,7,0,3
BRDA:24,8,0,44
BRDA:24,8,1,43
BRDA:24,8,2,42
BRDA:32,9,0,7
BRDA:33,10,0,2
BRDA:43,11,0,3
BRDA:49,12,0,33
BRDA:50,13,0,2
BRDA:61,14,0,4
BRDA:61,15,0,31
BRDA:61,15,1,5
BRDA:66,16,0,4
BRDA:66,16,1,0
BRDA:70,17,0,1
BRDA:78,18,0,1
BRDA:84,19,0,13
BRDA:105,20,0,20
BRF:27
BRH:25
end_of_record
TN:
SF:src/utils/serialized-buffer.ts
FN:10,toBuffer
FN:14,isSerializedBuffer
FNF:2
FNH:2
FNDA:3,toBuffer
FNDA:12,isSerializedBuffer
DA:1,1
DA:10,1
DA:11,3
DA:14,1
DA:15,12
LF:5
LH:5
BRDA:16,0,0,12
BRDA:16,0,1,9
BRDA:16,0,2,3
BRDA:16,0,3,3
BRDA:16,0,4,3
BRF:5
BRH:5
end_of_record
TN:
SF:src/utils/signature-helpers.ts
FN:6,generateUrlSignature
FN:14,prepareUrlForSigning
FNF:2
FNH:2
FNDA:5,generateUrlSignature
FNDA:2,prepareUrlForSigning
DA:1,11
DA:6,11
DA:7,5
DA:8,5
DA:14,11
DA:15,2
LF:6
LH:6
BRF:0
BRH:0
end_of_record
TN:
SF:test/utils.ts
FN:7,(anonymous_0)
FN:16,toStream
FN:24,(anonymous_2)
FNF:3
FNH:3
FNDA:9,(anonymous_0)
FNDA:2,toStream
FNDA:4,(anonymous_2)
DA:2,6
DA:3,6
DA:4,6
DA:7,6
DA:11,9
DA:12,9
DA:13,9
DA:16,6
DA:17,2
DA:18,2
DA:19,2
DA:21,2
DA:24,6
DA:25,4
LF:14
LH:14
BRDA:9,0,0,3
BRF:1
BRH:1
end_of_record
