TN:
SF:src/constants.ts
FNF:0
FNH:0
DA:1,11
DA:2,11
DA:3,11
DA:4,11
DA:5,11
DA:6,11
DA:8,11
DA:9,11
DA:10,11
DA:11,11
DA:12,11
DA:13,11
DA:15,11
DA:23,11
LF:14
LH:14
BRF:0
BRH:0
end_of_record
TN:
SF:src/credentials.ts
FN:11,(anonymous_9)
FN:19,(anonymous_10)
FN:27,(anonymous_11)
FN:37,(anonymous_12)
FN:48,(anonymous_13)
FN:70,(anonymous_14)
FNF:6
FNH:5
FNDA:7,(anonymous_9)
FNDA:13,(anonymous_10)
FNDA:9,(anonymous_11)
FNDA:4,(anonymous_12)
FNDA:18,(anonymous_13)
FNDA:0,(anonymous_14)
DA:1,1
DA:2,1
DA:4,1
DA:5,1
DA:7,1
DA:8,1
DA:10,1
DA:12,7
DA:19,1
DA:22,13
DA:28,9
DA:30,6
DA:38,4
DA:39,3
DA:40,3
DA:42,3
DA:49,18
DA:50,3
DA:54,15
DA:55,15
DA:57,2
DA:60,13
DA:61,13
DA:63,2
DA:71,0
DA:72,0
DA:75,0
LF:27
LH:24
BRDA:37,0,0,2
BRDA:49,1,0,3
BRDA:71,2,0,0
BRF:3
BRH:2
end_of_record
TN:
SF:src/data-deduplication-service.ts
FN:24,(anonymous_10)
FN:28,(anonymous_11)
FN:35,(anonymous_12)
FN:42,(anonymous_13)
FN:49,(anonymous_14)
FN:54,(anonymous_15)
FN:59,(anonymous_16)
FN:68,(anonymous_17)
FN:82,(anonymous_18)
FN:83,(anonymous_19)
FN:87,(anonymous_20)
FN:97,(anonymous_21)
FN:107,(anonymous_22)
FN:116,(anonymous_23)
FNF:14
FNH:0
FNDA:0,(anonymous_10)
FNDA:0,(anonymous_11)
FNDA:0,(anonymous_12)
FNDA:0,(anonymous_13)
FNDA:0,(anonymous_14)
FNDA:0,(anonymous_15)
FNDA:0,(anonymous_16)
FNDA:0,(anonymous_17)
FNDA:0,(anonymous_18)
FNDA:0,(anonymous_19)
FNDA:0,(anonymous_20)
FNDA:0,(anonymous_21)
FNDA:0,(anonymous_22)
FNDA:0,(anonymous_23)
DA:1,3
DA:12,3
DA:19,3
DA:25,0
DA:29,0
DA:36,0
DA:43,0
DA:50,0
DA:51,0
DA:55,0
DA:56,0
DA:66,0
DA:68,0
DA:69,0
DA:70,0
DA:71,0
DA:74,0
DA:81,0
DA:82,0
DA:83,0
DA:93,0
DA:94,0
DA:103,0
DA:104,0
DA:112,0
DA:113,0
DA:121,0
DA:122,0
LF:28
LH:3
BRDA:70,0,0,0
BRDA:70,0,1,0
BRF:2
BRH:0
end_of_record
TN:
SF:src/html-sandbox.ts
FN:7,(anonymous_0)
FN:14,(anonymous_1)
FN:35,(anonymous_2)
FN:67,(anonymous_3)
FN:109,(anonymous_4)
FN:119,(anonymous_5)
FN:134,(anonymous_6)
FN:149,(anonymous_7)
FNF:8
FNH:8
FNDA:30,(anonymous_0)
FNDA:14,(anonymous_1)
FNDA:30,(anonymous_2)
FNDA:29,(anonymous_3)
FNDA:10,(anonymous_4)
FNDA:16,(anonymous_5)
FNDA:10,(anonymous_6)
FNDA:23,(anonymous_7)
DA:1,1
DA:2,1
DA:3,1
DA:5,1
DA:7,1
DA:8,30
DA:14,1
DA:15,14
DA:16,14
DA:17,14
DA:21,0
DA:35,1
DA:36,30
DA:39,25
DA:40,5
DA:42,20
DA:45,25
DA:49,16
DA:51,16
DA:67,1
DA:68,29
DA:69,29
DA:70,29
DA:71,29
DA:73,29
DA:74,29
DA:76,29
DA:77,4124
DA:78,3903
DA:81,29
DA:84,25
DA:87,25
DA:88,25
DA:90,25
DA:91,4103
DA:92,221
DA:93,221
DA:94,3882
DA:95,432
DA:96,432
DA:98,3450
DA:102,25
DA:109,1
DA:110,10
DA:112,10
DA:113,10
DA:118,10
DA:120,16
DA:121,16
DA:122,16
DA:123,16
DA:126,16
DA:128,16
DA:130,0
DA:135,10
DA:136,10
DA:137,10
DA:139,0
DA:149,1
DA:150,23
DA:152,23
LF:61
LH:58
BRDA:18,0,0,14
BRDA:18,0,1,10
BRDA:35,1,0,19
BRDA:36,2,0,5
BRDA:39,3,0,5
BRDA:39,3,1,20
BRDA:45,4,0,9
BRDA:45,5,0,25
BRDA:45,5,1,14
BRDA:77,6,0,221
BRDA:77,6,1,3903
BRDA:78,7,0,432
BRDA:81,8,0,4
BRDA:81,9,0,29
BRDA:81,9,1,9
BRDA:91,10,0,221
BRDA:91,10,1,3882
BRDA:94,11,0,432
BRDA:94,11,1,3450
BRDA:121,12,0,16
BRDA:121,12,1,0
BRDA:123,13,0,9
BRDA:123,13,1,7
BRDA:136,14,0,1
BRDA:136,14,1,9
BRDA:154,15,0,23
BRDA:154,15,1,16
BRF:27
BRH:26
end_of_record
TN:
SF:src/binary-data/binary-data.config.ts
FN:12,(anonymous_3)
FN:36,(anonymous_4)
FNF:2
FNH:2
FNDA:2,(anonymous_3)
FNDA:5,(anonymous_4)
DA:1,11
DA:2,11
DA:3,11
DA:4,11
DA:6,11
DA:8,11
DA:10,11
DA:12,2
DA:16,11
DA:19,11
DA:23,11
DA:27,11
DA:34,11
DA:37,5
DA:38,5
LF:15
LH:15
BRF:0
BRH:0
end_of_record
TN:
SF:src/binary-data/binary-data.service.ts
FN:22,(anonymous_12)
FN:24,(anonymous_13)
FN:31,(anonymous_14)
FN:40,(anonymous_15)
FN:41,(anonymous_16)
FN:49,(anonymous_17)
FN:62,(anonymous_18)
FN:68,(anonymous_19)
FN:103,(anonymous_20)
FN:138,(anonymous_21)
FN:144,(anonymous_22)
FN:154,(anonymous_23)
FN:160,(anonymous_24)
FN:166,(anonymous_25)
FN:174,(anonymous_26)
FN:181,(anonymous_27)
FN:184,(anonymous_28)
FN:208,(anonymous_29)
FN:220,(anonymous_30)
FN:224,(anonymous_31)
FN:233,(anonymous_32)
FN:245,(anonymous_33)
FN:251,(anonymous_34)
FN:252,(anonymous_35)
FN:265,(anonymous_36)
FNF:25
FNH:9
FNDA:7,(anonymous_12)
FNDA:2,(anonymous_13)
FNDA:2,(anonymous_14)
FNDA:0,(anonymous_15)
FNDA:0,(anonymous_16)
FNDA:2,(anonymous_17)
FNDA:3,(anonymous_18)
FNDA:0,(anonymous_19)
FNDA:2,(anonymous_20)
FNDA:0,(anonymous_21)
FNDA:2,(anonymous_22)
FNDA:0,(anonymous_23)
FNDA:0,(anonymous_24)
FNDA:0,(anonymous_25)
FNDA:0,(anonymous_26)
FNDA:0,(anonymous_27)
FNDA:0,(anonymous_28)
FNDA:0,(anonymous_29)
FNDA:1,(anonymous_30)
FNDA:0,(anonymous_31)
FNDA:0,(anonymous_32)
FNDA:0,(anonymous_33)
FNDA:0,(anonymous_34)
FNDA:0,(anonymous_35)
FNDA:1,(anonymous_36)
DA:1,10
DA:2,10
DA:4,10
DA:6,10
DA:7,10
DA:10,10
DA:12,10
DA:13,10
DA:14,10
DA:17,10
DA:18,7
DA:20,7
DA:22,7
DA:25,2
DA:26,2
DA:28,2
DA:30,2
DA:31,4
DA:33,2
DA:34,2
DA:36,2
DA:39,2
DA:40,0
DA:41,0
DA:43,0
DA:45,0
DA:50,2
DA:51,1
DA:54,1
DA:58,1
DA:59,1
DA:63,3
DA:64,3
DA:65,1
DA:74,0
DA:76,0
DA:77,0
DA:78,0
DA:79,0
DA:81,0
DA:84,0
DA:89,0
DA:96,0
DA:97,0
DA:98,0
DA:100,0
DA:109,2
DA:111,2
DA:112,1
DA:113,1
DA:114,1
DA:116,1
DA:119,1
DA:124,1
DA:131,1
DA:132,1
DA:133,1
DA:135,1
DA:139,0
DA:141,0
DA:145,2
DA:146,1
DA:148,1
DA:151,1
DA:155,0
DA:157,0
DA:161,0
DA:163,0
DA:167,0
DA:169,0
DA:171,0
DA:179,0
DA:180,0
DA:182,0
DA:183,0
DA:185,0
DA:186,0
DA:193,0
DA:198,0
DA:202,0
DA:205,0
DA:209,0
DA:211,0
DA:213,0
DA:221,1
DA:229,0
DA:231,0
DA:232,0
DA:233,0
DA:234,0
DA:235,0
DA:238,0
DA:239,0
DA:240,0
DA:243,0
DA:245,0
DA:251,0
DA:252,0
DA:253,0
DA:254,0
DA:257,0
DA:262,0
DA:266,1
DA:268,1
DA:270,0
LF:105
LH:49
BRDA:26,0,0,0
BRDA:28,1,0,1
BRDA:28,1,1,1
BRDA:30,2,0,2
BRDA:39,3,0,0
BRDA:49,4,0,2
BRDA:50,5,0,1
BRDA:76,6,0,0
BRDA:111,7,0,1
BRDA:145,8,0,1
BRDA:169,9,0,0
BRDA:171,10,0,0
BRDA:179,11,0,0
BRDA:179,12,0,0
BRDA:179,12,1,0
BRDA:182,13,0,0
BRDA:185,14,0,0
BRDA:211,15,0,0
BRDA:231,16,0,0
BRDA:234,17,0,0
BRDA:239,18,0,0
BRDA:253,19,0,0
BRDA:253,20,0,0
BRDA:253,20,1,0
BRDA:268,21,0,1
BRF:25
BRH:8
end_of_record
TN:
SF:src/binary-data/file-system.manager.ts
FN:17,(anonymous_1)
FN:19,(anonymous_2)
FN:23,(anonymous_3)
FN:43,(anonymous_4)
FN:47,(anonymous_5)
FN:57,(anonymous_6)
FN:67,(anonymous_7)
FN:73,(anonymous_8)
FN:78,(anonymous_9)
FN:95,(anonymous_10)
FN:100,(anonymous_11)
FN:106,(anonymous_12)
FN:126,(anonymous_13)
FN:141,(anonymous_14)
FN:168,(anonymous_15)
FN:174,(anonymous_16)
FN:175,(anonymous_17)
FN:184,(anonymous_18)
FN:190,(anonymous_19)
FNF:19
FNH:9
FNDA:2,(anonymous_1)
FNDA:2,(anonymous_2)
FNDA:1,(anonymous_3)
FNDA:0,(anonymous_4)
FNDA:0,(anonymous_5)
FNDA:1,(anonymous_6)
FNDA:0,(anonymous_7)
FNDA:0,(anonymous_8)
FNDA:0,(anonymous_9)
FNDA:0,(anonymous_10)
FNDA:0,(anonymous_11)
FNDA:0,(anonymous_12)
FNDA:0,(anonymous_13)
FNDA:0,(anonymous_14)
FNDA:1,(anonymous_15)
FNDA:4,(anonymous_16)
FNDA:4,(anonymous_17)
FNDA:1,(anonymous_18)
FNDA:1,(anonymous_19)
DA:1,1
DA:2,1
DA:3,1
DA:4,1
DA:6,1
DA:9,1
DA:10,1
DA:11,1
DA:14,1
DA:16,1
DA:17,2
DA:20,2
DA:29,1
DA:30,1
DA:32,1
DA:34,1
DA:36,1
DA:38,1
DA:40,1
DA:44,0
DA:48,0
DA:50,0
DA:51,0
DA:54,0
DA:58,1
DA:60,1
DA:61,0
DA:64,1
DA:68,0
DA:70,0
DA:74,0
DA:78,0
DA:80,0
DA:81,0
DA:83,0
DA:84,0
DA:86,0
DA:87,0
DA:89,0
DA:95,0
DA:96,0
DA:99,0
DA:101,0
DA:112,0
DA:113,0
DA:115,0
DA:117,0
DA:119,0
DA:121,0
DA:123,0
DA:127,0
DA:128,0
DA:129,0
DA:130,0
DA:132,0
DA:134,0
DA:136,0
DA:138,0
DA:142,0
DA:143,0
DA:145,0
DA:147,0
DA:152,0
DA:153,0
DA:155,0
DA:169,1
DA:171,1
DA:175,4
DA:177,4
DA:178,0
DA:181,4
DA:185,1
DA:187,1
DA:191,1
DA:193,1
DA:194,1
DA:195,1
DA:197,0
LF:78
LH:33
BRDA:50,0,0,0
BRDA:60,1,0,0
BRDA:74,2,0,0
BRDA:86,3,0,0
BRDA:86,4,0,0
BRDA:86,4,1,0
BRDA:169,5,0,0
BRDA:177,6,0,0
BRF:8
BRH:0
end_of_record
TN:
SF:src/binary-data/object-store.manager.ts
FN:12,(anonymous_3)
FN:14,(anonymous_4)
FN:18,(anonymous_5)
FN:32,(anonymous_6)
FN:36,(anonymous_7)
FN:40,(anonymous_8)
FN:44,(anonymous_9)
FN:59,(anonymous_10)
FN:72,(anonymous_11)
FN:86,(anonymous_12)
FN:98,(anonymous_13)
FNF:11
FNH:10
FNDA:1,(anonymous_3)
FNDA:0,(anonymous_4)
FNDA:1,(anonymous_5)
FNDA:1,(anonymous_6)
FNDA:1,(anonymous_7)
FNDA:1,(anonymous_8)
FNDA:1,(anonymous_9)
FNDA:1,(anonymous_10)
FNDA:1,(anonymous_11)
FNDA:1,(anonymous_12)
FNDA:3,(anonymous_13)
DA:1,1
DA:2,1
DA:4,1
DA:6,1
DA:8,1
DA:11,1
DA:12,1
DA:15,0
DA:24,1
DA:25,1
DA:27,1
DA:29,1
DA:33,1
DA:37,1
DA:41,1
DA:49,1
DA:51,1
DA:53,1
DA:54,1
DA:56,1
DA:60,1
DA:62,1
DA:64,1
DA:66,1
DA:78,1
DA:79,1
DA:81,1
DA:83,1
DA:87,1
DA:88,1
DA:90,1
DA:91,1
DA:99,3
DA:101,3
LF:34
LH:33
BRDA:53,0,0,1
BRDA:54,1,0,1
BRDA:99,2,0,0
BRF:3
BRH:2
end_of_record
TN:
SF:src/binary-data/utils.ts
FN:11,areConfigModes
FN:12,(anonymous_1)
FN:15,isStoredMode
FN:19,assertDir
FN:27,doesNotExist
FN:37,streamToBuffer
FN:38,(anonymous_6)
FN:40,(anonymous_7)
FN:41,(anonymous_8)
FN:42,(anonymous_9)
FN:51,binaryToBuffer
FNF:11
FNH:10
FNDA:2,areConfigModes
FNDA:4,(anonymous_1)
FNDA:0,isStoredMode
FNDA:3,assertDir
FNDA:1,doesNotExist
FNDA:21,streamToBuffer
FNDA:21,(anonymous_6)
FNDA:20,(anonymous_7)
FNDA:20,(anonymous_8)
FNDA:1,(anonymous_9)
FNDA:32,binaryToBuffer
DA:1,16
DA:2,16
DA:7,16
DA:9,16
DA:11,16
DA:12,4
DA:15,16
DA:16,0
DA:19,16
DA:20,3
DA:21,3
DA:23,1
DA:27,16
DA:28,1
DA:29,1
DA:30,1
DA:32,0
DA:37,16
DA:38,21
DA:39,21
DA:40,21
DA:41,21
DA:42,21
DA:43,1
DA:44,1
DA:45,0
DA:51,16
DA:52,32
DA:53,20
LF:29
LH:26
BRDA:43,0,0,1
BRDA:43,0,1,0
BRDA:43,1,0,1
BRDA:43,1,1,1
BRDA:52,2,0,12
BRF:5
BRH:4
end_of_record
TN:
SF:src/binary-data/object-store/object-store.config.ts
FN:9,(anonymous_2)
FN:20,(anonymous_3)
FN:39,(anonymous_4)
FNF:3
FNH:0
FNDA:0,(anonymous_2)
FNDA:0,(anonymous_3)
FNDA:0,(anonymous_4)
DA:1,2
DA:2,2
DA:4,2
DA:9,2
DA:12,2
DA:16,2
DA:20,2
DA:23,2
DA:27,2
DA:35,2
DA:39,2
DA:45,2
DA:48,2
DA:51,2
DA:54,2
LF:15
LH:15
BRF:0
BRH:0
end_of_record
TN:
SF:src/binary-data/object-store/object-store.service.ee.ts
FN:37,(anonymous_2)
FN:53,(anonymous_3)
FN:73,(anonymous_4)
FN:78,(anonymous_5)
FN:85,(anonymous_6)
FN:101,(anonymous_7)
FN:137,(anonymous_8)
FN:165,(anonymous_9)
FN:187,(anonymous_10)
FN:202,(anonymous_11)
FN:221,(anonymous_12)
FN:234,(anonymous_13)
FN:235,(anonymous_14)
FN:257,(anonymous_15)
FN:283,(anonymous_16)
FNF:15
FNH:15
FNDA:24,(anonymous_2)
FNDA:27,(anonymous_3)
FNDA:24,(anonymous_4)
FNDA:26,(anonymous_5)
FNDA:26,(anonymous_6)
FNDA:3,(anonymous_7)
FNDA:3,(anonymous_8)
FNDA:2,(anonymous_9)
FNDA:1,(anonymous_10)
FNDA:2,(anonymous_11)
FNDA:3,(anonymous_12)
FNDA:2,(anonymous_13)
FNDA:2,(anonymous_14)
FNDA:3,(anonymous_15)
FNDA:3,(anonymous_16)
DA:8,2
DA:18,2
DA:19,2
DA:20,2
DA:21,2
DA:22,2
DA:24,2
DA:27,2
DA:30,2
DA:33,24
DA:38,24
DA:39,24
DA:41,24
DA:42,24
DA:43,0
DA:48,24
DA:49,24
DA:54,27
DA:55,27
DA:56,27
DA:57,27
DA:58,3
DA:59,3
DA:61,27
DA:62,27
DA:64,27
DA:65,5
DA:70,27
DA:74,24
DA:75,24
DA:79,26
DA:86,26
DA:88,26
DA:89,26
DA:91,26
DA:92,26
DA:94,1
DA:102,3
DA:103,3
DA:116,3
DA:117,3
DA:120,3
DA:121,3
DA:124,3
DA:125,3
DA:126,3
DA:128,1
DA:138,3
DA:140,3
DA:147,3
DA:148,3
DA:149,2
DA:151,2
DA:152,1
DA:153,0
DA:156,1
DA:158,1
DA:166,2
DA:167,2
DA:174,2
DA:175,2
DA:178,1
DA:180,1
DA:181,1
DA:182,1
DA:183,1
DA:186,1
DA:187,1
DA:188,1
DA:193,1
DA:195,1
DA:203,2
DA:204,2
DA:211,2
DA:212,2
DA:214,1
DA:222,3
DA:223,3
DA:225,3
DA:227,2
DA:234,2
DA:235,2
DA:242,2
DA:247,2
DA:248,2
DA:250,1
DA:258,3
DA:259,3
DA:262,3
DA:263,3
DA:264,4
DA:266,3
DA:267,3
DA:270,3
DA:271,3
DA:274,2
DA:276,1
DA:284,3
DA:285,3
DA:292,3
DA:293,1
DA:296,3
DA:297,3
DA:298,3
DA:301,2
DA:303,2
DA:309,1
LF:107
LH:105
BRDA:42,0,0,0
BRDA:56,1,0,3
BRDA:56,1,1,24
BRDA:57,2,0,3
BRDA:61,3,0,27
BRDA:64,4,0,5
BRDA:86,5,0,0
BRDA:101,6,0,0
BRDA:116,7,0,3
BRDA:120,8,0,3
BRDA:149,9,0,0
BRDA:151,10,0,1
BRDA:152,11,0,1
BRDA:180,12,0,1
BRDA:181,13,0,1
BRDA:182,14,0,1
BRDA:183,15,0,1
BRDA:186,16,0,1
BRDA:189,17,0,1
BRDA:189,17,1,0
BRDA:225,18,0,1
BRDA:266,19,0,3
BRDA:292,20,0,1
BRDA:301,21,0,2
BRDA:301,21,1,0
BRDA:305,22,0,2
BRDA:305,22,1,0
BRF:27
BRH:20
end_of_record
TN:
SF:src/encryption/cipher.ts
FN:11,(anonymous_2)
FN:13,(anonymous_3)
FN:21,(anonymous_4)
FN:31,(anonymous_5)
FNF:4
FNH:4
FNDA:2,(anonymous_2)
FNDA:12,(anonymous_3)
FNDA:19,(anonymous_4)
FNDA:30,(anonymous_5)
DA:1,2
DA:2,2
DA:4,2
DA:7,2
DA:10,2
DA:11,2
DA:14,12
DA:15,12
DA:16,12
DA:17,12
DA:18,12
DA:22,19
DA:23,19
DA:24,18
DA:25,18
DA:26,18
DA:27,18
DA:28,18
DA:32,30
DA:33,30
DA:34,30
DA:35,30
DA:38,30
DA:41,30
DA:42,30
LF:25
LH:25
BRDA:17,0,0,2
BRDA:17,0,1,10
BRDA:23,1,0,1
BRF:3
BRH:3
end_of_record
TN:
SF:src/errors/disallowed-filepath.error.ts
FN:4,(anonymous_0)
FNF:1
FNH:0
FNDA:0,(anonymous_0)
DA:1,6
DA:3,6
DA:5,0
LF:3
LH:2
BRF:0
BRH:0
end_of_record
TN:
SF:src/errors/error-reporter.ts
FN:42,(anonymous_11)
FN:48,(anonymous_12)
FN:49,(anonymous_13)
FN:49,(anonymous_14)
FN:49,(anonymous_15)
FN:49,(anonymous_16)
FN:56,(anonymous_17)
FN:57,(anonymous_18)
FN:58,(anonymous_19)
FN:59,(anonymous_20)
FN:64,(anonymous_21)
FN:90,(anonymous_22)
FN:92,(anonymous_23)
FN:96,(anonymous_24)
FN:107,(anonymous_25)
FN:113,(anonymous_26)
FN:118,(anonymous_27)
FN:136,(anonymous_28)
FN:137,(anonymous_29)
FN:150,(anonymous_30)
FN:168,(anonymous_31)
FN:170,(anonymous_32)
FN:171,(anonymous_33)
FN:189,(anonymous_34)
FN:193,(anonymous_35)
FN:199,(anonymous_36)
FN:246,(anonymous_37)
FN:252,(anonymous_38)
FN:256,(anonymous_39)
FN:260,(anonymous_40)
FN:267,(anonymous_41)
FN:271,(anonymous_42)
FN:275,(anonymous_43)
FN:279,(anonymous_44)
FNF:34
FNH:1
FNDA:2,(anonymous_11)
FNDA:0,(anonymous_12)
FNDA:0,(anonymous_13)
FNDA:0,(anonymous_14)
FNDA:0,(anonymous_15)
FNDA:0,(anonymous_16)
FNDA:0,(anonymous_17)
FNDA:0,(anonymous_18)
FNDA:0,(anonymous_19)
FNDA:0,(anonymous_20)
FNDA:0,(anonymous_21)
FNDA:0,(anonymous_22)
FNDA:0,(anonymous_23)
FNDA:0,(anonymous_24)
FNDA:0,(anonymous_25)
FNDA:0,(anonymous_26)
FNDA:0,(anonymous_27)
FNDA:0,(anonymous_28)
FNDA:0,(anonymous_29)
FNDA:0,(anonymous_30)
FNDA:0,(anonymous_31)
FNDA:0,(anonymous_32)
FNDA:0,(anonymous_33)
FNDA:0,(anonymous_34)
FNDA:0,(anonymous_35)
FNDA:0,(anonymous_36)
FNDA:0,(anonymous_37)
FNDA:0,(anonymous_38)
FNDA:0,(anonymous_39)
FNDA:0,(anonymous_40)
FNDA:0,(anonymous_41)
FNDA:0,(anonymous_42)
FNDA:0,(anonymous_43)
FNDA:0,(anonymous_44)
DA:1,5
DA:3,5
DA:8,5
DA:9,5
DA:10,5
DA:26,5
DA:27,5
DA:29,5
DA:32,5
DA:36,2
DA:44,2
DA:49,0
DA:51,0
DA:52,0
DA:55,0
DA:56,0
DA:57,0
DA:58,0
DA:59,0
DA:65,0
DA:66,0
DA:68,0
DA:69,0
DA:71,0
DA:72,0
DA:73,0
DA:74,0
DA:75,0
DA:76,0
DA:78,0
DA:80,0
DA:82,0
DA:83,0
DA:85,0
DA:91,0
DA:92,0
DA:93,0
DA:105,0
DA:107,0
DA:108,0
DA:111,0
DA:112,0
DA:113,0
DA:114,0
DA:115,0
DA:116,0
DA:118,0
DA:120,0
DA:121,0
DA:123,0
DA:125,0
DA:128,0
DA:131,0
DA:134,0
DA:136,0
DA:137,0
DA:139,0
DA:148,0
DA:149,0
DA:150,0
DA:151,0
DA:153,0
DA:162,0
DA:168,0
DA:170,0
DA:171,0
DA:187,0
DA:189,0
DA:190,0
DA:194,0
DA:196,0
DA:198,0
DA:199,0
DA:202,0
DA:208,0
DA:211,0
DA:213,0
DA:214,0
DA:216,0
DA:219,0
DA:220,0
DA:221,0
DA:223,0
DA:226,0
DA:234,0
DA:237,0
DA:238,0
DA:239,0
DA:240,0
DA:243,0
DA:247,0
DA:248,0
DA:249,0
DA:253,0
DA:257,0
DA:261,0
DA:262,0
DA:263,0
DA:268,0
DA:271,0
DA:276,0
DA:283,0
DA:284,0
DA:285,0
DA:286,0
LF:105
LH:11
BRDA:49,0,0,0
BRDA:56,1,0,0
BRDA:56,1,1,0
BRDA:57,2,0,0
BRDA:57,2,1,0
BRDA:58,3,0,0
BRDA:58,3,1,0
BRDA:59,4,0,0
BRDA:59,4,1,0
BRDA:65,5,0,0
BRDA:68,6,0,0
BRDA:68,6,1,0
BRDA:69,7,0,0
BRDA:69,7,1,0
BRDA:74,8,0,0
BRDA:74,9,0,0
BRDA:74,9,1,0
BRDA:75,10,0,0
BRDA:75,11,0,0
BRDA:75,11,1,0
BRDA:82,12,0,0
BRDA:82,13,0,0
BRDA:82,13,1,0
BRDA:90,14,0,0
BRDA:105,15,0,0
BRDA:111,16,0,0
BRDA:114,17,0,0
BRDA:120,18,0,0
BRDA:120,18,1,0
BRDA:131,19,0,0
BRDA:157,20,0,0
BRDA:157,20,1,0
BRDA:183,21,0,0
BRDA:183,21,1,0
BRDA:196,22,0,0
BRDA:198,23,0,0
BRDA:202,24,0,0
BRDA:211,25,0,0
BRDA:213,26,0,0
BRDA:214,27,0,0
BRDA:219,28,0,0
BRDA:220,29,0,0
BRDA:220,30,0,0
BRDA:220,30,1,0
BRDA:221,31,0,0
BRDA:226,32,0,0
BRDA:227,33,0,0
BRDA:227,33,1,0
BRDA:227,33,2,0
BRDA:227,33,3,0
BRDA:227,33,4,0
BRDA:227,33,5,0
BRDA:237,34,0,0
BRDA:237,35,0,0
BRDA:237,35,1,0
BRDA:239,36,0,0
BRDA:247,37,0,0
BRDA:249,38,0,0
BRDA:261,39,0,0
BRDA:262,40,0,0
BRDA:269,41,0,0
BRDA:269,41,1,0
BRDA:269,41,2,0
BRDA:276,42,0,0
BRDA:276,42,1,0
BRDA:285,43,0,0
BRDA:286,44,0,0
BRF:67
BRH:0
end_of_record
TN:
SF:src/errors/file-not-found.error.ts
FN:4,(anonymous_0)
FNF:1
FNH:0
FNDA:0,(anonymous_0)
DA:1,6
DA:3,6
DA:5,0
LF:3
LH:2
BRF:0
BRH:0
end_of_record
TN:
SF:src/errors/index.ts
FN:1,(anonymous_0)
FN:2,(anonymous_1)
FN:3,(anonymous_2)
FN:4,(anonymous_3)
FN:5,(anonymous_4)
FN:6,(anonymous_5)
FN:7,(anonymous_6)
FN:9,(anonymous_7)
FNF:8
FNH:1
FNDA:0,(anonymous_0)
FNDA:0,(anonymous_1)
FNDA:0,(anonymous_2)
FNDA:0,(anonymous_3)
FNDA:0,(anonymous_4)
FNDA:0,(anonymous_5)
FNDA:0,(anonymous_6)
FNDA:5,(anonymous_7)
DA:1,5
DA:2,5
DA:3,5
DA:4,5
DA:5,5
DA:6,5
DA:7,5
DA:9,10
LF:8
LH:8
BRF:0
BRH:0
end_of_record
TN:
SF:src/errors/invalid-execution-metadata.error.ts
FN:4,(anonymous_0)
FNF:1
FNH:1
FNDA:6,(anonymous_0)
DA:1,13
DA:3,13
DA:5,6
DA:11,6
LF:4
LH:4
BRDA:11,0,0,6
BRDA:11,0,1,3
BRF:2
BRH:2
end_of_record
TN:
SF:src/errors/invalid-manager.error.ts
FN:4,(anonymous_0)
FNF:1
FNH:0
FNDA:0,(anonymous_0)
DA:1,13
DA:3,13
DA:5,0
LF:3
LH:2
BRF:0
BRH:0
end_of_record
TN:
SF:src/errors/invalid-mode.error.ts
FN:6,(anonymous_0)
FNF:1
FNH:0
FNDA:0,(anonymous_0)
DA:1,13
DA:3,13
DA:5,13
DA:7,0
LF:4
LH:3
BRF:0
BRH:0
end_of_record
TN:
SF:src/errors/unrecognized-credential-type.error.ts
FN:4,(anonymous_0)
FNF:1
FNH:0
FNDA:0,(anonymous_0)
DA:1,5
DA:3,5
DA:5,0
LF:3
LH:2
BRF:0
BRH:0
end_of_record
TN:
SF:src/errors/unrecognized-node-type.error.ts
FN:4,(anonymous_0)
FNF:1
FNH:0
FNDA:0,(anonymous_0)
DA:1,5
DA:3,5
DA:5,0
LF:3
LH:2
BRF:0
BRH:0
end_of_record
TN:
SF:src/errors/abstract/binary-data.error.ts
FNF:0
FNH:0
DA:1,13
DA:3,13
LF:2
LH:2
BRF:0
BRH:0
end_of_record
TN:
SF:src/errors/abstract/filesystem.error.ts
FN:4,(anonymous_0)
FNF:1
FNH:0
FNDA:0,(anonymous_0)
DA:1,6
DA:3,6
DA:5,0
LF:3
LH:2
BRF:0
BRH:0
end_of_record
TN:
SF:src/execution-engine/active-workflows.ts
FN:30,(anonymous_2)
FN:42,(anonymous_3)
FN:49,(anonymous_4)
FN:56,(anonymous_5)
FN:67,(anonymous_6)
FN:138,(anonymous_7)
FN:155,(anonymous_8)
FN:200,(anonymous_9)
FN:218,(anonymous_10)
FN:232,(anonymous_11)
FNF:10
FNH:10
FNDA:16,(anonymous_2)
FNDA:14,(anonymous_3)
FNDA:2,(anonymous_4)
FNDA:2,(anonymous_5)
FNDA:14,(anonymous_6)
FNDA:6,(anonymous_7)
FNDA:7,(anonymous_8)
FNDA:5,(anonymous_9)
FNDA:1,(anonymous_10)
FNDA:4,(anonymous_11)
DA:1,1
DA:2,1
DA:13,1
DA:21,1
DA:25,1
DA:26,1
DA:29,1
DA:31,16
DA:32,16
DA:33,16
DA:34,16
DA:37,16
DA:43,14
DA:50,2
DA:57,2
DA:76,14
DA:78,14
DA:80,14
DA:81,9
DA:82,9
DA:90,8
DA:91,8
DA:94,1
DA:96,1
DA:103,13
DA:105,13
DA:107,13
DA:109,6
DA:110,6
DA:111,6
DA:121,3
DA:122,3
DA:125,3
DA:127,3
DA:146,6
DA:148,6
DA:153,6
DA:155,6
DA:156,7
DA:161,7
DA:162,7
DA:164,4
DA:165,3
DA:171,3
DA:172,2
DA:174,1
DA:179,6
DA:181,4
DA:182,4
DA:183,1
DA:186,3
DA:193,3
DA:201,5
DA:202,1
DA:203,1
DA:206,4
DA:208,4
DA:209,4
DA:210,4
DA:213,3
DA:215,3
DA:219,1
DA:221,1
DA:223,1
DA:224,1
DA:227,1
DA:233,4
DA:235,4
DA:236,4
DA:238,2
DA:239,1
DA:242,1
DA:243,1
DA:246,1
DA:248,1
LF:75
LH:75
BRDA:90,0,0,8
BRDA:94,1,0,1
BRDA:94,1,1,0
BRDA:107,2,0,7
BRDA:121,3,0,3
BRDA:125,4,0,3
BRDA:125,4,1,0
BRDA:153,5,0,6
BRDA:153,5,1,0
BRDA:155,6,0,1
BRDA:164,7,0,3
BRDA:171,8,0,2
BRDA:182,9,0,1
BRDA:201,10,0,1
BRDA:209,11,0,4
BRDA:209,11,1,0
BRDA:221,12,0,0
BRDA:233,13,0,0
BRDA:238,14,0,1
BRDA:246,15,0,1
BRDA:246,15,1,0
BRF:21
BRH:14
end_of_record
TN:
SF:src/execution-engine/execution-lifecycle-hooks.ts
FN:94,(anonymous_0)
FN:100,(anonymous_1)
FN:108,(anonymous_2)
FNF:3
FNH:3
FNDA:10,(anonymous_0)
FNDA:9,(anonymous_1)
FNDA:9,(anonymous_2)
DA:83,1
DA:84,10
DA:95,10
DA:96,10
DA:97,10
DA:105,9
DA:114,9
DA:115,9
DA:116,10
DA:120,10
LF:10
LH:10
BRF:0
BRH:0
end_of_record
TN:
SF:src/execution-engine/external-secrets-proxy.ts
FN:16,(anonymous_1)
FN:20,(anonymous_2)
FN:24,(anonymous_3)
FN:28,(anonymous_4)
FN:32,(anonymous_5)
FN:36,(anonymous_6)
FN:40,(anonymous_7)
FNF:7
FNH:7
FNDA:6,(anonymous_1)
FNDA:2,(anonymous_2)
FNDA:2,(anonymous_3)
FNDA:2,(anonymous_4)
FNDA:2,(anonymous_5)
FNDA:2,(anonymous_6)
FNDA:2,(anonymous_7)
DA:1,1
DA:13,1
DA:17,6
DA:21,2
DA:25,2
DA:29,2
DA:33,2
DA:37,2
DA:41,2
LF:9
LH:9
BRDA:29,0,0,2
BRDA:29,0,1,1
BRDA:33,1,0,2
BRDA:33,1,1,1
BRDA:37,2,0,2
BRDA:37,2,1,1
BRDA:41,3,0,2
BRDA:41,3,1,1
BRF:8
BRH:8
end_of_record
TN:
SF:src/execution-engine/scheduled-task-manager.ts
FN:22,(anonymous_2)
FN:27,(anonymous_3)
FN:34,(anonymous_4)
FN:41,(anonymous_5)
FN:48,(anonymous_6)
FN:49,(anonymous_7)
FN:49,(anonymous_8)
FN:49,(anonymous_9)
FN:49,(anonymous_10)
FN:56,(anonymous_11)
FN:58,(anonymous_12)
FN:60,(anonymous_13)
FN:62,(anonymous_14)
FN:68,(anonymous_15)
FN:95,(anonymous_16)
FN:127,(anonymous_17)
FN:148,(anonymous_18)
FN:157,(anonymous_19)
FN:173,(anonymous_20)
FNF:19
FNH:12
FNDA:6,(anonymous_2)
FNDA:4,(anonymous_3)
FNDA:11,(anonymous_4)
FNDA:4,(anonymous_5)
FNDA:19,(anonymous_6)
FNDA:18,(anonymous_7)
FNDA:0,(anonymous_8)
FNDA:0,(anonymous_9)
FNDA:1,(anonymous_10)
FNDA:0,(anonymous_11)
FNDA:0,(anonymous_12)
FNDA:0,(anonymous_13)
FNDA:0,(anonymous_14)
FNDA:9,(anonymous_15)
FNDA:20,(anonymous_16)
FNDA:1,(anonymous_17)
FNDA:0,(anonymous_18)
FNDA:9,(anonymous_19)
FNDA:37,(anonymous_20)
DA:1,5
DA:2,5
DA:3,5
DA:4,5
DA:5,5
DA:8,5
DA:9,5
DA:16,5
DA:17,11
DA:23,6
DA:25,6
DA:26,4
DA:27,4
DA:31,6
DA:35,11
DA:37,11
DA:39,11
DA:41,8
DA:42,4
DA:43,2
DA:49,19
DA:51,0
DA:52,0
DA:55,0
DA:57,0
DA:59,0
DA:61,0
DA:63,0
DA:69,9
DA:71,9
DA:75,9
DA:76,9
DA:78,9
DA:79,1
DA:90,1
DA:93,8
DA:96,20
DA:98,10
DA:105,10
DA:112,6
DA:114,6
DA:115,4
DA:117,2
DA:120,6
DA:128,1
DA:130,1
DA:132,1
DA:134,1
DA:135,3
DA:136,3
DA:139,1
DA:141,1
DA:149,0
DA:150,0
DA:153,0
DA:154,0
DA:158,9
DA:159,9
DA:171,9
DA:174,37
DA:175,37
DA:178,9
LF:62
LH:51
BRDA:39,0,0,3
BRDA:42,1,0,2
BRDA:49,2,0,19
BRDA:57,3,0,0
BRDA:57,3,1,0
BRDA:59,4,0,0
BRDA:59,4,1,0
BRDA:61,5,0,0
BRDA:61,5,1,0
BRDA:63,6,0,0
BRDA:63,6,1,0
BRDA:71,7,0,0
BRDA:71,7,1,9
BRDA:78,8,0,1
BRDA:96,9,0,10
BRDA:114,10,0,4
BRDA:114,10,1,2
BRDA:130,11,0,0
BRDA:130,12,0,1
BRDA:130,12,1,1
BRDA:159,13,0,8
BRDA:159,13,1,1
BRDA:164,14,0,1
BRDA:164,14,1,0
BRF:24
BRH:13
end_of_record
TN:
SF:src/execution-engine/ssh-clients-manager.ts
FN:10,(anonymous_2)
FN:16,(anonymous_3)
FN:17,(anonymous_4)
FN:61,(anonymous_5)
FN:63,(anonymous_6)
FN:66,(anonymous_7)
FN:70,(anonymous_8)
FN:71,(anonymous_9)
FN:71,(anonymous_10)
FN:71,(anonymous_11)
FN:78,(anonymous_12)
FN:80,(anonymous_13)
FN:82,(anonymous_14)
FN:88,(anonymous_15)
FN:108,(anonymous_16)
FN:133,(anonymous_17)
FN:135,(anonymous_18)
FN:157,(anonymous_19)
FN:158,(anonymous_20)
FN:162,(anonymous_21)
FN:166,(anonymous_22)
FN:170,(anonymous_23)
FN:180,(anonymous_24)
FN:191,(anonymous_25)
FN:199,(anonymous_26)
FNF:25
FNH:21
FNDA:7,(anonymous_2)
FNDA:4,(anonymous_3)
FNDA:4,(anonymous_4)
FNDA:21,(anonymous_5)
FNDA:6,(anonymous_6)
FNDA:16,(anonymous_7)
FNDA:44,(anonymous_8)
FNDA:0,(anonymous_9)
FNDA:43,(anonymous_10)
FNDA:1,(anonymous_11)
FNDA:0,(anonymous_12)
FNDA:0,(anonymous_13)
FNDA:0,(anonymous_14)
FNDA:1,(anonymous_15)
FNDA:21,(anonymous_16)
FNDA:14,(anonymous_17)
FNDA:13,(anonymous_18)
FNDA:14,(anonymous_19)
FNDA:1,(anonymous_20)
FNDA:1,(anonymous_21)
FNDA:1,(anonymous_22)
FNDA:14,(anonymous_23)
FNDA:27,(anonymous_24)
FNDA:23,(anonymous_25)
FNDA:16,(anonymous_26)
DA:1,6
DA:2,6
DA:3,6
DA:5,6
DA:6,6
DA:7,6
DA:10,6
DA:16,4
DA:18,4
DA:19,1
DA:25,3
DA:26,2
DA:36,7
DA:54,6
DA:55,21
DA:57,21
DA:61,21
DA:63,21
DA:66,21
DA:71,44
DA:73,0
DA:74,0
DA:77,0
DA:79,0
DA:81,0
DA:83,0
DA:89,1
DA:91,1
DA:92,1
DA:94,1
DA:95,1
DA:98,0
DA:100,0
DA:101,0
DA:109,21
DA:111,21
DA:112,21
DA:124,21
DA:126,21
DA:127,21
DA:128,7
DA:129,7
DA:132,14
DA:133,14
DA:134,14
DA:135,14
DA:136,13
DA:137,13
DA:139,14
DA:142,14
DA:148,14
DA:150,14
DA:158,14
DA:159,1
DA:160,1
DA:162,14
DA:163,1
DA:164,1
DA:166,14
DA:167,1
DA:168,1
DA:170,14
DA:171,14
DA:174,14
DA:177,14
DA:181,27
DA:182,27
DA:183,14
DA:184,14
DA:185,14
DA:186,13
DA:192,23
DA:193,23
DA:194,23
DA:195,6
DA:200,16
DA:201,16
DA:203,16
DA:204,16
DA:205,28
DA:206,4
DA:207,4
LF:82
LH:73
BRDA:18,0,0,1
BRDA:25,1,0,2
BRDA:71,2,0,44
BRDA:79,3,0,0
BRDA:79,3,1,0
BRDA:81,4,0,0
BRDA:81,4,1,0
BRDA:83,5,0,0
BRDA:83,5,1,0
BRDA:91,6,0,1
BRDA:91,6,1,0
BRDA:94,7,0,1
BRDA:109,8,0,21
BRDA:109,8,1,17
BRDA:116,9,0,21
BRDA:116,9,1,0
BRDA:120,10,0,0
BRDA:120,10,1,0
BRDA:127,11,0,7
BRDA:182,12,0,14
BRDA:185,13,0,13
BRDA:201,14,0,0
BRDA:205,15,0,4
BRF:23
BRH:12
end_of_record
TN:
SF:src/execution-engine/triggers-and-pollers.ts
FN:25,(anonymous_2)
FN:50,(anonymous_3)
FN:54,(anonymous_4)
FN:60,(anonymous_5)
FN:64,(anonymous_6)
FN:70,(anonymous_7)
FN:75,(anonymous_8)
FN:90,(anonymous_9)
FNF:8
FNH:0
FNDA:0,(anonymous_2)
FNDA:0,(anonymous_3)
FNDA:0,(anonymous_4)
FNDA:0,(anonymous_5)
FNDA:0,(anonymous_6)
FNDA:0,(anonymous_7)
FNDA:0,(anonymous_8)
FNDA:0,(anonymous_9)
DA:1,1
DA:2,1
DA:16,1
DA:21,1
DA:33,0
DA:35,0
DA:37,0
DA:38,0
DA:44,0
DA:47,0
DA:50,0
DA:51,0
DA:52,0
DA:54,0
DA:59,0
DA:60,0
DA:63,0
DA:64,0
DA:67,0
DA:70,0
DA:74,0
DA:75,0
DA:77,0
DA:81,0
DA:84,0
DA:95,0
DA:97,0
DA:98,0
DA:104,0
LF:29
LH:4
BRDA:37,0,0,0
BRDA:44,1,0,0
BRDA:59,2,0,0
BRDA:63,3,0,0
BRDA:74,4,0,0
BRDA:97,5,0,0
BRF:6
BRH:0
end_of_record
TN:
SF:src/execution-engine/node-execution-context/base-execute-context.ts
FN:40,(anonymous_1)
FN:55,(anonymous_2)
FN:59,(anonymous_3)
FN:60,(anonymous_4)
FN:67,(anonymous_5)
FN:71,(anonymous_6)
FN:78,(anonymous_7)
FN:83,(anonymous_8)
FN:93,(anonymous_9)
FN:105,(anonymous_10)
FN:112,(anonymous_11)
FN:145,(anonymous_12)
FN:149,(anonymous_13)
FN:167,(anonymous_14)
FN:175,(anonymous_15)
FN:190,(anonymous_16)
FN:196,(anonymous_17)
FN:233,(anonymous_18)
FNF:18
FNH:17
FNDA:4,(anonymous_1)
FNDA:2,(anonymous_2)
FNDA:2,(anonymous_3)
FNDA:2,(anonymous_4)
FNDA:5,(anonymous_5)
FNDA:2,(anonymous_6)
FNDA:2,(anonymous_7)
FNDA:10,(anonymous_8)
FNDA:2,(anonymous_9)
FNDA:6,(anonymous_10)
FNDA:4,(anonymous_11)
FNDA:0,(anonymous_12)
FNDA:7,(anonymous_13)
FNDA:4,(anonymous_14)
FNDA:2,(anonymous_15)
FNDA:2,(anonymous_16)
FNDA:8,(anonymous_17)
FNDA:2,(anonymous_18)
DA:1,3
DA:2,3
DA:25,3
DA:33,3
DA:35,3
DA:37,3
DA:38,4
DA:45,4
DA:47,4
DA:48,4
DA:49,4
DA:50,4
DA:52,4
DA:56,2
DA:60,2
DA:61,2
DA:62,2
DA:64,2
DA:68,5
DA:72,2
DA:79,2
DA:84,10
DA:86,10
DA:87,2
DA:90,8
DA:97,2
DA:106,6
DA:107,6
DA:108,6
DA:121,4
DA:131,4
DA:134,4
DA:137,4
DA:142,4
DA:146,0
DA:150,7
DA:151,7
DA:152,1
DA:157,6
DA:158,6
DA:159,2
DA:164,4
DA:168,4
DA:170,2
DA:172,2
DA:176,2
DA:191,2
DA:192,0
DA:194,2
DA:195,2
DA:196,2
DA:198,8
DA:206,0
DA:209,8
DA:216,0
DA:217,8
DA:219,8
DA:222,2
DA:229,0
DA:234,2
LF:60
LH:55
BRDA:73,0,0,2
BRDA:73,0,1,0
BRDA:86,1,0,2
BRDA:107,2,0,6
BRDA:131,3,0,4
BRDA:151,4,0,1
BRDA:158,5,0,2
BRDA:167,6,0,4
BRDA:167,7,0,4
BRDA:168,8,0,2
BRDA:191,9,0,0
BRDA:195,10,0,2
BRDA:198,11,0,0
BRDA:199,12,0,8
BRDA:199,12,1,8
BRDA:199,12,2,2
BRDA:199,12,3,0
BRDA:199,12,4,0
BRDA:199,12,5,0
BRDA:209,13,0,0
BRDA:210,14,0,8
BRDA:210,14,1,8
BRDA:210,14,2,2
BRDA:210,14,3,0
BRDA:210,14,4,0
BRDA:217,15,0,0
BRDA:235,16,0,2
BRDA:235,16,1,0
BRDA:237,17,0,2
BRDA:237,17,1,0
BRDA:239,18,0,2
BRDA:239,18,1,0
BRF:32
BRH:19
end_of_record
TN:
SF:src/execution-engine/node-execution-context/execute-single-context.ts
FN:29,(anonymous_0)
FN:67,(anonymous_1)
FN:69,(anonymous_2)
FN:71,(anonymous_3)
FN:75,(anonymous_4)
FN:79,(anonymous_5)
FN:97,(anonymous_6)
FN:101,(anonymous_7)
FN:109,(anonymous_8)
FN:113,(anonymous_9)
FNF:10
FNH:7
FNDA:1,(anonymous_0)
FNDA:0,(anonymous_1)
FNDA:0,(anonymous_2)
FNDA:0,(anonymous_3)
FNDA:1,(anonymous_4)
FNDA:5,(anonymous_5)
FNDA:1,(anonymous_6)
FNDA:2,(anonymous_7)
FNDA:1,(anonymous_8)
FNDA:1,(anonymous_9)
DA:14,1
DA:16,1
DA:17,1
DA:23,1
DA:24,1
DA:26,1
DA:38,1
DA:42,1
DA:55,1
DA:68,0
DA:70,0
DA:71,0
DA:76,1
DA:80,5
DA:82,1
DA:85,4
DA:87,3
DA:88,3
DA:89,2
DA:94,1
DA:98,1
DA:106,2
DA:110,1
DA:114,1
LF:24
LH:21
BRDA:67,0,0,0
BRDA:69,1,0,0
BRDA:75,2,0,0
BRDA:79,3,0,0
BRDA:79,4,0,0
BRDA:80,5,0,1
BRDA:88,6,0,2
BRF:7
BRH:2
end_of_record
TN:
SF:src/execution-engine/node-execution-context/hook-context.ts
FN:21,(anonymous_0)
FN:34,(anonymous_1)
FN:38,(anonymous_2)
FN:42,(anonymous_3)
FN:54,(anonymous_4)
FN:61,(anonymous_5)
FNF:6
FNH:6
FNDA:2,(anonymous_0)
FNDA:1,(anonymous_1)
FNDA:1,(anonymous_2)
FNDA:1,(anonymous_3)
FNDA:2,(anonymous_4)
FNDA:1,(anonymous_5)
DA:1,1
DA:14,1
DA:15,1
DA:16,1
DA:18,1
DA:26,2
DA:27,2
DA:29,2
DA:31,2
DA:35,1
DA:39,1
DA:43,1
DA:55,2
DA:56,1
DA:58,1
DA:62,1
LF:16
LH:16
BRDA:55,0,0,1
BRF:1
BRH:1
end_of_record
TN:
SF:src/execution-engine/node-execution-context/load-options-context.ts
FN:20,(anonymous_1)
FN:34,(anonymous_2)
FN:38,(anonymous_3)
FN:67,(anonymous_4)
FNF:4
FNH:3
FNDA:1,(anonymous_1)
FNDA:1,(anonymous_2)
FNDA:1,(anonymous_3)
FNDA:0,(anonymous_4)
DA:1,1
DA:12,1
DA:13,1
DA:14,1
DA:15,1
DA:17,1
DA:24,1
DA:26,1
DA:28,1
DA:35,1
DA:42,1
DA:44,1
DA:45,0
DA:48,1
DA:51,1
DA:52,0
DA:56,0
DA:64,1
DA:68,0
LF:19
LH:15
BRDA:44,0,0,0
BRDA:51,1,0,0
BRF:2
BRH:0
end_of_record
TN:
SF:src/execution-engine/node-execution-context/node-execution-context.ts
FN:54,(anonymous_3)
FN:65,(anonymous_4)
FN:67,(anonymous_5)
FN:67,(anonymous_6)
FN:67,(anonymous_7)
FN:67,(anonymous_8)
FN:74,(anonymous_9)
FN:76,(anonymous_10)
FN:78,(anonymous_11)
FN:80,(anonymous_12)
FN:86,(anonymous_13)
FN:90,(anonymous_14)
FN:94,(anonymous_15)
FN:99,(anonymous_16)
FN:103,(anonymous_17)
FN:107,(anonymous_18)
FN:129,(anonymous_19)
FN:156,(anonymous_20)
FN:166,(anonymous_21)
FN:172,(anonymous_22)
FN:175,(anonymous_23)
FN:179,(anonymous_24)
FN:183,(anonymous_25)
FN:186,(anonymous_26)
FN:190,(anonymous_27)
FN:193,(anonymous_28)
FN:194,(anonymous_29)
FN:195,(anonymous_30)
FN:198,(anonymous_31)
FN:202,(anonymous_32)
FN:206,(anonymous_33)
FN:210,(anonymous_34)
FN:214,(anonymous_35)
FN:218,(anonymous_36)
FN:222,(anonymous_37)
FN:226,(anonymous_38)
FN:248,(anonymous_39)
FN:252,(anonymous_40)
FN:257,(anonymous_41)
FN:286,(anonymous_42)
FN:389,(anonymous_43)
FN:395,(anonymous_44)
FN:404,(anonymous_45)
FN:492,(anonymous_46)
FN:507,(anonymous_47)
FNF:45
FNH:35
FNDA:40,(anonymous_3)
FNDA:1,(anonymous_4)
FNDA:0,(anonymous_5)
FNDA:1,(anonymous_6)
FNDA:0,(anonymous_7)
FNDA:0,(anonymous_8)
FNDA:0,(anonymous_9)
FNDA:0,(anonymous_10)
FNDA:0,(anonymous_11)
FNDA:0,(anonymous_12)
FNDA:0,(anonymous_13)
FNDA:1,(anonymous_14)
FNDA:1,(anonymous_15)
FNDA:1,(anonymous_16)
FNDA:1,(anonymous_17)
FNDA:1,(anonymous_18)
FNDA:1,(anonymous_19)
FNDA:2,(anonymous_20)
FNDA:7,(anonymous_21)
FNDA:3,(anonymous_22)
FNDA:6,(anonymous_23)
FNDA:3,(anonymous_24)
FNDA:4,(anonymous_25)
FNDA:8,(anonymous_26)
FNDA:3,(anonymous_27)
FNDA:6,(anonymous_28)
FNDA:6,(anonymous_29)
FNDA:5,(anonymous_30)
FNDA:0,(anonymous_31)
FNDA:4,(anonymous_32)
FNDA:1,(anonymous_33)
FNDA:1,(anonymous_34)
FNDA:1,(anonymous_35)
FNDA:1,(anonymous_36)
FNDA:0,(anonymous_37)
FNDA:2,(anonymous_38)
FNDA:1,(anonymous_39)
FNDA:1,(anonymous_40)
FNDA:7,(anonymous_41)
FNDA:7,(anonymous_42)
FNDA:7,(anonymous_43)
FNDA:9,(anonymous_44)
FNDA:13,(anonymous_45)
FNDA:2,(anonymous_46)
FNDA:1,(anonymous_47)
DA:1,8
DA:2,8
DA:3,8
DA:4,8
DA:26,8
DA:36,8
DA:42,8
DA:44,8
DA:45,8
DA:46,8
DA:47,8
DA:48,8
DA:49,8
DA:51,8
DA:52,40
DA:55,40
DA:56,40
DA:57,40
DA:58,40
DA:59,40
DA:60,40
DA:61,40
DA:62,40
DA:65,8
DA:67,1
DA:69,0
DA:70,0
DA:73,0
DA:75,0
DA:77,0
DA:79,0
DA:81,0
DA:87,0
DA:91,1
DA:95,1
DA:96,1
DA:100,1
DA:104,1
DA:108,1
DA:109,1
DA:111,1
DA:112,2
DA:113,2
DA:120,2
DA:121,0
DA:124,2
DA:126,1
DA:130,1
DA:131,1
DA:133,1
DA:134,2
DA:135,2
DA:142,2
DA:143,0
DA:146,2
DA:148,1
DA:157,2
DA:158,2
DA:159,1
DA:163,1
DA:166,8
DA:168,7
DA:169,7
DA:172,8
DA:174,3
DA:175,6
DA:180,3
DA:183,8
DA:185,4
DA:186,8
DA:191,3
DA:193,6
DA:194,6
DA:195,5
DA:199,0
DA:203,4
DA:207,1
DA:211,1
DA:215,1
DA:219,1
DA:223,0
DA:227,2
DA:229,2
DA:230,0
DA:233,2
DA:235,2
DA:236,1
DA:239,2
DA:241,2
DA:243,2
DA:245,2
DA:249,1
DA:253,1
DA:263,7
DA:265,7
DA:269,7
DA:276,7
DA:277,7
DA:278,0
DA:285,7
DA:286,7
DA:288,7
DA:289,0
DA:296,7
DA:307,0
DA:312,7
DA:315,0
DA:317,0
DA:318,0
DA:322,0
DA:323,0
DA:333,0
DA:337,7
DA:340,0
DA:344,7
DA:345,2
DA:356,7
DA:376,7
DA:386,7
DA:389,8
DA:391,7
DA:400,9
DA:401,9
DA:411,13
DA:413,13
DA:415,13
DA:417,13
DA:418,0
DA:421,13
DA:422,0
DA:425,13
DA:429,13
DA:430,13
DA:444,13
DA:446,0
DA:452,0
DA:455,0
DA:457,0
DA:458,0
DA:463,13
DA:464,0
DA:468,13
DA:469,0
DA:476,13
DA:480,13
DA:489,13
DA:493,2
DA:508,1
LF:148
LH:116
BRDA:59,0,0,33
BRDA:60,1,0,35
BRDA:61,2,0,39
BRDA:67,3,0,1
BRDA:75,4,0,0
BRDA:75,4,1,0
BRDA:77,5,0,0
BRDA:77,5,1,0
BRDA:79,6,0,0
BRDA:79,6,1,0
BRDA:81,7,0,0
BRDA:81,7,1,0
BRDA:117,8,0,2
BRDA:117,8,1,0
BRDA:120,9,0,0
BRDA:139,10,0,2
BRDA:139,10,1,0
BRDA:142,11,0,0
BRDA:158,12,0,1
BRDA:175,13,0,4
BRDA:175,13,1,2
BRDA:186,14,0,4
BRDA:186,14,1,4
BRDA:199,15,0,0
BRDA:199,15,1,0
BRDA:223,16,0,0
BRDA:226,17,0,1
BRDA:229,18,0,0
BRDA:276,19,0,7
BRDA:277,20,0,0
BRDA:288,21,0,0
BRDA:296,22,0,0
BRDA:299,23,0,7
BRDA:299,23,1,0
BRDA:312,24,0,0
BRDA:312,25,0,7
BRDA:312,25,1,7
BRDA:315,26,0,0
BRDA:315,26,1,0
BRDA:317,27,0,0
BRDA:322,28,0,0
BRDA:337,29,0,0
BRDA:337,30,0,7
BRDA:337,30,1,0
BRDA:344,31,0,2
BRDA:344,32,0,7
BRDA:344,32,1,2
BRDA:344,32,2,2
BRDA:348,33,0,2
BRDA:348,33,1,2
BRDA:356,34,0,7
BRDA:356,34,1,0
BRDA:417,35,0,0
BRDA:421,36,0,0
BRDA:446,37,0,0
BRDA:446,37,1,0
BRDA:447,38,0,0
BRDA:447,38,1,0
BRDA:447,38,2,0
BRDA:455,39,0,0
BRDA:463,40,0,0
BRDA:468,41,0,0
BRDA:476,42,0,0
BRDA:492,43,0,0
BRF:64
BRH:24
end_of_record
TN:
SF:src/execution-engine/node-execution-context/poll-context.ts
FN:18,(anonymous_0)
FN:22,(anonymous_1)
FN:29,(anonymous_2)
FN:51,(anonymous_3)
FN:55,(anonymous_4)
FNF:5
FNH:3
FNDA:0,(anonymous_0)
FNDA:0,(anonymous_1)
FNDA:1,(anonymous_2)
FNDA:1,(anonymous_3)
FNDA:1,(anonymous_4)
DA:10,1
DA:12,1
DA:13,1
DA:14,1
DA:15,1
DA:16,1
DA:18,1
DA:19,0
DA:22,1
DA:23,0
DA:26,1
DA:34,1
DA:36,1
DA:38,1
DA:40,1
DA:42,1
DA:52,1
DA:56,1
LF:18
LH:16
BRDA:36,0,0,1
BRDA:38,1,0,1
BRF:2
BRH:2
end_of_record
TN:
SF:src/execution-engine/node-execution-context/supply-data-context.ts
FN:49,(anonymous_1)
FN:93,(anonymous_2)
FN:95,(anonymous_3)
FN:97,(anonymous_4)
FN:104,(anonymous_5)
FN:118,(anonymous_6)
FN:141,(anonymous_7)
FN:162,(anonymous_8)
FN:170,(anonymous_9)
FN:176,(anonymous_10)
FN:192,(anonymous_11)
FN:205,(anonymous_12)
FN:221,(anonymous_13)
FN:231,(anonymous_14)
FNF:14
FNH:8
FNDA:3,(anonymous_1)
FNDA:0,(anonymous_2)
FNDA:0,(anonymous_3)
FNDA:0,(anonymous_4)
FNDA:2,(anonymous_5)
FNDA:1,(anonymous_6)
FNDA:0,(anonymous_7)
FNDA:4,(anonymous_8)
FNDA:3,(anonymous_9)
FNDA:1,(anonymous_10)
FNDA:1,(anonymous_11)
FNDA:0,(anonymous_12)
FNDA:0,(anonymous_13)
FNDA:1,(anonymous_14)
DA:1,2
DA:22,2
DA:24,2
DA:25,2
DA:31,2
DA:32,2
DA:33,2
DA:34,2
DA:36,2
DA:37,2
DA:38,2
DA:39,2
DA:40,2
DA:42,2
DA:58,3
DA:60,3
DA:64,3
DA:77,3
DA:79,3
DA:94,0
DA:96,0
DA:97,0
DA:104,3
DA:110,2
DA:122,1
DA:137,1
DA:138,1
DA:145,0
DA:163,4
DA:165,1
DA:167,3
DA:171,3
DA:172,3
DA:181,1
DA:182,1
DA:184,1
DA:193,1
DA:201,1
DA:212,0
DA:213,0
DA:222,0
DA:245,1
DA:248,1
DA:257,1
DA:258,1
DA:267,0
DA:272,0
DA:273,0
DA:275,0
DA:276,0
DA:278,1
DA:280,1
DA:281,0
DA:282,0
DA:284,1
DA:285,0
DA:287,1
DA:292,1
DA:293,1
DA:294,1
DA:296,1
DA:301,1
DA:302,0
DA:305,1
DA:306,1
DA:309,0
DA:311,0
DA:317,0
DA:318,0
DA:321,0
DA:323,0
DA:324,0
DA:325,0
DA:327,0
DA:328,0
DA:333,0
LF:76
LH:49
BRDA:162,0,0,0
BRDA:162,1,0,0
BRDA:163,2,0,1
BRDA:167,3,0,3
BRDA:167,3,1,0
BRDA:172,4,0,3
BRDA:172,4,1,0
BRDA:248,5,0,0
BRDA:248,5,1,1
BRDA:252,6,0,0
BRDA:252,6,1,0
BRDA:257,7,0,1
BRDA:257,7,1,0
BRDA:272,8,0,0
BRDA:280,9,0,0
BRDA:280,9,1,1
BRDA:284,10,0,0
BRDA:292,11,0,1
BRDA:292,11,1,0
BRDA:293,12,0,1
BRDA:301,13,0,0
BRDA:317,14,0,0
BRDA:323,15,0,0
BRDA:327,16,0,0
BRF:24
BRH:8
end_of_record
TN:
SF:src/execution-engine/node-execution-context/trigger-context.ts
FN:19,(anonymous_0)
FN:23,(anonymous_1)
FN:30,(anonymous_2)
FN:51,(anonymous_3)
FN:55,(anonymous_4)
FNF:5
FNH:3
FNDA:0,(anonymous_0)
FNDA:0,(anonymous_1)
FNDA:1,(anonymous_2)
FNDA:1,(anonymous_3)
FNDA:1,(anonymous_4)
DA:10,1
DA:12,1
DA:13,1
DA:14,1
DA:15,1
DA:16,1
DA:17,1
DA:19,1
DA:20,0
DA:23,1
DA:24,0
DA:27,1
DA:35,1
DA:36,1
DA:37,1
DA:39,1
DA:41,1
DA:52,1
DA:56,1
LF:19
LH:17
BRDA:36,0,0,1
BRDA:37,1,0,1
BRF:2
BRH:2
end_of_record
TN:
SF:src/execution-engine/node-execution-context/webhook-context.ts
FN:32,(anonymous_0)
FN:70,(anonymous_1)
FN:81,(anonymous_2)
FN:85,(anonymous_3)
FN:89,(anonymous_4)
FN:93,(anonymous_5)
FN:97,(anonymous_6)
FN:101,(anonymous_7)
FN:105,(anonymous_8)
FN:112,(anonymous_9)
FN:120,(anonymous_10)
FN:131,(anonymous_11)
FN:135,(anonymous_12)
FNF:13
FNH:10
FNDA:1,(anonymous_0)
FNDA:0,(anonymous_1)
FNDA:1,(anonymous_2)
FNDA:1,(anonymous_3)
FNDA:1,(anonymous_4)
FNDA:1,(anonymous_5)
FNDA:1,(anonymous_6)
FNDA:1,(anonymous_7)
FNDA:1,(anonymous_8)
FNDA:5,(anonymous_9)
FNDA:0,(anonymous_10)
FNDA:1,(anonymous_11)
FNDA:0,(anonymous_12)
DA:19,1
DA:21,1
DA:22,1
DA:23,1
DA:24,1
DA:25,1
DA:26,1
DA:27,1
DA:37,1
DA:38,1
DA:41,1
DA:44,1
DA:45,0
DA:46,0
DA:47,0
DA:51,1
DA:62,1
DA:69,1
DA:71,0
DA:82,1
DA:86,1
DA:90,1
DA:94,1
DA:98,1
DA:102,1
DA:106,1
DA:107,0
DA:109,1
DA:113,5
DA:114,5
DA:115,0
DA:117,5
DA:121,0
DA:132,1
DA:142,0
DA:146,0
DA:151,0
DA:159,0
LF:38
LH:27
BRDA:44,0,0,0
BRDA:46,1,0,0
BRDA:106,2,0,0
BRDA:114,3,0,0
BRDA:144,4,0,0
BRDA:144,4,1,0
BRDA:146,5,0,0
BRDA:146,5,1,0
BRF:8
BRH:0
end_of_record
TN:
SF:src/execution-engine/node-execution-context/__tests__/shared-tests.ts
FN:27,(anonymous_0)
FN:45,(anonymous_1)
FN:46,(anonymous_2)
FN:51,(anonymous_3)
FN:66,(anonymous_4)
FN:67,(anonymous_5)
FN:72,(anonymous_6)
FN:76,(anonymous_7)
FN:85,(anonymous_8)
FN:91,(anonymous_9)
FN:92,(anonymous_10)
FN:106,(anonymous_11)
FN:107,(anonymous_12)
FN:116,(anonymous_13)
FN:117,(anonymous_14)
FN:134,(anonymous_15)
FN:135,(anonymous_16)
FN:142,(anonymous_17)
FN:145,(anonymous_18)
FN:149,(anonymous_19)
FN:150,(anonymous_20)
FN:164,(anonymous_21)
FN:165,(anonymous_22)
FN:193,(anonymous_23)
FN:194,(anonymous_24)
FN:204,(anonymous_25)
FN:213,(anonymous_26)
FN:230,(anonymous_27)
FNF:28
FNH:28
FNDA:2,(anonymous_0)
FNDA:2,(anonymous_1)
FNDA:2,(anonymous_2)
FNDA:2,(anonymous_3)
FNDA:2,(anonymous_4)
FNDA:10,(anonymous_5)
FNDA:2,(anonymous_6)
FNDA:2,(anonymous_7)
FNDA:6,(anonymous_8)
FNDA:2,(anonymous_9)
FNDA:2,(anonymous_10)
FNDA:2,(anonymous_11)
FNDA:2,(anonymous_12)
FNDA:2,(anonymous_13)
FNDA:2,(anonymous_14)
FNDA:2,(anonymous_15)
FNDA:2,(anonymous_16)
FNDA:2,(anonymous_17)
FNDA:2,(anonymous_18)
FNDA:2,(anonymous_19)
FNDA:2,(anonymous_20)
FNDA:2,(anonymous_21)
FNDA:2,(anonymous_22)
FNDA:2,(anonymous_23)
FNDA:2,(anonymous_24)
FNDA:2,(anonymous_25)
FNDA:2,(anonymous_26)
FNDA:2,(anonymous_27)
DA:1,2
DA:2,2
DA:18,2
DA:20,2
DA:24,2
DA:25,2
DA:27,2
DA:43,2
DA:45,2
DA:46,2
DA:47,2
DA:51,2
DA:52,2
DA:53,2
DA:55,2
DA:57,2
DA:58,2
DA:60,2
DA:62,2
DA:63,2
DA:66,2
DA:67,2
DA:68,10
DA:69,10
DA:72,2
DA:73,2
DA:76,2
DA:77,2
DA:78,2
DA:81,2
DA:86,6
DA:87,6
DA:91,2
DA:92,2
DA:93,2
DA:94,2
DA:95,2
DA:96,2
DA:98,2
DA:100,2
DA:102,2
DA:106,2
DA:107,2
DA:108,2
DA:109,2
DA:116,2
DA:117,2
DA:118,2
DA:119,2
DA:121,2
DA:123,2
DA:134,2
DA:135,2
DA:136,2
DA:137,2
DA:139,2
DA:142,2
DA:143,2
DA:145,2
DA:149,2
DA:150,2
DA:151,2
DA:158,2
DA:159,2
DA:160,2
DA:164,2
DA:165,2
DA:166,2
DA:167,2
DA:168,2
DA:172,2
DA:174,2
DA:176,2
DA:189,2
DA:193,2
DA:194,2
DA:195,2
DA:197,2
DA:199,2
DA:200,2
DA:204,2
DA:205,2
DA:206,2
DA:207,2
DA:208,2
DA:213,2
DA:214,2
DA:215,2
DA:217,2
DA:221,2
DA:223,2
DA:230,2
DA:231,2
DA:232,2
DA:233,2
DA:235,2
DA:239,2
DA:240,2
DA:241,2
LF:99
LH:99
BRF:0
BRH:0
end_of_record
TN:
SF:src/execution-engine/node-execution-context/utils/binary-helper-functions.ts
FN:26,binaryToString
FN:35,getBinaryPath
FN:42,getBinaryMetadata
FN:49,getBinaryStream
FN:53,assertBinaryData
FN:91,getBinaryDataBuffer
FN:101,detectBinaryEncoding
FN:113,setBinaryDataBuffer
FN:127,copyBinaryFile
FN:188,prepareBinaryData
FN:268,(anonymous_11)
FN:277,(anonymous_12)
FN:281,(anonymous_13)
FN:283,(anonymous_14)
FN:285,(anonymous_15)
FNF:15
FNH:10
FNDA:26,binaryToString
FNDA:0,getBinaryPath
FNDA:0,getBinaryMetadata
FNDA:0,getBinaryStream
FNDA:3,assertBinaryData
FNDA:2,getBinaryDataBuffer
FNDA:3,detectBinaryEncoding
FNDA:7,setBinaryDataBuffer
FNDA:2,copyBinaryFile
FNDA:4,prepareBinaryData
FNDA:9,(anonymous_11)
FNDA:1,(anonymous_12)
FNDA:0,(anonymous_13)
FNDA:0,(anonymous_14)
FNDA:1,(anonymous_15)
DA:1,9
DA:2,9
DA:3,9
DA:4,9
DA:5,9
DA:6,9
DA:15,9
DA:16,9
DA:18,9
DA:20,9
DA:22,9
DA:24,9
DA:26,9
DA:27,26
DA:28,8
DA:29,8
DA:31,26
DA:32,26
DA:36,0
DA:43,0
DA:50,0
DA:53,9
DA:60,3
DA:61,3
DA:62,1
DA:72,2
DA:73,2
DA:74,1
DA:85,1
DA:91,9
DA:97,2
DA:98,2
DA:101,9
DA:102,3
DA:113,9
DA:119,7
DA:127,9
DA:135,2
DA:138,1
DA:140,1
DA:141,1
DA:142,1
DA:146,1
DA:148,0
DA:149,0
DA:150,0
DA:151,0
DA:156,2
DA:157,2
DA:160,2
DA:162,2
DA:169,2
DA:170,2
DA:171,0
DA:172,0
DA:175,2
DA:188,9
DA:196,4
DA:197,2
DA:198,2
DA:199,2
DA:200,2
DA:207,2
DA:210,4
DA:213,4
DA:215,2
DA:216,2
DA:217,1
DA:221,4
DA:222,3
DA:224,2
DA:225,2
DA:226,0
DA:227,0
DA:229,1
DA:230,1
DA:237,4
DA:238,1
DA:241,4
DA:243,4
DA:250,4
DA:251,2
DA:253,2
DA:254,0
DA:256,2
DA:259,2
DA:260,2
DA:261,1
DA:265,4
DA:268,9
DA:271,9
DA:278,1
DA:279,1
DA:282,0
DA:284,0
DA:286,1
LF:96
LH:82
BRDA:27,0,0,8
BRDA:27,1,0,26
BRDA:27,1,1,10
BRDA:32,2,0,26
BRDA:32,2,1,2
BRDA:61,3,0,1
BRDA:73,4,0,1
BRDA:135,5,0,1
BRDA:138,6,0,1
BRDA:141,7,0,1
BRDA:146,8,0,0
BRDA:149,9,0,0
BRDA:156,10,0,2
BRDA:156,11,0,2
BRDA:156,11,1,2
BRDA:157,12,0,2
BRDA:157,12,1,0
BRDA:169,13,0,2
BRDA:169,13,1,0
BRDA:171,14,0,0
BRDA:196,15,0,2
BRDA:197,16,0,2
BRDA:201,17,0,2
BRDA:201,17,1,2
BRDA:202,18,0,2
BRDA:202,18,1,1
BRDA:202,18,2,1
BRDA:210,19,0,4
BRDA:213,20,0,2
BRDA:216,21,0,1
BRDA:221,22,0,3
BRDA:222,23,0,2
BRDA:222,23,1,1
BRDA:225,24,0,0
BRDA:229,25,0,1
BRDA:229,25,1,0
BRDA:237,26,0,1
BRDA:237,27,0,4
BRDA:237,27,1,4
BRDA:238,28,0,1
BRDA:238,28,1,0
BRDA:250,29,0,2
BRDA:253,30,0,0
BRDA:260,31,0,1
BRF:44
BRH:35
end_of_record
TN:
SF:src/execution-engine/node-execution-context/utils/cleanup-parameter-data.ts
FN:8,cleanupParameterData
FN:14,(anonymous_1)
FN:19,(anonymous_2)
FNF:3
FNH:2
FNDA:20,cleanupParameterData
FNDA:0,(anonymous_1)
FNDA:10,(anonymous_2)
DA:1,9
DA:8,9
DA:9,20
DA:10,13
DA:13,7
DA:14,0
DA:15,0
DA:18,7
DA:19,7
DA:20,10
DA:21,10
DA:22,5
DA:24,2
DA:26,3
LF:14
LH:12
BRDA:9,0,0,13
BRDA:9,1,0,20
BRDA:9,1,1,7
BRDA:13,2,0,0
BRDA:18,3,0,7
BRDA:21,4,0,5
BRDA:22,5,0,2
BRDA:22,5,1,3
BRF:8
BRH:7
end_of_record
TN:
SF:src/execution-engine/node-execution-context/utils/construct-execution-metadata.ts
FN:8,constructExecutionMetaData
FN:13,(anonymous_1)
FNF:2
FNH:2
FNDA:4,constructExecutionMetaData
FNDA:4,(anonymous_1)
DA:8,3
DA:12,4
DA:13,4
DA:14,4
DA:15,4
LF:5
LH:5
BRF:0
BRH:0
end_of_record
TN:
SF:src/execution-engine/node-execution-context/utils/copy-input-items.ts
FN:8,copyInputItems
FN:9,(anonymous_1)
FNF:2
FNH:2
FNDA:3,copyInputItems
FNDA:3,(anonymous_1)
DA:2,3
DA:8,3
DA:9,3
DA:10,3
DA:11,3
DA:12,3
DA:13,1
DA:15,2
DA:18,3
LF:9
LH:9
BRDA:12,0,0,1
BRDA:12,0,1,2
BRF:2
BRH:2
end_of_record
TN:
SF:src/execution-engine/node-execution-context/utils/create-node-as-tool.ts
FN:30,getSchema
FN:76,(anonymous_1)
FN:84,(anonymous_2)
FN:96,createTool
FN:108,(anonymous_4)
FN:117,createNodeAsTool
FNF:6
FNH:6
FNDA:33,getSchema
FNDA:47,(anonymous_1)
FNDA:47,(anonymous_2)
FNDA:33,createTool
FNDA:1,(anonymous_4)
FNDA:33,createNodeAsTool
DA:1,3
DA:3,3
DA:10,3
DA:31,33
DA:32,33
DA:33,33
DA:35,1
DA:39,32
DA:40,32
DA:41,32
DA:42,57
DA:43,4
DA:44,4
DA:45,4
DA:46,4
DA:52,53
DA:54,2
DA:57,2
DA:59,2
DA:71,51
DA:76,26
DA:77,47
DA:78,47
DA:81,26
DA:84,26
DA:85,47
DA:86,47
DA:89,26
DA:97,33
DA:99,33
DA:100,26
DA:101,26
DA:102,26
DA:104,26
DA:108,1
DA:117,3
DA:118,33
LF:37
LH:37
BRDA:42,0,0,4
BRDA:42,1,0,57
BRDA:42,1,1,56
BRDA:45,2,0,1
BRDA:45,2,1,3
BRDA:52,3,0,2
BRDA:52,3,1,51
BRDA:57,4,0,2
BRDA:57,5,0,2
BRDA:57,5,1,1
BRDA:102,6,0,26
BRDA:102,6,1,0
BRF:12
BRH:11
end_of_record
TN:
SF:src/execution-engine/node-execution-context/utils/deduplication-helper-functions.ts
FN:16,checkProcessedAndRecord
FN:30,checkProcessedItemsAndRecord
FN:46,removeProcessed
FN:60,clearAllProcessedItems
FN:72,getProcessedDataCount
FN:84,(anonymous_5)
FN:88,(anonymous_6)
FN:95,(anonymous_7)
FN:109,(anonymous_8)
FN:116,(anonymous_9)
FN:122,(anonymous_10)
FNF:11
FNH:1
FNDA:0,checkProcessedAndRecord
FNDA:0,checkProcessedItemsAndRecord
FNDA:0,removeProcessed
FNDA:0,clearAllProcessedItems
FNDA:0,getProcessedDataCount
FNDA:4,(anonymous_5)
FNDA:0,(anonymous_6)
FNDA:0,(anonymous_7)
FNDA:0,(anonymous_8)
FNDA:0,(anonymous_9)
FNDA:0,(anonymous_10)
DA:14,3
DA:22,0
DA:37,0
DA:52,0
DA:65,0
DA:77,0
DA:84,3
DA:87,4
DA:93,0
DA:101,0
DA:114,0
DA:120,0
DA:126,0
LF:13
LH:3
BRF:0
BRH:0
end_of_record
TN:
SF:src/execution-engine/node-execution-context/utils/ensure-type.ts
FN:4,ensureType
FNF:1
FNH:1
FNDA:11,ensureType
DA:2,9
DA:4,9
DA:10,11
DA:12,11
DA:13,1
DA:16,10
DA:17,1
DA:23,9
DA:24,3
DA:26,2
DA:27,2
DA:29,2
DA:31,1
DA:33,1
DA:40,0
DA:45,1
DA:47,0
DA:48,0
DA:50,0
DA:58,2
DA:60,1
DA:67,7
DA:68,7
DA:69,2
DA:70,1
DA:73,1
DA:74,0
DA:75,1
DA:77,0
DA:78,0
DA:81,0
DA:86,7
DA:87,3
DA:88,3
DA:89,1
DA:96,6
DA:97,1
DA:100,1
DA:102,0
DA:109,6
LF:40
LH:31
BRDA:12,0,0,1
BRDA:16,1,0,1
BRDA:23,2,0,3
BRDA:24,3,0,2
BRDA:24,3,1,1
BRDA:26,4,0,2
BRDA:26,4,1,0
BRDA:26,5,0,2
BRDA:26,5,1,2
BRDA:45,6,0,0
BRDA:58,7,0,1
BRDA:58,8,0,2
BRDA:58,8,1,1
BRDA:68,9,0,2
BRDA:69,10,0,1
BRDA:69,10,1,1
BRDA:73,11,0,0
BRDA:73,11,1,1
BRDA:73,12,0,1
BRDA:73,12,1,1
BRDA:75,13,0,1
BRDA:75,13,1,0
BRDA:77,14,0,0
BRDA:77,14,1,0
BRDA:77,15,0,0
BRDA:77,15,1,0
BRDA:86,16,0,3
BRDA:88,17,0,1
BRDA:96,18,0,1
BRDA:100,19,0,1
BRF:30
BRH:22
end_of_record
TN:
SF:src/execution-engine/node-execution-context/utils/execution-metadata.ts
FN:8,setWorkflowExecutionMetadata
FN:44,setAllWorkflowExecutionMetadata
FN:49,(anonymous_2)
FN:61,getAllWorkflowExecutionMetadata
FN:68,getWorkflowExecutionMetadata
FNF:5
FNH:5
FNDA:48,setWorkflowExecutionMetadata
FNDA:3,setAllWorkflowExecutionMetadata
FNDA:8,(anonymous_2)
FNDA:7,getAllWorkflowExecutionMetadata
FNDA:3,getWorkflowExecutionMetadata
DA:2,10
DA:4,10
DA:6,10
DA:8,10
DA:13,48
DA:15,48
DA:19,12
DA:21,36
DA:22,0
DA:24,36
DA:25,3
DA:31,33
DA:32,3
DA:34,30
DA:35,30
DA:36,1
DA:38,30
DA:39,1
DA:41,30
DA:44,10
DA:48,3
DA:49,3
DA:50,8
DA:51,8
DA:53,2
DA:56,3
DA:57,1
DA:61,10
DA:65,7
DA:68,10
DA:72,3
LF:31
LH:30
BRDA:15,0,0,12
BRDA:16,1,0,48
BRDA:16,1,1,46
BRDA:21,2,0,0
BRDA:24,3,0,3
BRDA:31,4,0,3
BRDA:31,5,0,33
BRDA:31,5,1,4
BRDA:31,5,2,3
BRDA:35,6,0,1
BRDA:38,7,0,1
BRDA:56,8,0,1
BRDA:65,9,0,7
BRDA:65,9,1,0
BRF:14
BRH:12
end_of_record
TN:
SF:src/execution-engine/node-execution-context/utils/extract-value.ts
FN:19,findPropertyFromParameterName
FN:29,(anonymous_2)
FN:34,(anonymous_3)
FN:70,executeRegexExtractValue
FN:90,extractValueRLC
FN:99,(anonymous_6)
FN:132,extractValueFilter
FN:152,extractValueOther
FN:185,extractValue
FNF:9
FNH:0
FNDA:0,findPropertyFromParameterName
FNDA:0,(anonymous_2)
FNDA:0,(anonymous_3)
FNDA:0,executeRegexExtractValue
FNDA:0,extractValueRLC
FNDA:0,(anonymous_6)
FNDA:0,extractValueFilter
FNDA:0,extractValueOther
FNDA:0,extractValue
DA:1,8
DA:2,8
DA:26,0
DA:27,0
DA:29,0
DA:33,0
DA:35,0
DA:46,0
DA:47,0
DA:48,0
DA:49,0
DA:50,0
DA:51,0
DA:52,0
DA:53,0
DA:54,0
DA:55,0
DA:57,0
DA:59,0
DA:60,0
DA:63,0
DA:64,0
DA:67,0
DA:76,0
DA:77,0
DA:78,0
DA:82,0
DA:83,0
DA:87,0
DA:96,0
DA:97,0
DA:99,0
DA:100,0
DA:101,0
DA:103,0
DA:104,0
DA:107,0
DA:108,0
DA:109,0
DA:110,0
DA:112,0
DA:113,0
DA:116,0
DA:122,0
DA:123,0
DA:128,0
DA:129,0
DA:138,0
DA:139,0
DA:142,0
DA:143,0
DA:149,0
DA:157,0
DA:158,0
DA:161,0
DA:162,0
DA:163,0
DA:164,0
DA:166,0
DA:167,0
DA:170,0
DA:175,0
DA:176,0
DA:181,0
DA:182,0
DA:185,8
DA:193,0
DA:194,0
DA:197,0
DA:198,0
DA:201,0
DA:202,0
DA:203,0
DA:204,0
DA:206,0
DA:209,0
LF:76
LH:3
BRDA:35,0,0,0
BRDA:35,0,1,0
BRDA:48,1,0,0
BRDA:48,1,1,0
BRDA:50,2,0,0
BRDA:50,2,1,0
BRDA:50,3,0,0
BRDA:50,3,1,0
BRDA:53,4,0,0
BRDA:53,4,1,0
BRDA:59,5,0,0
BRDA:63,6,0,0
BRDA:77,7,0,0
BRDA:82,8,0,0
BRDA:82,9,0,0
BRDA:82,9,1,0
BRDA:96,10,0,0
BRDA:96,11,0,0
BRDA:96,11,1,0
BRDA:96,11,2,0
BRDA:96,11,3,0
BRDA:99,12,0,0
BRDA:99,12,1,0
BRDA:100,13,0,0
BRDA:103,14,0,0
BRDA:103,15,0,0
BRDA:103,15,1,0
BRDA:107,16,0,0
BRDA:109,17,0,0
BRDA:122,18,0,0
BRDA:138,19,0,0
BRDA:142,20,0,0
BRDA:157,21,0,0
BRDA:157,22,0,0
BRDA:157,22,1,0
BRDA:161,23,0,0
BRDA:163,24,0,0
BRDA:175,25,0,0
BRDA:190,26,0,0
BRDA:197,27,0,0
BRDA:201,28,0,0
BRDA:201,28,1,0
BRDA:203,29,0,0
BRF:43
BRH:0
end_of_record
TN:
SF:src/execution-engine/node-execution-context/utils/file-system-helper-functions.ts
FN:24,(anonymous_0)
FN:31,(anonymous_1)
FN:32,(anonymous_2)
FN:36,isFilePathBlocked
FN:53,(anonymous_4)
FN:59,(anonymous_5)
FN:65,(anonymous_6)
FN:66,(anonymous_7)
FN:89,(anonymous_8)
FN:93,(anonymous_9)
FN:106,getN8nRestrictedPaths
FNF:11
FNH:11
FNDA:24,(anonymous_0)
FNDA:18,(anonymous_1)
FNDA:18,(anonymous_2)
FNDA:23,isFilePathBlocked
FNDA:46,(anonymous_4)
FNDA:12,(anonymous_5)
FNDA:4,(anonymous_6)
FNDA:3,(anonymous_7)
FNDA:1,(anonymous_8)
FNDA:1,(anonymous_9)
FNDA:22,getN8nRestrictedPaths
DA:1,3
DA:2,3
DA:4,3
DA:5,3
DA:6,3
DA:11,3
DA:13,3
DA:22,3
DA:24,3
DA:25,24
DA:26,24
DA:27,12
DA:29,12
DA:31,18
DA:32,18
DA:33,12
DA:36,3
DA:37,23
DA:38,23
DA:39,23
DA:40,23
DA:43,2
DA:44,2
DA:46,0
DA:49,23
DA:51,23
DA:52,23
DA:53,46
DA:55,10
DA:58,13
DA:59,12
DA:62,4
DA:65,4
DA:67,3
DA:68,3
DA:71,1
DA:79,2
DA:80,1
DA:81,1
DA:82,1
DA:86,1
DA:90,1
DA:94,1
DA:95,1
DA:99,0
DA:107,22
DA:108,22
DA:110,22
DA:111,1
DA:114,22
DA:115,1
DA:116,1
DA:119,22
DA:120,1
DA:123,22
DA:124,2
DA:127,22
DA:128,2
DA:131,22
LF:59
LH:57
BRDA:26,0,0,12
BRDA:43,1,0,2
BRDA:43,1,1,0
BRDA:51,2,0,22
BRDA:51,2,1,1
BRDA:52,3,0,10
BRDA:58,4,0,9
BRDA:71,5,0,1
BRDA:71,5,1,0
BRDA:79,6,0,1
BRDA:81,7,0,1
BRDA:81,7,1,0
BRDA:94,8,0,1
BRDA:110,9,0,1
BRDA:114,10,0,1
BRDA:119,11,0,1
BRDA:123,12,0,2
BRDA:127,13,0,2
BRF:18
BRH:15
end_of_record
TN:
SF:src/execution-engine/node-execution-context/utils/get-additional-keys.ts
FN:20,getAdditionalKeys
FN:37,(anonymous_1)
FN:48,(anonymous_2)
FN:59,(anonymous_3)
FN:62,(anonymous_4)
FNF:5
FNH:5
FNDA:20,getAdditionalKeys
FNDA:14,(anonymous_1)
FNDA:1,(anonymous_2)
FNDA:1,(anonymous_3)
FNDA:2,(anonymous_4)
DA:7,9
DA:9,9
DA:11,9
DA:17,9
DA:20,9
DA:26,20
DA:27,20
DA:28,20
DA:29,20
DA:38,14
DA:39,14
DA:41,2
DA:42,1
DA:45,1
DA:49,1
DA:50,1
DA:52,0
DA:53,0
DA:56,0
DA:60,1
DA:63,2
LF:21
LH:18
BRDA:26,0,0,20
BRDA:26,0,1,1
BRDA:32,1,0,17
BRDA:32,1,1,3
BRDA:35,2,0,7
BRDA:35,2,1,13
BRDA:41,3,0,1
BRDA:52,4,0,0
BRDA:69,5,0,1
BRDA:69,5,1,19
BRF:10
BRH:9
end_of_record
TN:
SF:src/execution-engine/node-execution-context/utils/get-input-connection-data.ts
FN:35,getNextRunIndex
FN:39,makeHandleToolInvocation
FN:53,(anonymous_2)
FN:98,(anonymous_3)
FN:102,(anonymous_4)
FN:102,(anonymous_5)
FN:103,(anonymous_6)
FN:142,validateInputConfiguration
FN:162,(anonymous_8)
FN:165,(anonymous_9)
FN:178,getInputConnectionData
FN:194,(anonymous_11)
FN:203,(anonymous_12)
FN:234,(anonymous_13)
FN:257,(anonymous_14)
FN:316,(anonymous_15)
FNF:16
FNH:0
FNDA:0,getNextRunIndex
FNDA:0,makeHandleToolInvocation
FNDA:0,(anonymous_2)
FNDA:0,(anonymous_3)
FNDA:0,(anonymous_4)
FNDA:0,(anonymous_5)
FNDA:0,(anonymous_6)
FNDA:0,validateInputConfiguration
FNDA:0,(anonymous_8)
FNDA:0,(anonymous_9)
FNDA:0,getInputConnectionData
FNDA:0,(anonymous_11)
FNDA:0,(anonymous_12)
FNDA:0,(anonymous_13)
FNDA:0,(anonymous_14)
FNDA:0,(anonymous_15)
DA:21,2
DA:30,2
DA:33,2
DA:36,0
DA:39,2
DA:51,0
DA:53,0
DA:54,0
DA:55,0
DA:56,0
DA:59,0
DA:60,0
DA:61,0
DA:66,0
DA:68,0
DA:69,0
DA:72,0
DA:75,0
DA:76,0
DA:79,0
DA:81,0
DA:82,0
DA:83,0
DA:84,0
DA:86,0
DA:91,0
DA:93,0
DA:95,0
DA:98,0
DA:99,0
DA:102,0
DA:103,0
DA:104,0
DA:107,0
DA:114,0
DA:119,0
DA:122,0
DA:123,0
DA:126,0
DA:127,0
DA:129,0
DA:132,0
DA:133,0
DA:138,0
DA:148,0
DA:150,0
DA:153,0
DA:154,0
DA:156,0
DA:158,0
DA:163,0
DA:165,0
DA:169,0
DA:178,2
DA:193,0
DA:194,0
DA:196,0
DA:197,0
DA:202,0
DA:204,0
DA:208,0
DA:209,0
DA:212,0
DA:213,0
DA:217,0
DA:222,0
DA:228,0
DA:229,0
DA:230,0
DA:234,0
DA:235,0
DA:251,0
DA:252,0
DA:253,0
DA:257,0
DA:263,0
DA:265,0
DA:270,0
DA:271,0
DA:272,0
DA:273,0
DA:274,0
DA:276,0
DA:280,0
DA:281,0
DA:282,0
DA:284,0
DA:289,0
DA:290,0
DA:293,0
DA:297,0
DA:306,0
DA:316,0
LF:93
LH:5
BRDA:36,0,0,0
BRDA:36,0,1,0
BRDA:55,1,0,0
BRDA:56,2,0,0
BRDA:56,2,1,0
BRDA:60,3,0,0
BRDA:61,4,0,0
BRDA:61,4,1,0
BRDA:75,5,0,0
BRDA:79,6,0,0
BRDA:82,7,0,0
BRDA:102,8,0,0
BRDA:103,9,0,0
BRDA:103,9,1,0
BRDA:103,10,0,0
BRDA:103,10,1,0
BRDA:103,11,0,0
BRDA:103,11,1,0
BRDA:122,12,0,0
BRDA:132,13,0,0
BRDA:133,14,0,0
BRDA:133,14,1,0
BRDA:138,15,0,0
BRDA:138,15,1,0
BRDA:156,16,0,0
BRDA:158,17,0,0
BRDA:159,18,0,0
BRDA:159,18,1,0
BRDA:159,18,2,0
BRDA:159,18,3,0
BRDA:171,19,0,0
BRDA:171,19,1,0
BRDA:196,20,0,0
BRDA:196,21,0,0
BRDA:196,21,1,0
BRDA:204,22,0,0
BRDA:204,22,1,0
BRDA:212,23,0,0
BRDA:213,24,0,0
BRDA:213,24,1,0
BRDA:217,25,0,0
BRDA:218,26,0,0
BRDA:218,26,1,0
BRDA:218,26,2,0
BRDA:251,27,0,0
BRDA:251,27,1,0
BRDA:252,28,0,0
BRDA:252,28,1,0
BRDA:273,29,0,0
BRDA:280,30,0,0
BRDA:280,30,1,0
BRDA:281,31,0,0
BRDA:290,32,0,0
BRDA:316,33,0,0
BRDA:316,33,1,0
BRDA:316,34,0,0
BRDA:316,34,1,0
BRF:57
BRH:0
end_of_record
TN:
SF:src/execution-engine/node-execution-context/utils/get-secrets-proxy.ts
FN:4,buildSecretsValueProxy
FN:6,(anonymous_1)
FN:25,getSecretsProxy
FN:30,(anonymous_3)
FN:38,(anonymous_4)
FN:54,(anonymous_5)
FN:57,(anonymous_6)
FN:68,(anonymous_7)
FN:71,(anonymous_8)
FNF:9
FNH:3
FNDA:0,buildSecretsValueProxy
FNDA:0,(anonymous_1)
FNDA:1,getSecretsProxy
FNDA:1,(anonymous_3)
FNDA:1,(anonymous_4)
FNDA:0,(anonymous_5)
FNDA:0,(anonymous_6)
FNDA:0,(anonymous_7)
FNDA:0,(anonymous_8)
DA:2,9
DA:5,0
DA:7,0
DA:8,0
DA:10,0
DA:11,0
DA:16,0
DA:17,0
DA:18,0
DA:20,0
DA:25,9
DA:26,1
DA:27,1
DA:31,1
DA:32,0
DA:34,1
DA:35,1
DA:39,1
DA:40,0
DA:42,1
DA:43,0
DA:48,1
DA:49,1
DA:50,0
DA:52,1
DA:55,0
DA:58,0
DA:63,0
DA:69,0
DA:72,0
LF:30
LH:12
BRDA:7,0,0,0
BRDA:10,1,0,0
BRDA:17,2,0,0
BRDA:17,3,0,0
BRDA:17,3,1,0
BRDA:31,4,0,0
BRDA:34,5,0,1
BRDA:39,6,0,0
BRDA:42,7,0,0
BRDA:49,8,0,0
BRDA:49,9,0,1
BRDA:49,9,1,0
BRF:12
BRH:2
end_of_record
TN:
SF:src/execution-engine/node-execution-context/utils/normalize-items.ts
FN:10,normalizeItems
FN:17,(anonymous_1)
FN:20,(anonymous_2)
FN:24,(anonymous_3)
FN:26,(anonymous_4)
FN:27,(anonymous_5)
FN:40,(anonymous_6)
FN:44,(anonymous_7)
FNF:8
FNH:6
FNDA:13,normalizeItems
FNDA:19,(anonymous_1)
FNDA:11,(anonymous_2)
FNDA:3,(anonymous_3)
FNDA:0,(anonymous_4)
FNDA:0,(anonymous_5)
FNDA:7,(anonymous_6)
FNDA:7,(anonymous_7)
DA:1,3
DA:10,3
DA:13,13
DA:14,4
DA:17,19
DA:18,6
DA:20,11
DA:21,4
DA:24,3
DA:25,0
DA:26,0
DA:27,0
DA:28,0
DA:29,0
DA:32,0
DA:37,0
DA:40,7
DA:41,0
DA:44,3
DA:45,7
LF:20
LH:12
BRDA:13,0,0,4
BRDA:13,1,0,13
BRDA:13,1,1,13
BRDA:14,2,0,1
BRDA:14,2,1,3
BRDA:17,3,0,6
BRDA:17,4,0,19
BRDA:17,4,1,18
BRDA:20,5,0,4
BRDA:20,6,0,11
BRDA:20,6,1,8
BRDA:24,7,0,0
BRDA:24,8,0,3
BRDA:24,8,1,2
BRDA:28,9,0,0
BRDA:40,10,0,0
BRDA:40,11,0,7
BRDA:40,11,1,4
BRF:18
BRH:15
end_of_record
TN:
SF:src/execution-engine/node-execution-context/utils/parse-incoming-message.ts
FN:3,parseHeaderParameters
FN:5,(anonymous_1)
FN:30,(anonymous_2)
FN:52,(anonymous_3)
FN:83,parseIncomingMessage
FNF:5
FNH:5
FNDA:30,parseHeaderParameters
FNDA:35,(anonymous_1)
FNDA:23,(anonymous_2)
FNDA:26,(anonymous_3)
FNDA:15,parseIncomingMessage
DA:4,30
DA:6,35
DA:7,35
DA:8,35
DA:9,15
DA:11,35
DA:12,35
DA:30,10
DA:31,23
DA:32,6
DA:35,17
DA:37,17
DA:52,10
DA:55,26
DA:56,13
DA:61,13
DA:62,4
DA:65,13
DA:67,13
DA:69,13
DA:70,13
DA:71,13
DA:73,3
DA:74,3
DA:77,13
DA:83,10
DA:84,15
DA:85,15
DA:86,11
DA:87,11
DA:88,11
DA:91,15
DA:92,15
DA:93,4
LF:34
LH:34
BRDA:8,0,0,15
BRDA:8,1,0,35
BRDA:8,1,1,15
BRDA:31,2,0,6
BRDA:55,3,0,13
BRDA:61,4,0,4
BRDA:61,5,0,13
BRDA:61,5,1,6
BRDA:71,6,0,3
BRDA:73,7,0,3
BRDA:73,7,1,0
BRDA:85,8,0,11
BRDA:92,9,0,4
BRF:13
BRH:12
end_of_record
TN:
SF:src/execution-engine/node-execution-context/utils/request-helper-functions.ts
FN:80,(anonymous_10)
FN:90,validateUrl
FN:101,getUrlFromProxyConfig
FN:134,getTargetUrlFromAxiosConfig
FN:146,getAgentWithProxy
FN:169,(anonymous_15)
FN:182,(anonymous_16)
FN:199,searchForHeader
FN:206,(anonymous_18)
FN:209,(anonymous_19)
FN:225,(anonymous_20)
FN:230,(anonymous_21)
FN:257,digestAuthAxiosConfig
FN:264,(anonymous_23)
FN:270,(anonymous_24)
FN:274,(anonymous_25)
FN:279,(anonymous_26)
FN:312,invokeAxios
FN:337,(anonymous_28)
FN:349,(anonymous_29)
FN:352,(anonymous_30)
FN:356,(anonymous_31)
FN:366,generateContentLengthHeader
FN:371,(anonymous_33)
FN:372,(anonymous_34)
FN:395,parseRequestObject
FN:413,(anonymous_36)
FN:479,(anonymous_37)
FN:528,hasArrayFormatOptions
FN:548,(anonymous_39)
FN:552,(anonymous_40)
FN:561,(anonymous_41)
FN:592,(anonymous_42)
FN:604,(anonymous_43)
FN:655,(anonymous_44)
FN:663,(anonymous_45)
FN:677,(anonymous_46)
FN:692,proxyRequestToAxios
FN:780,convertN8nRequestToAxios
FN:830,(anonymous_49)
FN:889,(anonymous_50)
FN:898,(anonymous_51)
FN:905,httpRequest
FN:932,applyPaginationRequestData
FN:952,createOAuth2Client
FN:969,requestOAuth2
FN:1049,(anonymous_56)
FN:1119,(anonymous_57)
FN:1137,(anonymous_58)
FN:1211,requestOAuth1
FN:1236,(anonymous_60)
FN:1278,(anonymous_61)
FN:1284,httpRequestWithAuthentication
FN:1400,requestWithAuthentication
FN:1507,(anonymous_64)
FN:1514,(anonymous_65)
FN:1546,requestWithAuthenticationPaginated
FN:1636,(anonymous_67)
FN:1767,(anonymous_68)
FN:1784,(anonymous_69)
FN:1787,(anonymous_70)
FN:1806,(anonymous_71)
FN:1814,(anonymous_72)
FNF:63
FNH:40
FNDA:1,(anonymous_10)
FNDA:1,validateUrl
FNDA:55,getUrlFromProxyConfig
FNDA:45,getTargetUrlFromAxiosConfig
FNDA:55,getAgentWithProxy
FNDA:45,(anonymous_15)
FNDA:23,(anonymous_16)
FNDA:20,searchForHeader
FNDA:7,(anonymous_18)
FNDA:40,(anonymous_19)
FNDA:40,(anonymous_20)
FNDA:3,(anonymous_21)
FNDA:1,digestAuthAxiosConfig
FNDA:3,(anonymous_23)
FNDA:1,(anonymous_24)
FNDA:3,(anonymous_25)
FNDA:2,(anonymous_26)
FNDA:22,invokeAxios
FNDA:5,(anonymous_28)
FNDA:3,(anonymous_29)
FNDA:4,(anonymous_30)
FNDA:2,(anonymous_31)
FNDA:1,generateContentLengthHeader
FNDA:1,(anonymous_33)
FNDA:1,(anonymous_34)
FNDA:25,parseRequestObject
FNDA:4,(anonymous_36)
FNDA:0,(anonymous_37)
FNDA:50,hasArrayFormatOptions
FNDA:0,(anonymous_39)
FNDA:0,(anonymous_40)
FNDA:0,(anonymous_41)
FNDA:0,(anonymous_42)
FNDA:8,(anonymous_43)
FNDA:5,(anonymous_44)
FNDA:2,(anonymous_45)
FNDA:2,(anonymous_46)
FNDA:8,proxyRequestToAxios
FNDA:15,convertN8nRequestToAxios
FNDA:1,(anonymous_49)
FNDA:1,(anonymous_50)
FNDA:20,(anonymous_51)
FNDA:10,httpRequest
FNDA:6,applyPaginationRequestData
FNDA:0,createOAuth2Client
FNDA:0,requestOAuth2
FNDA:0,(anonymous_56)
FNDA:0,(anonymous_57)
FNDA:0,(anonymous_58)
FNDA:0,requestOAuth1
FNDA:0,(anonymous_60)
FNDA:0,(anonymous_61)
FNDA:0,httpRequestWithAuthentication
FNDA:0,requestWithAuthentication
FNDA:10,(anonymous_64)
FNDA:0,(anonymous_65)
FNDA:0,requestWithAuthenticationPaginated
FNDA:0,(anonymous_67)
FNDA:0,(anonymous_68)
FNDA:0,(anonymous_69)
FNDA:0,(anonymous_70)
FNDA:0,(anonymous_71)
FNDA:0,(anonymous_72)
DA:9,8
DA:16,8
DA:17,8
DA:19,8
DA:20,8
DA:21,8
DA:22,8
DA:23,8
DA:24,8
DA:25,8
DA:26,8
DA:27,8
DA:28,8
DA:29,8
DA:30,8
DA:65,8
DA:66,8
DA:67,8
DA:68,8
DA:72,8
DA:73,8
DA:75,8
DA:77,8
DA:78,8
DA:79,8
DA:80,8
DA:81,1
DA:82,0
DA:84,1
DA:88,8
DA:91,1
DA:93,1
DA:94,1
DA:95,1
DA:97,0
DA:102,55
DA:103,1
DA:104,0
DA:106,1
DA:109,54
DA:110,53
DA:113,1
DA:114,1
DA:116,1
DA:117,1
DA:119,1
DA:120,1
DA:123,1
DA:124,0
DA:125,0
DA:128,1
DA:130,0
DA:135,45
DA:137,45
DA:138,45
DA:140,12
DA:146,8
DA:157,55
DA:158,55
DA:160,55
DA:161,4
DA:162,4
DA:165,51
DA:166,51
DA:169,8
DA:173,45
DA:174,12
DA:176,33
DA:179,45
DA:182,8
DA:184,23
DA:185,21
DA:188,23
DA:189,5
DA:193,5
DA:196,23
DA:200,20
DA:201,0
DA:204,20
DA:205,20
DA:206,20
DA:209,8
DA:216,40
DA:217,40
DA:218,40
DA:220,12
DA:225,8
DA:230,40
DA:231,3
DA:236,3
DA:242,3
DA:243,3
DA:244,0
DA:246,3
DA:249,3
DA:250,0
DA:252,3
DA:253,1
DA:262,1
DA:264,3
DA:265,1
DA:266,1
DA:267,1
DA:269,1
DA:270,1
DA:273,1
DA:274,3
DA:276,1
DA:278,1
DA:279,2
DA:281,1
DA:285,1
DA:286,1
DA:287,1
DA:291,1
DA:296,1
DA:300,1
DA:301,0
DA:303,1
DA:304,0
DA:306,1
DA:309,1
DA:312,8
DA:316,22
DA:317,22
DA:319,6
DA:321,2
DA:322,2
DA:323,1
DA:325,1
DA:326,1
DA:327,1
DA:328,1
DA:337,8
DA:342,5
DA:343,1
DA:345,4
DA:349,8
DA:350,3
DA:351,3
DA:352,3
DA:353,4
DA:355,4
DA:356,1
DA:357,2
DA:360,3
DA:363,3
DA:367,1
DA:368,0
DA:370,1
DA:371,1
DA:372,1
DA:373,1
DA:374,1
DA:377,1
DA:383,0
DA:395,8
DA:396,25
DA:398,25
DA:399,4
DA:411,25
DA:413,4
DA:416,25
DA:418,25
DA:423,0
DA:424,0
DA:426,0
DA:430,0
DA:431,0
DA:433,0
DA:436,25
DA:437,1
DA:438,1
DA:440,0
DA:445,0
DA:449,1
DA:451,1
DA:453,1
DA:454,1
DA:457,24
DA:459,0
DA:463,0
DA:464,0
DA:465,0
DA:466,0
DA:468,0
DA:470,0
DA:475,24
DA:477,0
DA:478,0
DA:479,0
DA:480,0
DA:481,0
DA:486,0
DA:487,0
DA:489,0
DA:493,0
DA:495,0
DA:496,0
DA:497,24
DA:499,1
DA:502,0
DA:504,1
DA:508,25
DA:509,5
DA:512,25
DA:513,8
DA:516,25
DA:517,0
DA:520,25
DA:521,15
DA:524,25
DA:525,0
DA:531,50
DA:537,0
DA:540,50
DA:543,25
DA:548,0
DA:549,0
DA:551,25
DA:552,0
DA:553,0
DA:557,25
DA:561,0
DA:562,0
DA:566,25
DA:568,1
DA:569,0
DA:574,1
DA:576,1
DA:585,25
DA:589,0
DA:592,0
DA:594,0
DA:595,0
DA:601,25
DA:604,25
DA:608,25
DA:609,25
DA:614,19
DA:616,6
DA:619,25
DA:620,25
DA:621,25
DA:622,13
DA:624,25
DA:625,0
DA:626,0
DA:629,25
DA:630,0
DA:633,25
DA:639,25
DA:641,25
DA:643,25
DA:644,0
DA:645,25
DA:647,0
DA:654,25
DA:655,25
DA:656,25
DA:658,25
DA:663,2
DA:670,0
DA:676,25
DA:677,2
DA:686,25
DA:692,8
DA:699,8
DA:704,8
DA:705,3
DA:707,5
DA:710,8
DA:712,8
DA:713,8
DA:714,5
DA:715,5
DA:716,0
DA:717,5
DA:718,1
DA:720,5
DA:721,5
DA:731,3
DA:736,3
DA:737,3
DA:738,3
DA:739,3
DA:740,3
DA:741,0
DA:743,0
DA:744,0
DA:747,0
DA:748,0
DA:749,0
DA:756,0
DA:760,0
DA:761,0
DA:771,0
DA:772,0
DA:776,0
DA:780,8
DA:782,15
DA:784,15
DA:794,15
DA:796,15
DA:797,0
DA:800,15
DA:801,0
DA:804,15
DA:805,1
DA:808,15
DA:809,0
DA:812,15
DA:813,15
DA:814,15
DA:815,15
DA:817,15
DA:818,1
DA:820,15
DA:825,15
DA:827,15
DA:829,15
DA:830,1
DA:831,1
DA:835,15
DA:836,15
DA:838,4
DA:839,4
DA:840,3
DA:843,3
DA:844,2
DA:848,1
DA:849,0
DA:851,1
DA:854,0
DA:859,4
DA:860,4
DA:864,15
DA:865,1
DA:868,1
DA:869,1
DA:877,15
DA:880,15
DA:881,15
DA:888,15
DA:889,1
DA:892,15
DA:895,8
DA:898,8
DA:899,20
DA:900,20
DA:901,11
DA:905,8
DA:908,10
DA:910,10
DA:911,10
DA:915,8
DA:918,10
DA:920,10
DA:921,1
DA:929,9
DA:932,8
DA:936,6
DA:941,6
DA:942,1
DA:943,1
DA:944,5
DA:945,1
DA:946,1
DA:949,6
DA:953,0
DA:969,8
DA:978,0
DA:980,0
DA:985,0
DA:986,0
DA:989,0
DA:991,0
DA:993,0
DA:999,0
DA:1001,0
DA:1002,0
DA:1008,0
DA:1009,0
DA:1012,0
DA:1018,0
DA:1022,0
DA:1023,0
DA:1024,0
DA:1033,0
DA:1037,0
DA:1038,0
DA:1040,0
DA:1041,0
DA:1043,0
DA:1044,0
DA:1048,0
DA:1049,0
DA:1050,0
DA:1051,0
DA:1054,0
DA:1055,0
DA:1056,0
DA:1062,0
DA:1063,0
DA:1071,0
DA:1076,0
DA:1077,0
DA:1079,0
DA:1082,0
DA:1086,0
DA:1088,0
DA:1089,0
DA:1093,0
DA:1094,0
DA:1099,0
DA:1101,0
DA:1102,0
DA:1107,0
DA:1109,0
DA:1113,0
DA:1117,0
DA:1120,0
DA:1121,0
DA:1129,0
DA:1132,0
DA:1133,0
DA:1135,0
DA:1138,0
DA:1140,0
DA:1141,0
DA:1142,0
DA:1146,0
DA:1148,0
DA:1153,0
DA:1161,0
DA:1162,0
DA:1164,0
DA:1166,0
DA:1170,0
DA:1173,0
DA:1174,0
DA:1179,0
DA:1182,0
DA:1188,0
DA:1193,0
DA:1194,0
DA:1196,0
DA:1197,0
DA:1202,0
DA:1206,0
DA:1211,8
DA:1217,0
DA:1219,0
DA:1221,0
DA:1222,0
DA:1225,0
DA:1226,0
DA:1229,0
DA:1238,0
DA:1240,0
DA:1241,0
DA:1243,0
DA:1244,0
DA:1246,0
DA:1247,0
DA:1249,0
DA:1253,0
DA:1255,0
DA:1261,0
DA:1264,0
DA:1265,0
DA:1266,0
DA:1269,0
DA:1272,0
DA:1273,0
DA:1276,0
DA:1280,0
DA:1284,8
DA:1293,0
DA:1296,0
DA:1297,0
DA:1301,0
DA:1302,0
DA:1304,0
DA:1305,0
DA:1307,0
DA:1308,0
DA:1319,0
DA:1320,0
DA:1322,0
DA:1326,0
DA:1327,0
DA:1334,0
DA:1342,0
DA:1345,0
DA:1348,0
DA:1355,0
DA:1359,0
DA:1363,0
DA:1364,0
DA:1366,0
DA:1374,0
DA:1377,0
DA:1380,0
DA:1389,0
DA:1391,0
DA:1395,0
DA:1400,8
DA:1410,0
DA:1414,0
DA:1415,0
DA:1417,0
DA:1418,0
DA:1420,0
DA:1421,0
DA:1432,0
DA:1433,0
DA:1435,0
DA:1441,0
DA:1442,0
DA:1449,0
DA:1457,0
DA:1460,0
DA:1463,0
DA:1470,0
DA:1472,0
DA:1473,0
DA:1475,0
DA:1483,0
DA:1486,0
DA:1487,0
DA:1495,0
DA:1498,0
DA:1500,0
DA:1502,0
DA:1507,8
DA:1514,10
DA:1522,0
DA:1524,0
DA:1528,0
DA:1542,0
DA:1554,0
DA:1555,0
DA:1556,0
DA:1558,0
DA:1559,0
DA:1565,0
DA:1567,0
DA:1574,0
DA:1580,0
DA:1585,0
DA:1586,0
DA:1595,0
DA:1597,0
DA:1598,0
DA:1605,0
DA:1606,0
DA:1613,0
DA:1616,0
DA:1627,0
DA:1629,0
DA:1631,0
DA:1633,0
DA:1636,0
DA:1638,0
DA:1639,0
DA:1641,0
DA:1643,0
DA:1644,0
DA:1646,0
DA:1649,0
DA:1653,0
DA:1654,0
DA:1655,0
DA:1658,0
DA:1660,0
DA:1662,0
DA:1665,0
DA:1666,0
DA:1668,0
DA:1671,0
DA:1672,0
DA:1673,0
DA:1675,0
DA:1686,0
DA:1688,0
DA:1690,0
DA:1692,0
DA:1695,0
DA:1697,0
DA:1698,0
DA:1700,0
DA:1709,0
DA:1710,0
DA:1713,0
DA:1722,0
DA:1723,0
DA:1724,0
DA:1733,0
DA:1735,0
DA:1740,0
DA:1741,0
DA:1742,0
DA:1743,0
DA:1744,0
DA:1747,0
DA:1761,0
DA:1764,10
DA:1773,0
DA:1785,0
DA:1794,0
DA:1811,0
DA:1820,0
LF:613
LH:298
BRDA:81,0,0,0
BRDA:91,1,0,0
BRDA:102,2,0,1
BRDA:103,3,0,0
BRDA:109,4,0,53
BRDA:114,5,0,0
BRDA:114,5,1,1
BRDA:114,6,0,1
BRDA:114,6,1,1
BRDA:119,7,0,1
BRDA:123,8,0,0
BRDA:125,9,0,0
BRDA:125,9,1,0
BRDA:138,10,0,45
BRDA:138,10,1,12
BRDA:157,11,0,55
BRDA:157,11,1,53
BRDA:158,12,0,41
BRDA:158,12,1,14
BRDA:160,13,0,4
BRDA:161,14,0,1
BRDA:161,14,1,3
BRDA:165,15,0,13
BRDA:165,15,1,38
BRDA:173,16,0,12
BRDA:173,16,1,33
BRDA:184,17,0,21
BRDA:188,18,0,5
BRDA:188,19,0,23
BRDA:188,19,1,5
BRDA:200,20,0,0
BRDA:217,21,0,40
BRDA:217,21,1,17
BRDA:243,22,0,0
BRDA:243,22,1,3
BRDA:249,23,0,0
BRDA:252,24,0,1
BRDA:265,25,0,1
BRDA:269,26,0,1
BRDA:269,26,1,0
BRDA:276,27,0,0
BRDA:276,27,1,1
BRDA:278,28,0,1
BRDA:278,28,1,0
BRDA:289,29,0,1
BRDA:289,29,1,1
BRDA:300,30,0,0
BRDA:303,31,0,0
BRDA:303,31,1,1
BRDA:314,32,0,19
BRDA:319,33,0,4
BRDA:319,34,0,6
BRDA:319,34,1,2
BRDA:322,35,0,1
BRDA:322,36,0,2
BRDA:322,36,1,2
BRDA:342,37,0,1
BRDA:342,37,1,4
BRDA:342,38,0,5
BRDA:342,38,1,5
BRDA:342,38,2,1
BRDA:342,38,3,1
BRDA:355,39,0,1
BRDA:355,39,1,3
BRDA:367,40,0,0
BRDA:373,41,0,0
BRDA:373,41,1,1
BRDA:398,42,0,4
BRDA:411,43,0,25
BRDA:411,43,1,4
BRDA:416,44,0,25
BRDA:416,44,1,2
BRDA:418,45,0,0
BRDA:418,45,1,25
BRDA:418,46,0,25
BRDA:418,46,1,0
BRDA:423,47,0,0
BRDA:423,47,1,0
BRDA:426,48,0,0
BRDA:426,48,1,0
BRDA:426,49,0,0
BRDA:426,49,1,0
BRDA:430,50,0,0
BRDA:430,50,1,0
BRDA:436,51,0,1
BRDA:436,51,1,24
BRDA:437,52,0,1
BRDA:437,52,1,0
BRDA:437,53,0,1
BRDA:437,53,1,1
BRDA:453,54,0,1
BRDA:453,54,1,0
BRDA:457,55,0,0
BRDA:457,55,1,24
BRDA:457,56,0,24
BRDA:457,56,1,0
BRDA:460,57,0,0
BRDA:460,57,1,0
BRDA:463,58,0,0
BRDA:463,58,1,0
BRDA:465,59,0,0
BRDA:475,60,0,0
BRDA:475,60,1,24
BRDA:477,61,0,0
BRDA:480,62,0,0
BRDA:486,63,0,0
BRDA:486,63,1,0
BRDA:495,64,0,0
BRDA:495,64,1,0
BRDA:497,65,0,1
BRDA:499,66,0,0
BRDA:499,67,0,1
BRDA:499,67,1,0
BRDA:508,68,0,5
BRDA:512,69,0,8
BRDA:516,70,0,0
BRDA:520,71,0,15
BRDA:524,72,0,0
BRDA:524,73,0,25
BRDA:524,73,1,0
BRDA:531,74,0,0
BRDA:532,75,0,50
BRDA:532,75,1,0
BRDA:532,75,2,0
BRDA:532,75,3,0
BRDA:543,76,0,0
BRDA:543,76,1,25
BRDA:544,77,0,25
BRDA:544,77,1,25
BRDA:544,77,2,0
BRDA:551,78,0,0
BRDA:557,79,0,0
BRDA:558,80,0,25
BRDA:558,80,1,0
BRDA:566,81,0,1
BRDA:568,82,0,0
BRDA:568,82,1,1
BRDA:569,83,0,0
BRDA:569,83,1,0
BRDA:577,84,0,1
BRDA:577,84,1,1
BRDA:579,85,0,1
BRDA:579,85,1,0
BRDA:585,86,0,0
BRDA:589,87,0,0
BRDA:589,87,1,0
BRDA:594,88,0,0
BRDA:595,89,0,0
BRDA:595,89,1,0
BRDA:601,90,0,25
BRDA:601,91,0,25
BRDA:601,91,1,25
BRDA:609,92,0,19
BRDA:609,92,1,6
BRDA:610,93,0,25
BRDA:610,93,1,24
BRDA:610,93,2,15
BRDA:610,93,3,11
BRDA:610,93,4,10
BRDA:621,94,0,13
BRDA:624,95,0,0
BRDA:629,96,0,0
BRDA:643,97,0,0
BRDA:643,97,1,25
BRDA:645,98,0,0
BRDA:654,99,0,4
BRDA:654,99,1,21
BRDA:655,100,0,25
BRDA:656,101,0,25
BRDA:656,101,1,21
BRDA:658,102,0,0
BRDA:659,103,0,25
BRDA:659,103,1,25
BRDA:659,103,2,2
BRDA:659,103,3,2
BRDA:659,103,4,2
BRDA:670,104,0,0
BRDA:670,104,1,0
BRDA:676,105,0,2
BRDA:704,106,0,3
BRDA:704,106,1,5
BRDA:707,107,0,5
BRDA:707,107,1,0
BRDA:715,108,0,0
BRDA:715,108,1,5
BRDA:715,109,0,5
BRDA:715,109,1,0
BRDA:717,110,0,1
BRDA:718,111,0,0
BRDA:718,111,1,1
BRDA:721,112,0,3
BRDA:721,112,1,2
BRDA:736,113,0,3
BRDA:738,114,0,3
BRDA:738,114,1,0
BRDA:739,115,0,3
BRDA:739,115,1,0
BRDA:743,116,0,0
BRDA:743,117,0,0
BRDA:743,117,1,0
BRDA:747,118,0,0
BRDA:748,119,0,0
BRDA:748,119,1,0
BRDA:771,120,0,0
BRDA:771,121,0,0
BRDA:771,121,1,0
BRDA:785,122,0,15
BRDA:785,122,1,12
BRDA:796,123,0,0
BRDA:800,124,0,0
BRDA:804,125,0,1
BRDA:808,126,0,0
BRDA:814,127,0,15
BRDA:817,128,0,1
BRDA:829,129,0,1
BRDA:836,130,0,4
BRDA:839,131,0,3
BRDA:839,131,1,1
BRDA:840,132,0,3
BRDA:840,132,1,0
BRDA:843,133,0,2
BRDA:843,133,1,1
BRDA:848,134,0,0
BRDA:851,135,0,0
BRDA:859,136,0,4
BRDA:859,137,0,4
BRDA:859,137,1,4
BRDA:859,137,2,4
BRDA:864,138,0,1
BRDA:868,139,0,1
BRDA:880,140,0,15
BRDA:888,141,0,1
BRDA:899,142,0,20
BRDA:899,142,1,0
BRDA:900,143,0,11
BRDA:900,144,0,20
BRDA:900,144,1,14
BRDA:911,145,0,8
BRDA:912,146,0,10
BRDA:912,146,1,2
BRDA:912,146,2,2
BRDA:920,147,0,1
BRDA:941,148,0,1
BRDA:941,148,1,5
BRDA:944,149,0,1
BRDA:959,150,0,0
BRDA:959,150,1,0
BRDA:960,151,0,0
BRDA:960,151,1,0
BRDA:976,152,0,0
BRDA:985,153,0,0
BRDA:985,154,0,0
BRDA:985,154,1,0
BRDA:993,155,0,0
BRDA:994,156,0,0
BRDA:994,156,1,0
BRDA:994,156,2,0
BRDA:994,156,3,0
BRDA:1001,157,0,0
BRDA:1022,158,0,0
BRDA:1022,158,1,0
BRDA:1027,159,0,0
BRDA:1027,159,1,0
BRDA:1028,160,0,0
BRDA:1028,160,1,0
BRDA:1030,161,0,0
BRDA:1030,161,1,0
BRDA:1038,162,0,0
BRDA:1038,162,1,0
BRDA:1040,163,0,0
BRDA:1040,164,0,0
BRDA:1040,164,1,0
BRDA:1043,165,0,0
BRDA:1048,166,0,0
BRDA:1050,167,0,0
BRDA:1055,168,0,0
BRDA:1058,169,0,0
BRDA:1058,169,1,0
BRDA:1076,170,0,0
BRDA:1076,170,1,0
BRDA:1088,171,0,0
BRDA:1101,172,0,0
BRDA:1113,173,0,0
BRDA:1113,173,1,0
BRDA:1121,174,0,0
BRDA:1122,175,0,0
BRDA:1122,175,1,0
BRDA:1122,175,2,0
BRDA:1122,175,3,0
BRDA:1122,175,4,0
BRDA:1122,175,5,0
BRDA:1138,176,0,0
BRDA:1141,177,0,0
BRDA:1161,178,0,0
BRDA:1161,178,1,0
BRDA:1173,179,0,0
BRDA:1194,180,0,0
BRDA:1194,180,1,0
BRDA:1196,181,0,0
BRDA:1215,182,0,0
BRDA:1221,183,0,0
BRDA:1225,184,0,0
BRDA:1238,185,0,0
BRDA:1238,185,1,0
BRDA:1238,185,2,0
BRDA:1264,186,0,0
BRDA:1264,187,0,0
BRDA:1264,187,1,0
BRDA:1272,188,0,0
BRDA:1296,189,0,0
BRDA:1304,190,0,0
BRDA:1307,191,0,0
BRDA:1319,192,0,0
BRDA:1319,192,1,0
BRDA:1326,193,0,0
BRDA:1342,194,0,0
BRDA:1359,195,0,0
BRDA:1360,196,0,0
BRDA:1360,196,1,0
BRDA:1364,197,0,0
BRDA:1374,198,0,0
BRDA:1417,199,0,0
BRDA:1417,200,0,0
BRDA:1417,200,1,0
BRDA:1420,201,0,0
BRDA:1420,202,0,0
BRDA:1420,202,1,0
BRDA:1432,203,0,0
BRDA:1432,203,1,0
BRDA:1441,204,0,0
BRDA:1457,205,0,0
BRDA:1473,206,0,0
BRDA:1483,207,0,0
BRDA:1500,208,0,0
BRDA:1511,209,0,6
BRDA:1512,210,0,6
BRDA:1520,211,0,0
BRDA:1524,212,0,0
BRDA:1525,213,0,0
BRDA:1525,213,1,0
BRDA:1525,213,2,0
BRDA:1536,214,0,0
BRDA:1536,214,1,0
BRDA:1555,215,0,0
BRDA:1597,216,0,0
BRDA:1605,217,0,0
BRDA:1605,217,1,0
BRDA:1627,218,0,0
BRDA:1627,218,1,0
BRDA:1627,219,0,0
BRDA:1627,219,1,0
BRDA:1633,220,0,0
BRDA:1633,220,1,0
BRDA:1635,221,0,0
BRDA:1635,221,1,0
BRDA:1638,222,0,0
BRDA:1638,222,1,0
BRDA:1649,223,0,0
BRDA:1649,224,0,0
BRDA:1649,224,1,0
BRDA:1654,225,0,0
BRDA:1655,226,0,0
BRDA:1655,226,1,0
BRDA:1658,227,0,0
BRDA:1658,227,1,0
BRDA:1660,228,0,0
BRDA:1660,228,1,0
BRDA:1665,229,0,0
BRDA:1671,230,0,0
BRDA:1671,230,1,0
BRDA:1673,231,0,0
BRDA:1698,232,0,0
BRDA:1698,232,1,0
BRDA:1709,233,0,0
BRDA:1709,234,0,0
BRDA:1709,234,1,0
BRDA:1722,235,0,0
BRDA:1723,236,0,0
BRDA:1735,237,0,0
BRDA:1735,238,0,0
BRDA:1735,238,1,0
BRDA:1741,239,0,0
BRDA:1741,239,1,0
BRDA:1741,240,0,0
BRDA:1741,240,1,0
BRDA:1743,241,0,0
BRF:386
BRH:151
end_of_record
TN:
SF:src/execution-engine/node-execution-context/utils/return-json-array.ts
FN:8,returnJsonArray
FN:15,(anonymous_1)
FNF:2
FNH:2
FNDA:5,returnJsonArray
FNDA:6,(anonymous_1)
DA:8,6
DA:9,5
DA:11,5
DA:12,1
DA:15,5
DA:16,6
DA:18,2
DA:20,4
DA:24,5
LF:9
LH:9
BRDA:11,0,0,1
BRDA:16,1,0,2
BRDA:16,1,1,4
BRF:3
BRH:3
end_of_record
TN:
SF:src/execution-engine/node-execution-context/utils/scheduling-helper-functions.ts
FN:6,(anonymous_0)
FN:13,(anonymous_1)
FNF:2
FNH:2
FNDA:3,(anonymous_0)
FNDA:1,(anonymous_1)
DA:1,3
DA:4,3
DA:6,3
DA:11,3
DA:12,3
DA:14,1
DA:22,1
LF:7
LH:7
BRF:0
BRH:0
end_of_record
TN:
SF:src/execution-engine/node-execution-context/utils/ssh-tunnel-helper-functions.ts
FN:7,(anonymous_0)
FN:10,(anonymous_1)
FN:12,(anonymous_2)
FNF:3
FNH:3
FNDA:6,(anonymous_0)
FNDA:2,(anonymous_1)
FNDA:1,(anonymous_2)
DA:1,5
DA:5,5
DA:7,5
DA:8,6
DA:9,6
DA:11,2
DA:12,1
LF:7
LH:7
BRF:0
BRH:0
end_of_record
TN:
SF:src/execution-engine/node-execution-context/utils/validate-value-against-schema.ts
FN:20,(anonymous_0)
FN:44,(anonymous_1)
FN:77,(anonymous_2)
FN:89,(anonymous_3)
FN:151,(anonymous_4)
FN:162,(anonymous_5)
FNF:6
FNH:6
FNDA:15,(anonymous_0)
FNDA:27,(anonymous_1)
FNDA:1,(anonymous_2)
FNDA:1,(anonymous_3)
FNDA:30,(anonymous_4)
FNDA:30,(anonymous_5)
DA:11,9
DA:20,9
DA:26,15
DA:27,15
DA:28,15
DA:29,15
DA:30,15
DA:31,0
DA:33,15
DA:34,15
DA:35,15
DA:36,0
DA:38,15
DA:39,15
DA:40,15
DA:41,17
DA:42,17
DA:44,27
DA:46,17
DA:52,2
DA:59,15
DA:60,15
DA:66,15
DA:67,2
DA:70,13
DA:74,11
DA:77,9
DA:87,1
DA:88,1
DA:89,1
DA:93,1
DA:94,0
DA:97,1
DA:98,0
DA:103,1
DA:105,1
DA:106,7
DA:108,5
DA:116,1
DA:117,0
DA:120,1
DA:121,1
DA:124,4
DA:125,12
DA:127,4
DA:131,4
DA:132,0
DA:143,4
DA:148,1
DA:151,9
DA:159,30
DA:161,30
DA:163,30
DA:167,30
DA:168,6
DA:171,24
DA:173,24
DA:178,1
DA:183,23
DA:188,15
DA:194,8
DA:195,1
DA:205,24
DA:206,4
DA:221,20
LF:65
LH:59
BRDA:30,0,0,0
BRDA:35,1,0,0
BRDA:35,2,0,15
BRDA:35,2,1,15
BRDA:46,3,0,2
BRDA:47,4,0,17
BRDA:47,4,1,13
BRDA:47,4,2,13
BRDA:47,4,3,13
BRDA:47,4,4,12
BRDA:59,5,0,15
BRDA:62,6,0,15
BRDA:62,6,1,2
BRDA:63,7,0,15
BRDA:63,7,1,2
BRDA:66,8,0,2
BRDA:66,8,1,13
BRDA:87,9,0,1
BRDA:93,10,0,0
BRDA:97,11,0,0
BRDA:106,12,0,2
BRDA:106,13,0,7
BRDA:106,13,1,5
BRDA:112,14,0,0
BRDA:112,14,1,5
BRDA:116,15,0,0
BRDA:120,16,0,1
BRDA:121,17,0,1
BRDA:121,17,1,0
BRDA:125,18,0,8
BRDA:131,19,0,0
BRDA:163,20,0,30
BRDA:163,20,1,24
BRDA:167,21,0,6
BRDA:173,22,0,1
BRDA:173,22,1,23
BRDA:174,23,0,24
BRDA:174,23,1,8
BRDA:174,23,2,8
BRDA:183,24,0,15
BRDA:183,24,1,8
BRDA:184,25,0,23
BRDA:184,25,1,15
BRDA:184,25,2,15
BRDA:194,26,0,1
BRDA:205,27,0,4
BRDA:208,28,0,4
BRDA:208,28,1,0
BRF:48
BRH:39
end_of_record
TN:
SF:src/execution-engine/node-execution-context/utils/webhook-helper-functions.ts
FN:13,getWebhookDescription
FN:33,getNodeWebhookUrl
FNF:2
FNH:2
FNDA:9,getWebhookDescription
FNDA:5,getNodeWebhookUrl
DA:10,3
DA:13,3
DA:18,9
DA:21,9
DA:23,8
DA:24,8
DA:25,7
DA:29,1
DA:33,3
DA:42,5
DA:43,5
DA:44,1
DA:47,5
DA:48,5
DA:50,5
DA:56,5
DA:58,5
DA:66,5
LF:18
LH:18
BRDA:21,0,0,1
BRDA:24,1,0,7
BRDA:43,2,0,1
BRDA:48,3,0,0
BRDA:56,4,0,0
BRF:5
BRH:3
end_of_record
TN:
SF:src/execution-engine/partial-execution-utils/clean-run-data.ts
FN:12,cleanRunData
FNF:1
FNH:1
FNDA:7,cleanRunData
DA:1,1
DA:12,1
DA:17,7
DA:19,7
DA:20,7
DA:22,7
DA:23,7
DA:24,15
DA:27,15
DA:28,15
DA:31,31
DA:32,26
DA:35,5
DA:41,7
DA:42,6
DA:44,1
DA:48,7
LF:17
LH:17
BRDA:31,0,0,26
BRDA:42,1,0,1
BRF:2
BRH:2
end_of_record
TN:
SF:src/execution-engine/partial-execution-utils/directed-graph.ts
FN:40,(anonymous_9)
FN:45,(anonymous_10)
FN:49,(anonymous_11)
FN:58,(anonymous_12)
FN:72,(anonymous_13)
FN:86,(anonymous_14)
FN:91,(anonymous_15)
FN:116,(anonymous_16)
FN:172,(anonymous_17)
FN:198,(anonymous_18)
FN:213,(anonymous_19)
FN:230,(anonymous_20)
FN:252,(anonymous_21)
FN:256,(anonymous_22)
FN:273,(anonymous_23)
FN:290,(anonymous_24)
FN:294,(anonymous_25)
FN:344,(anonymous_26)
FN:352,(anonymous_27)
FN:363,(anonymous_28)
FN:411,(anonymous_29)
FN:451,(anonymous_30)
FN:455,(anonymous_31)
FN:463,(anonymous_32)
FN:466,(anonymous_33)
FN:496,(anonymous_34)
FN:512,(anonymous_35)
FN:535,(anonymous_36)
FNF:28
FNH:27
FNDA:116,(anonymous_9)
FNDA:10,(anonymous_10)
FNDA:35,(anonymous_11)
FNDA:6,(anonymous_12)
FNDA:37,(anonymous_13)
FNDA:366,(anonymous_14)
FNDA:105,(anonymous_15)
FNDA:15,(anonymous_16)
FNDA:270,(anonymous_17)
FNDA:84,(anonymous_18)
FNDA:92,(anonymous_19)
FNDA:35,(anonymous_20)
FNDA:16,(anonymous_21)
FNDA:137,(anonymous_22)
FNDA:91,(anonymous_23)
FNDA:37,(anonymous_24)
FNDA:0,(anonymous_25)
FNDA:5,(anonymous_26)
FNDA:38,(anonymous_27)
FNDA:19,(anonymous_28)
FNDA:13,(anonymous_29)
FNDA:4,(anonymous_30)
FNDA:3,(anonymous_31)
FNDA:2,(anonymous_32)
FNDA:6,(anonymous_33)
FNDA:10,(anonymous_34)
FNDA:3,(anonymous_35)
FNDA:281,(anonymous_36)
DA:1,10
DA:3,10
DA:40,10
DA:41,116
DA:43,116
DA:46,10
DA:50,35
DA:59,6
DA:61,6
DA:62,7
DA:64,7
DA:65,6
DA:69,6
DA:73,37
DA:75,37
DA:76,111
DA:78,111
DA:79,79
DA:83,37
DA:87,366
DA:88,366
DA:92,105
DA:93,307
DA:95,105
DA:120,15
DA:121,8
DA:122,8
DA:124,8
DA:126,8
DA:127,10
DA:128,1
DA:131,9
DA:132,11
DA:133,0
DA:136,11
DA:142,11
DA:146,8
DA:147,20
DA:148,19
DA:152,8
DA:153,11
DA:156,8
DA:158,8
DA:160,7
DA:161,30
DA:162,15
DA:166,7
DA:168,7
DA:179,270
DA:181,270
DA:182,270
DA:184,270
DA:185,270
DA:187,270
DA:194,270
DA:195,270
DA:207,84
DA:208,214
DA:210,84
DA:214,92
DA:215,92
DA:217,92
DA:219,92
DA:220,304
DA:221,212
DA:224,92
DA:227,92
DA:231,35
DA:233,35
DA:235,21
DA:236,2
DA:238,19
DA:239,19
DA:242,35
DA:253,16
DA:257,137
DA:258,137
DA:260,137
DA:262,137
DA:263,361
DA:264,221
DA:267,140
DA:270,137
DA:274,91
DA:276,91
DA:278,65
DA:279,11
DA:282,54
DA:284,54
DA:287,91
DA:291,37
DA:301,0
DA:345,5
DA:346,5
DA:347,5
DA:348,5
DA:349,5
DA:350,5
DA:352,5
DA:353,38
DA:354,19
DA:357,19
DA:358,19
DA:359,19
DA:360,19
DA:361,19
DA:363,19
DA:364,19
DA:365,19
DA:368,19
DA:369,11
DA:370,11
DA:371,11
DA:372,11
DA:373,11
DA:375,11
DA:381,19
DA:382,19
DA:383,19
DA:384,19
DA:386,19
DA:389,13
DA:390,13
DA:392,13
DA:393,19
DA:394,19
DA:395,19
DA:398,13
DA:399,13
DA:404,5
DA:405,19
DA:408,5
DA:416,13
DA:417,1
DA:419,12
DA:421,12
DA:422,4
DA:425,8
DA:426,9
DA:428,9
DA:429,7
DA:433,1
DA:452,4
DA:456,3
DA:464,2
DA:466,6
DA:468,2
DA:469,5
DA:470,5
DA:472,5
DA:473,5
DA:474,6
DA:476,5
DA:477,5
DA:478,5
DA:480,5
DA:493,2
DA:497,10
DA:500,10
DA:501,34
DA:505,10
DA:506,24
DA:509,10
DA:513,3
DA:515,3
DA:516,7
DA:518,7
DA:521,7
DA:522,7
DA:523,7
DA:525,7
DA:532,3
DA:536,281
LF:173
LH:171
BRDA:64,0,0,6
BRDA:72,1,0,15
BRDA:76,2,0,76
BRDA:76,2,1,35
BRDA:78,3,0,79
BRDA:118,4,0,7
BRDA:120,5,0,8
BRDA:120,5,1,7
BRDA:127,6,0,1
BRDA:132,7,0,0
BRDA:147,8,0,19
BRDA:147,9,0,20
BRDA:147,9,1,10
BRDA:161,10,0,15
BRDA:161,11,0,30
BRDA:161,11,1,15
BRDA:189,12,0,270
BRDA:189,12,1,192
BRDA:190,13,0,270
BRDA:190,13,1,194
BRDA:191,14,0,270
BRDA:191,14,1,182
BRDA:220,15,0,212
BRDA:235,16,0,2
BRDA:263,17,0,221
BRDA:278,18,0,11
BRDA:353,19,0,19
BRDA:368,20,0,11
BRDA:386,21,0,13
BRDA:392,22,0,32
BRDA:392,22,1,27
BRDA:398,23,0,13
BRDA:416,24,0,1
BRDA:421,25,0,4
BRDA:428,26,0,7
BRDA:474,27,0,6
BRDA:474,27,1,1
BRDA:518,28,0,7
BRDA:518,28,1,7
BRDA:522,29,0,7
BRDA:522,29,1,7
BRF:41
BRH:40
end_of_record
TN:
SF:src/execution-engine/partial-execution-utils/filter-disabled-nodes.ts
FN:5,filterDisabledNodes
FN:12,(anonymous_1)
FNF:2
FNH:2
FNDA:3,filterDisabledNodes
FNDA:9,(anonymous_1)
DA:1,1
DA:5,1
DA:6,3
DA:8,3
DA:9,11
DA:10,4
DA:12,9
DA:17,3
LF:8
LH:8
BRDA:9,0,0,4
BRF:1
BRH:1
end_of_record
TN:
SF:src/execution-engine/partial-execution-utils/find-start-nodes.ts
FN:13,isDirty
FN:50,findStartNodesRecursive
FN:151,findStartNodes
FNF:3
FNH:3
FNDA:46,isDirty
FNDA:44,findStartNodesRecursive
FNDA:16,findStartNodes
DA:1,1
DA:4,1
DA:13,1
DA:15,46
DA:17,46
DA:18,0
DA:22,46
DA:24,46
DA:25,0
DA:29,46
DA:31,46
DA:32,0
DA:35,46
DA:37,46
DA:38,2
DA:41,44
DA:43,44
DA:44,30
DA:47,14
DA:59,44
DA:63,44
DA:64,14
DA:66,14
DA:71,30
DA:72,4
DA:73,4
DA:79,26
DA:80,4
DA:89,4
DA:90,2
DA:91,2
DA:97,24
DA:98,2
DA:102,22
DA:103,22
DA:104,33
DA:113,33
DA:114,33
DA:115,33
DA:116,5
DA:119,28
DA:130,22
DA:151,1
DA:158,16
DA:159,16
DA:160,16
DA:161,16
DA:162,16
DA:164,16
DA:176,16
LF:50
LH:47
BRDA:13,0,0,1
BRDA:13,1,0,1
BRDA:17,2,0,0
BRDA:24,3,0,0
BRDA:31,4,0,0
BRDA:37,5,0,2
BRDA:43,6,0,30
BRDA:63,7,0,14
BRDA:71,8,0,4
BRDA:79,9,0,4
BRDA:89,10,0,2
BRDA:89,11,0,4
BRDA:89,11,1,3
BRDA:97,12,0,2
BRDA:113,13,0,33
BRDA:113,13,1,33
BRDA:113,13,2,27
BRDA:115,14,0,5
BRDA:115,15,0,33
BRDA:115,15,1,6
BRF:20
BRH:17
end_of_record
TN:
SF:src/execution-engine/partial-execution-utils/find-subgraph.ts
FN:6,findSubgraphRecursive
FN:39,(anonymous_1)
FN:45,(anonymous_2)
FN:88,findSubgraph
FNF:4
FNH:4
FNDA:27,findSubgraphRecursive
FNDA:1,(anonymous_1)
FNDA:5,(anonymous_2)
FNDA:11,findSubgraph
DA:1,2
DA:4,2
DA:15,27
DA:20,11
DA:22,11
DA:23,11
DA:24,11
DA:27,11
DA:30,16
DA:33,16
DA:34,1
DA:39,15
DA:40,15
DA:41,1
DA:45,14
DA:46,14
DA:48,1
DA:49,2
DA:50,2
DA:52,1
DA:56,13
DA:60,18
DA:61,2
DA:64,16
DA:88,2
DA:93,11
DA:94,11
DA:95,11
DA:96,11
DA:98,11
DA:106,11
DA:107,20
DA:109,20
DA:110,18
DA:111,17
DA:114,1
DA:115,1
DA:119,11
LF:38
LH:38
BRDA:15,0,0,11
BRDA:33,1,0,1
BRDA:39,2,0,15
BRDA:39,2,1,11
BRDA:40,3,0,1
BRDA:46,4,0,1
BRDA:60,5,0,2
BRDA:110,6,0,17
BRF:8
BRH:8
end_of_record
TN:
SF:src/execution-engine/partial-execution-utils/find-trigger-for-partial-execution.ts
FN:4,(anonymous_9)
FN:6,findAllParentTriggers
FN:9,(anonymous_11)
FN:21,(anonymous_12)
FN:22,(anonymous_13)
FN:23,(anonymous_14)
FN:29,findTriggerForPartialExecution
FN:49,(anonymous_16)
FN:63,(anonymous_17)
FN:66,(anonymous_18)
FN:72,(anonymous_19)
FNF:11
FNH:11
FNDA:39,(anonymous_9)
FNDA:11,findAllParentTriggers
FNDA:26,(anonymous_11)
FNDA:26,(anonymous_12)
FNDA:26,(anonymous_13)
FNDA:24,(anonymous_14)
FNDA:15,findTriggerForPartialExecution
FNDA:24,(anonymous_16)
FNDA:21,(anonymous_17)
FNDA:7,(anonymous_18)
FNDA:8,(anonymous_19)
DA:1,1
DA:4,39
DA:7,11
DA:10,26
DA:14,26
DA:16,26
DA:21,26
DA:22,26
DA:23,24
DA:25,11
DA:29,1
DA:35,15
DA:36,15
DA:38,13
DA:43,13
DA:44,2
DA:48,11
DA:49,24
DA:53,11
DA:54,23
DA:55,1
DA:60,10
DA:63,21
DA:66,7
DA:67,10
DA:68,4
DA:72,8
DA:73,6
LF:28
LH:28
BRDA:36,0,0,2
BRDA:43,1,0,2
BRDA:43,2,0,13
BRDA:43,2,1,2
BRDA:54,3,0,1
BRDA:66,4,0,2
BRDA:66,4,1,5
BRDA:66,5,0,5
BRDA:66,5,1,0
BRDA:67,6,0,4
BRDA:73,7,0,3
BRDA:73,7,1,3
BRF:12
BRH:11
end_of_record
TN:
SF:src/execution-engine/partial-execution-utils/get-incoming-data.ts
FN:3,getIncomingData
FN:13,getRunIndexLength
FN:17,getIncomingDataFromAnyRun
FNF:3
FNH:3
FNDA:54,getIncomingData
FNDA:54,getRunIndexLength
FNDA:54,getIncomingDataFromAnyRun
DA:3,2
DA:10,54
DA:14,54
DA:17,2
DA:23,54
DA:25,54
DA:26,50
DA:28,50
DA:29,44
DA:33,10
LF:10
LH:10
BRDA:10,0,0,54
BRDA:10,0,1,7
BRDA:14,1,0,54
BRDA:14,1,1,5
BRDA:28,2,0,44
BRDA:28,3,0,50
BRDA:28,3,1,44
BRF:7
BRH:7
end_of_record
TN:
SF:src/execution-engine/partial-execution-utils/get-source-data-groups.ts
FN:5,sortByInputIndexThenByName
FN:28,newGroup
FN:86,getSourceDataGroups
FN:118,(anonymous_3)
FN:119,(anonymous_4)
FN:126,(anonymous_5)
FN:139,(anonymous_6)
FN:156,(anonymous_7)
FN:157,(anonymous_8)
FNF:9
FNH:9
FNDA:16,sortByInputIndexThenByName
FNDA:31,newGroup
FNDA:22,getSourceDataGroups
FNDA:33,(anonymous_3)
FNDA:11,(anonymous_4)
FNDA:43,(anonymous_5)
FNDA:19,(anonymous_6)
FNDA:5,(anonymous_7)
FNDA:6,(anonymous_8)
DA:1,2
DA:9,16
DA:10,5
DA:12,11
DA:29,31
DA:86,2
DA:92,22
DA:94,22
DA:95,22
DA:97,22
DA:98,44
DA:100,44
DA:101,33
DA:102,11
DA:103,11
DA:107,22
DA:108,1
DA:111,21
DA:112,21
DA:114,21
DA:115,21
DA:117,21
DA:118,33
DA:119,11
DA:122,21
DA:123,54
DA:125,54
DA:126,43
DA:129,54
DA:130,33
DA:132,33
DA:134,33
DA:135,33
DA:138,21
DA:139,19
DA:142,21
DA:143,11
DA:145,11
DA:146,11
DA:148,11
DA:149,11
DA:152,10
DA:153,10
DA:154,10
DA:156,5
DA:157,6
DA:161,21
DA:163,21
LF:48
LH:48
BRDA:9,0,0,5
BRDA:9,0,1,11
BRDA:98,1,0,44
BRDA:98,1,1,15
BRDA:100,2,0,33
BRDA:100,2,1,11
BRDA:102,3,0,11
BRDA:107,4,0,1
BRDA:107,5,0,22
BRDA:107,5,1,1
BRDA:122,6,0,75
BRDA:122,6,1,35
BRDA:129,7,0,33
BRDA:142,8,0,11
BRF:14
BRH:14
end_of_record
TN:
SF:src/execution-engine/partial-execution-utils/handle-cycles.ts
FN:15,handleCycles
FN:26,(anonymous_10)
FN:41,(anonymous_11)
FNF:3
FNH:3
FNDA:3,handleCycles
FNDA:9,(anonymous_10)
FNDA:7,(anonymous_11)
DA:2,1
DA:15,1
DA:26,9
DA:27,3
DA:31,3
DA:32,0
DA:35,3
DA:36,3
DA:37,9
DA:38,9
DA:39,3
DA:41,7
DA:44,3
DA:49,3
DA:50,3
DA:55,3
LF:16
LH:15
BRDA:31,0,0,0
BRDA:38,1,0,3
BRF:2
BRH:1
end_of_record
TN:
SF:src/execution-engine/partial-execution-utils/recreate-node-execution-stack.ts
FN:20,addWaitingExecution
FN:39,addWaitingExecutionSource
FN:72,recreateNodeExecutionStack
FN:103,(anonymous_12)
FNF:4
FNH:4
FNDA:8,addWaitingExecution
FNDA:8,addWaitingExecutionSource
FNDA:10,recreateNodeExecutionStack
FNDA:22,(anonymous_12)
DA:1,1
DA:2,1
DA:17,1
DA:18,1
DA:20,1
DA:28,8
DA:29,8
DA:30,8
DA:32,8
DA:34,8
DA:35,8
DA:36,8
DA:39,1
DA:47,8
DA:48,8
DA:49,8
DA:51,8
DA:53,8
DA:54,8
DA:55,8
DA:72,1
DA:86,10
DA:87,32
DA:96,9
DA:97,9
DA:98,9
DA:100,9
DA:101,13
DA:103,22
DA:105,13
DA:106,13
DA:108,13
DA:109,1
DA:111,1
DA:117,1
DA:119,12
DA:121,12
DA:122,17
DA:125,13
DA:127,13
DA:129,13
DA:130,16
DA:131,16
DA:133,16
DA:134,1
DA:136,15
DA:141,15
DA:148,15
DA:149,15
DA:150,15
DA:154,16
DA:161,13
DA:167,13
DA:169,4
DA:170,4
DA:174,4
DA:175,6
DA:176,6
DA:182,6
DA:184,6
DA:185,2
DA:194,2
DA:215,9
LF:63
LH:63
BRDA:28,0,0,8
BRDA:28,0,1,4
BRDA:29,1,0,8
BRDA:29,1,1,5
BRDA:30,2,0,8
BRDA:30,2,1,6
BRDA:47,3,0,8
BRDA:47,3,1,4
BRDA:48,4,0,8
BRDA:48,4,1,5
BRDA:49,5,0,8
BRDA:49,5,1,6
BRDA:108,6,0,1
BRDA:108,6,1,12
BRDA:122,7,0,13
BRDA:122,7,1,4
BRDA:133,8,0,1
BRDA:133,8,1,15
BRDA:148,9,0,15
BRDA:170,10,0,1
BRDA:170,10,1,3
BRDA:182,11,0,6
BRDA:182,11,1,4
BRDA:184,12,0,2
BRDA:200,13,0,2
BRDA:200,13,1,0
BRF:26
BRH:25
end_of_record
TN:
SF:src/execution-engine/partial-execution-utils/rewire-graph.ts
FN:7,rewireGraph
FN:25,(anonymous_10)
FNF:2
FNH:2
FNDA:7,rewireGraph
FNDA:14,(anonymous_10)
DA:1,1
DA:2,1
DA:3,1
DA:7,1
DA:12,7
DA:13,7
DA:15,7
DA:16,1
DA:19,6
DA:21,6
DA:23,6
DA:25,14
DA:28,6
DA:42,6
DA:45,6
DA:46,6
DA:49,6
DA:50,6
DA:54,6
DA:56,6
LF:20
LH:20
BRDA:15,0,0,1
BRDA:33,1,0,6
BRDA:33,1,1,5
BRDA:34,2,0,6
BRDA:34,2,1,5
BRF:5
BRH:5
end_of_record
TN:
SF:src/execution-engine/partial-execution-utils/run-data-utils.ts
FN:11,getNextExecutionIndex
FN:17,(anonymous_1)
FN:20,(anonymous_2)
FN:26,(anonymous_3)
FNF:4
FNH:4
FNDA:7,getNextExecutionIndex
FNDA:21,(anonymous_1)
FNDA:21,(anonymous_2)
FNDA:13,(anonymous_3)
DA:11,1
DA:13,7
DA:15,5
DA:17,21
DA:20,21
DA:23,5
DA:26,13
DA:27,4
LF:8
LH:8
BRDA:11,0,0,1
BRDA:13,1,0,2
BRDA:13,2,0,7
BRDA:13,2,1,7
BRDA:23,3,0,1
BRF:5
BRH:5
end_of_record
TN:
SF:src/execution-engine/partial-execution-utils/__tests__/helpers.ts
FN:18,createNodeData
FN:36,toITaskData
FN:86,toIConnections
FNF:3
FNH:3
FNDA:258,createNodeData
FNDA:92,toITaskData
FNDA:12,toIConnections
DA:1,12
DA:18,12
DA:19,258
DA:36,12
DA:37,92
DA:48,92
DA:49,92
DA:50,95
DA:51,95
DA:53,95
DA:54,95
DA:55,95
DA:58,92
DA:59,92
DA:60,101
DA:64,92
DA:67,12
DA:73,12
DA:86,12
DA:87,12
DA:89,12
DA:90,25
DA:91,25
DA:92,25
DA:94,25
DA:97,25
DA:98,25
DA:99,25
DA:101,25
DA:108,12
LF:30
LH:30
BRDA:21,0,0,258
BRDA:21,0,1,258
BRDA:22,1,0,258
BRDA:22,1,1,246
BRDA:26,2,0,258
BRDA:26,2,1,253
BRDA:44,3,0,92
BRDA:44,3,1,92
BRDA:48,4,0,92
BRDA:48,4,1,0
BRDA:50,5,0,95
BRDA:50,5,1,94
BRDA:51,6,0,95
BRDA:51,6,1,78
BRDA:53,7,0,95
BRDA:53,7,1,92
BRDA:60,8,0,101
BRDA:60,8,1,6
BRDA:90,9,0,25
BRDA:90,9,1,24
BRDA:91,10,0,25
BRDA:91,10,1,24
BRDA:92,11,0,25
BRDA:92,11,1,25
BRDA:94,12,0,25
BRDA:94,12,1,25
BRDA:98,13,0,25
BRDA:98,13,1,25
BRF:28
BRH:27
end_of_record
TN:
SF:src/instance-settings/index.ts
FN:1,(anonymous_0)
FNF:1
FNH:1
FNDA:113,(anonymous_0)
DA:1,131
LF:1
LH:1
BRF:0
BRH:0
end_of_record
TN:
SF:src/instance-settings/instance-settings.ts
FN:48,(anonymous_3)
FN:72,(anonymous_4)
FN:106,(anonymous_5)
FN:110,(anonymous_6)
FN:115,(anonymous_7)
FN:120,(anonymous_8)
FN:124,(anonymous_9)
FN:128,(anonymous_10)
FN:132,(anonymous_11)
FN:136,(anonymous_12)
FN:140,(anonymous_13)
FN:144,(anonymous_14)
FN:148,(anonymous_15)
FN:155,(anonymous_16)
FN:183,(anonymous_17)
FN:191,(anonymous_18)
FN:237,(anonymous_19)
FN:244,(anonymous_20)
FN:252,(anonymous_21)
FN:260,(anonymous_22)
FN:288,(anonymous_23)
FN:298,(anonymous_24)
FN:331,(anonymous_25)
FN:344,(anonymous_26)
FNF:24
FNH:13
FNDA:35,(anonymous_3)
FNDA:33,(anonymous_4)
FNDA:0,(anonymous_5)
FNDA:0,(anonymous_6)
FNDA:0,(anonymous_7)
FNDA:0,(anonymous_8)
FNDA:0,(anonymous_9)
FNDA:0,(anonymous_10)
FNDA:0,(anonymous_11)
FNDA:0,(anonymous_12)
FNDA:0,(anonymous_13)
FNDA:68,(anonymous_14)
FNDA:0,(anonymous_15)
FNDA:33,(anonymous_16)
FNDA:0,(anonymous_17)
FNDA:33,(anonymous_18)
FNDA:30,(anonymous_19)
FNDA:30,(anonymous_20)
FNDA:18,(anonymous_21)
FNDA:33,(anonymous_22)
FNDA:32,(anonymous_23)
FNDA:30,(anonymous_24)
FNDA:1,(anonymous_25)
FNDA:63,(anonymous_26)
DA:1,19
DA:2,19
DA:4,19
DA:5,19
DA:6,19
DA:7,19
DA:8,19
DA:9,19
DA:10,19
DA:11,19
DA:13,19
DA:15,19
DA:28,19
DA:30,33
DA:33,33
DA:36,33
DA:39,33
DA:41,33
DA:43,33
DA:49,35
DA:51,0
DA:52,0
DA:53,0
DA:56,0
DA:72,33
DA:73,33
DA:74,33
DA:76,33
DA:77,33
DA:78,30
DA:79,30
DA:90,33
DA:101,33
DA:103,33
DA:107,0
DA:111,0
DA:116,0
DA:121,0
DA:125,0
DA:129,0
DA:133,0
DA:137,0
DA:141,0
DA:145,68
DA:149,0
DA:155,19
DA:157,33
DA:158,22
DA:159,22
DA:160,14
DA:165,3
DA:169,19
DA:170,19
DA:171,11
DA:176,3
DA:180,16
DA:184,0
DA:192,33
DA:193,33
DA:194,14
DA:195,14
DA:197,14
DA:201,13
DA:203,13
DA:205,13
DA:206,1
DA:211,12
DA:214,19
DA:215,13
DA:216,1
DA:219,12
DA:225,18
DA:227,18
DA:229,18
DA:231,18
DA:232,18
DA:234,18
DA:238,30
DA:239,30
DA:245,30
DA:246,30
DA:248,30
DA:249,30
DA:253,18
DA:254,18
DA:264,33
DA:265,33
DA:266,33
DA:267,0
DA:268,0
DA:273,0
DA:279,33
DA:290,32
DA:291,2
DA:293,30
DA:295,0
DA:298,30
DA:299,30
DA:300,30
DA:303,30
DA:304,0
DA:308,0
DA:311,30
DA:312,30
DA:313,20
DA:317,10
DA:318,9
DA:323,9
DA:326,1
DA:327,1
DA:331,1
DA:332,1
DA:336,0
DA:345,63
LF:114
LH:92
BRDA:49,0,0,35
BRDA:56,1,0,0
BRDA:56,1,1,0
BRDA:74,2,0,1
BRDA:74,2,1,32
BRDA:76,3,0,17
BRDA:76,3,1,16
BRDA:116,4,0,0
BRDA:116,4,1,0
BRDA:116,4,2,0
BRDA:157,5,0,11
BRDA:157,6,0,33
BRDA:157,6,1,23
BRDA:160,7,0,3
BRDA:161,8,0,14
BRDA:161,8,1,6
BRDA:161,8,2,5
BRDA:171,9,0,3
BRDA:172,10,0,11
BRDA:172,10,1,3
BRDA:172,10,2,2
BRDA:193,11,0,14
BRDA:205,12,0,1
BRDA:205,13,0,13
BRDA:205,13,1,2
BRDA:214,14,0,13
BRDA:215,15,0,1
BRDA:227,16,0,18
BRDA:227,16,1,12
BRDA:246,17,0,0
BRDA:255,18,0,1
BRDA:255,18,1,17
BRDA:266,19,0,0
BRDA:267,20,0,0
BRDA:290,21,0,2
BRDA:290,22,0,32
BRDA:290,22,1,4
BRDA:293,23,0,0
BRDA:303,24,0,0
BRDA:312,25,0,20
BRDA:317,26,0,9
BRDA:326,27,0,1
BRDA:332,28,0,0
BRF:43
BRH:32
end_of_record
TN:
SF:src/instance-settings/worker-missing-encryption-key.error.ts
FN:4,(anonymous_0)
FNF:1
FNH:1
FNDA:1,(anonymous_0)
DA:1,19
DA:3,19
DA:5,1
LF:3
LH:3
BRF:0
BRH:0
end_of_record
TN:
SF:src/utils/is-json-compatible.ts
FN:1,(anonymous_0)
FN:103,isJsonCompatible
FNF:2
FNH:2
FNDA:52,(anonymous_0)
FNDA:21,isJsonCompatible
DA:1,1
DA:7,52
DA:9,52
DA:10,5
DA:13,47
DA:14,3
DA:15,2
DA:21,1
DA:24,44
DA:25,3
DA:32,41
DA:33,7
DA:34,2
DA:40,5
DA:41,5
DA:42,9
DA:43,9
DA:45,2
DA:46,2
DA:49,34
DA:50,33
DA:51,2
DA:57,31
DA:60,31
DA:61,31
DA:62,4
DA:69,27
DA:70,24
DA:71,1
DA:78,23
DA:79,1
DA:82,22
DA:83,22
DA:84,22
DA:86,13
DA:87,13
DA:90,1
DA:103,1
DA:113,21
LF:39
LH:39
BRDA:3,0,0,21
BRDA:4,1,0,21
BRDA:5,2,0,0
BRDA:9,3,0,5
BRDA:9,4,0,52
BRDA:9,4,1,51
BRDA:9,4,2,49
BRDA:13,5,0,3
BRDA:14,6,0,2
BRDA:24,7,0,3
BRDA:24,8,0,44
BRDA:24,8,1,43
BRDA:24,8,2,42
BRDA:32,9,0,7
BRDA:33,10,0,2
BRDA:43,11,0,3
BRDA:49,12,0,33
BRDA:50,13,0,2
BRDA:61,14,0,4
BRDA:61,15,0,31
BRDA:61,15,1,5
BRDA:66,16,0,4
BRDA:66,16,1,0
BRDA:70,17,0,1
BRDA:78,18,0,1
BRDA:84,19,0,13
BRDA:105,20,0,20
BRF:27
BRH:25
end_of_record
TN:
SF:src/utils/serialized-buffer.ts
FN:10,toBuffer
FN:14,isSerializedBuffer
FNF:2
FNH:2
FNDA:3,toBuffer
FNDA:12,isSerializedBuffer
DA:1,1
DA:10,1
DA:11,3
DA:14,1
DA:15,12
LF:5
LH:5
BRDA:16,0,0,12
BRDA:16,0,1,9
BRDA:16,0,2,3
BRDA:16,0,3,3
BRDA:16,0,4,3
BRF:5
BRH:5
end_of_record
TN:
SF:src/utils/signature-helpers.ts
FN:6,generateUrlSignature
FN:14,prepareUrlForSigning
FNF:2
FNH:2
FNDA:5,generateUrlSignature
FNDA:2,prepareUrlForSigning
DA:1,9
DA:6,9
DA:7,5
DA:8,5
DA:14,9
DA:15,2
LF:6
LH:6
BRF:0
BRH:0
end_of_record
TN:
SF:test/utils.ts
FN:7,(anonymous_0)
FN:16,toStream
FN:24,(anonymous_2)
FNF:3
FNH:3
FNDA:9,(anonymous_0)
FNDA:1,toStream
FNDA:2,(anonymous_2)
DA:2,5
DA:3,5
DA:4,5
DA:7,5
DA:11,9
DA:12,9
DA:13,9
DA:16,5
DA:17,1
DA:18,1
DA:19,1
DA:21,1
DA:24,5
DA:25,2
LF:14
LH:14
BRDA:9,0,0,3
BRF:1
BRH:1
end_of_record
