TN:
SF:src/errors.ts
FN:1,(empty-report)
FNF:1
FNH:0
FNDA:0,(empty-report)
DA:1,0
DA:2,0
DA:3,0
DA:4,0
DA:5,0
DA:6,0
DA:7,0
DA:8,0
DA:9,0
DA:10,0
DA:11,0
DA:12,0
DA:13,0
DA:14,0
DA:15,0
DA:16,0
DA:17,0
DA:18,0
DA:19,0
DA:20,0
DA:21,0
DA:22,0
DA:23,0
DA:24,0
DA:25,0
DA:26,0
DA:27,0
LF:27
LH:0
BRDA:1,0,0,0
BRF:1
BRH:0
end_of_record
TN:
SF:src/imap-simple.ts
FN:15,ImapSimple
FN:34,end
FN:64,search
FN:94,fetchOnMessage
FN:105,fetchOnError
FN:111,fetchOnEnd
FN:124,getPartData
FN:136,fetchOnMessage
FN:148,fetchOnError
FN:154,fetchOnEnd
FN:166,addFlags
FN:178,getBoxes
FN:185,openBox
FN:195,closeBox
FNF:14
FNH:12
FNDA:28,ImapSimple
FNDA:2,end
FNDA:2,search
FNDA:6,fetchOnMessage
FNDA:0,fetchOnError
FNDA:2,fetchOnEnd
FNDA:2,getPartData
FNDA:2,fetchOnMessage
FNDA:0,fetchOnError
FNDA:2,fetchOnEnd
FNDA:4,addFlags
FNDA:4,getBoxes
FNDA:4,openBox
FNDA:6,closeBox
DA:1,1
DA:5,1
DA:6,1
DA:9,1
DA:11,1
DA:13,1
DA:15,1
DA:16,28
DA:19,28
DA:20,196
DA:21,28
DA:24,28
DA:26,4
DA:27,2
DA:28,2
DA:29,2
DA:30,28
DA:31,28
DA:34,1
DA:39,2
DA:44,2
DA:45,0
DA:46,2
DA:48,2
DA:49,2
DA:64,1
DA:66,2
DA:68,2
DA:70,2
DA:71,2
DA:72,2
DA:73,2
DA:74,2
DA:75,0
DA:76,0
DA:77,0
DA:79,2
DA:80,0
DA:81,0
DA:82,0
DA:85,2
DA:86,2
DA:87,0
DA:88,0
DA:90,2
DA:91,2
DA:92,2
DA:94,2
DA:95,6
DA:96,6
DA:97,6
DA:99,6
DA:100,6
DA:101,2
DA:102,2
DA:103,6
DA:105,2
DA:106,0
DA:107,0
DA:108,0
DA:109,0
DA:111,2
DA:112,2
DA:113,2
DA:114,2
DA:116,2
DA:117,2
DA:118,2
DA:119,2
DA:120,2
DA:121,2
DA:124,1
DA:126,2
DA:128,2
DA:129,2
DA:130,2
DA:131,2
DA:132,2
DA:133,2
DA:134,2
DA:136,2
DA:137,2
DA:138,2
DA:139,0
DA:140,0
DA:141,0
DA:143,2
DA:144,2
DA:145,2
DA:146,2
DA:148,2
DA:149,0
DA:150,0
DA:151,0
DA:152,0
DA:154,2
DA:155,2
DA:156,2
DA:157,2
DA:159,2
DA:160,2
DA:161,2
DA:162,2
DA:163,2
DA:166,1
DA:168,4
DA:170,4
DA:171,4
DA:172,4
DA:173,4
DA:174,4
DA:175,4
DA:178,1
DA:179,4
DA:180,4
DA:181,4
DA:182,4
DA:185,1
DA:187,4
DA:188,4
DA:189,4
DA:190,4
DA:191,4
DA:192,4
DA:195,1
DA:197,6
DA:198,6
DA:199,6
DA:200,6
DA:201,6
DA:202,6
DA:203,1
LF:132
LH:112
BRDA:15,0,0,28
BRDA:19,1,0,196
BRDA:24,2,0,4
BRDA:26,3,0,2
BRDA:26,4,0,2
BRDA:34,5,0,2
BRDA:64,6,0,2
BRDA:72,7,0,2
BRDA:73,8,0,2
BRDA:74,9,0,0
BRDA:79,10,0,0
BRDA:86,11,0,0
BRDA:86,12,0,0
BRDA:86,13,0,0
BRDA:94,14,0,6
BRDA:100,15,0,2
BRDA:101,16,0,6
BRDA:111,17,0,2
BRDA:124,18,0,2
BRDA:130,19,0,2
BRDA:136,20,0,2
BRDA:138,21,0,0
BRDA:154,22,0,2
BRDA:166,23,0,4
BRDA:172,24,0,4
BRDA:173,25,0,4
BRDA:173,26,0,2
BRDA:173,27,0,2
BRDA:178,28,0,4
BRDA:179,29,0,4
BRDA:180,30,0,4
BRDA:180,31,0,2
BRDA:180,32,0,2
BRDA:185,33,0,4
BRDA:189,34,0,4
BRDA:190,35,0,4
BRDA:190,36,0,2
BRDA:190,37,0,2
BRDA:195,38,0,6
BRDA:199,39,0,6
BRDA:200,40,0,6
BRDA:200,41,0,2
BRDA:200,42,0,4
BRF:43
BRH:37
end_of_record
TN:
SF:src/index.ts
FN:1,(empty-report)
FNF:1
FNH:0
FNDA:0,(empty-report)
DA:1,0
DA:2,0
DA:3,0
DA:4,0
DA:5,0
DA:6,0
DA:7,0
DA:8,0
DA:9,0
DA:10,0
DA:11,0
DA:12,0
DA:13,0
DA:14,0
DA:15,0
DA:16,0
DA:17,0
DA:18,0
DA:19,0
DA:20,0
DA:21,0
DA:22,0
DA:23,0
DA:24,0
DA:25,0
DA:26,0
DA:27,0
DA:28,0
DA:29,0
DA:30,0
DA:31,0
DA:32,0
DA:33,0
DA:34,0
DA:35,0
DA:36,0
DA:37,0
DA:38,0
DA:39,0
DA:40,0
DA:41,0
DA:42,0
DA:43,0
DA:44,0
DA:45,0
DA:46,0
DA:47,0
DA:48,0
DA:49,0
DA:50,0
DA:51,0
DA:52,0
DA:53,0
DA:54,0
DA:55,0
DA:56,0
DA:57,0
DA:58,0
DA:59,0
DA:60,0
DA:61,0
DA:62,0
DA:63,0
DA:64,0
DA:65,0
DA:66,0
DA:67,0
DA:68,0
DA:69,0
DA:70,0
DA:71,0
DA:72,0
DA:73,0
DA:74,0
DA:75,0
DA:76,0
DA:77,0
DA:78,0
DA:79,0
DA:80,0
DA:81,0
DA:82,0
DA:83,0
DA:84,0
DA:85,0
DA:86,0
DA:87,0
DA:88,0
DA:89,0
DA:90,0
DA:91,0
DA:92,0
DA:93,0
DA:94,0
DA:95,0
DA:96,0
DA:97,0
DA:98,0
DA:99,0
DA:100,0
LF:100
LH:0
BRDA:1,0,0,0
BRF:1
BRH:0
end_of_record
TN:
SF:src/part-data.ts
FN:1,(empty-report)
FNF:1
FNH:0
FNDA:0,(empty-report)
DA:1,0
DA:2,0
DA:3,0
DA:4,0
DA:6,0
DA:7,0
DA:9,0
DA:10,0
DA:11,0
DA:13,0
DA:14,0
DA:15,0
DA:16,0
DA:18,0
DA:19,0
DA:20,0
DA:22,0
DA:23,0
DA:24,0
DA:26,0
DA:27,0
DA:28,0
DA:30,0
DA:31,0
DA:32,0
DA:35,0
DA:36,0
DA:37,0
DA:39,0
DA:40,0
DA:41,0
DA:42,0
DA:43,0
DA:45,0
DA:46,0
DA:47,0
DA:48,0
DA:49,0
DA:50,0
DA:51,0
DA:53,0
DA:54,0
DA:55,0
DA:56,0
DA:58,0
DA:59,0
DA:60,0
DA:61,0
DA:63,0
DA:64,0
DA:65,0
DA:66,0
DA:67,0
DA:68,0
DA:69,0
DA:71,0
DA:72,0
DA:73,0
DA:74,0
DA:76,0
DA:77,0
DA:78,0
DA:79,0
DA:80,0
DA:81,0
DA:82,0
DA:83,0
LF:67
LH:0
BRDA:1,0,0,0
BRF:1
BRH:0
end_of_record
TN:
SF:src/helpers/get-message.ts
FN:13,getMessage
FN:21,messageOnBody
FN:24,streamOnData
FN:40,messageOnAttributes
FN:44,messageOnEnd
FNF:5
FNH:5
FNDA:8,getMessage
FNDA:8,messageOnBody
FNDA:8,streamOnData
FNDA:8,messageOnAttributes
FNDA:8,messageOnEnd
DA:1,1
DA:13,8
DA:15,8
DA:16,8
DA:17,8
DA:18,8
DA:19,8
DA:21,8
DA:22,8
DA:24,8
DA:25,8
DA:26,8
DA:28,8
DA:29,8
DA:30,8
DA:32,8
DA:33,8
DA:34,8
DA:35,8
DA:36,8
DA:37,8
DA:38,8
DA:40,8
DA:41,8
DA:42,8
DA:44,8
DA:45,8
DA:46,8
DA:47,8
DA:48,8
DA:50,8
DA:51,8
DA:52,8
DA:53,8
DA:54,8
LF:35
LH:35
BRDA:13,0,0,8
BRDA:17,1,0,8
BRDA:21,2,0,8
BRDA:24,3,0,8
BRDA:29,4,0,8
BRDA:35,5,0,0
BRDA:40,6,0,8
BRDA:44,7,0,8
BRF:8
BRH:7
end_of_record
