TN:
SF:src/cli-parser.ts
FN:21,(anonymous_3)
FN:23,(anonymous_4)
FNF:2
FNH:2
FNDA:7,(anonymous_3)
FNDA:7,(anonymous_4)
DA:1,1
DA:2,1
DA:5,1
DA:20,1
DA:21,7
DA:27,7
DA:29,7
DA:30,7
DA:31,5
DA:32,6
DA:33,6
DA:39,6
DA:40,4
DA:43,6
DA:44,6
DA:45,2
DA:49,5
DA:52,7
DA:54,7
DA:61,7
LF:20
LH:20
BRDA:30,0,0,5
BRDA:39,1,0,4
BRDA:39,2,0,6
BRDA:39,2,1,4
BRDA:44,3,0,2
BRDA:44,4,0,6
BRDA:44,4,1,2
BRDA:44,4,2,2
BRF:8
BRH:8
end_of_record
TN:
SF:src/environment.ts
FNF:0
FNH:0
DA:1,51
DA:3,51
DA:4,51
DA:5,51
LF:4
LH:4
BRDA:5,0,0,51
BRDA:5,0,1,40
BRF:2
BRH:2
end_of_record
TN:
SF:src/license-state.ts
FN:9,(anonymous_1)
FN:15,(anonymous_2)
FN:18,(anonymous_3)
FN:22,(anonymous_4)
FN:30,(anonymous_5)
FN:36,(anonymous_6)
FN:46,(anonymous_7)
FN:50,(anonymous_8)
FN:54,(anonymous_9)
FN:58,(anonymous_10)
FN:62,(anonymous_11)
FN:66,(anonymous_12)
FN:70,(anonymous_13)
FN:74,(anonymous_14)
FN:78,(anonymous_15)
FN:82,(anonymous_16)
FN:86,(anonymous_17)
FN:90,(anonymous_18)
FN:94,(anonymous_19)
FN:98,(anonymous_20)
FN:102,(anonymous_21)
FN:106,(anonymous_22)
FN:110,(anonymous_23)
FN:114,(anonymous_24)
FN:118,(anonymous_25)
FN:122,(anonymous_26)
FN:126,(anonymous_27)
FN:130,(anonymous_28)
FN:134,(anonymous_29)
FN:138,(anonymous_30)
FN:142,(anonymous_31)
FN:146,(anonymous_32)
FN:150,(anonymous_33)
FN:154,(anonymous_34)
FN:158,(anonymous_35)
FN:166,(anonymous_36)
FN:170,(anonymous_37)
FN:174,(anonymous_38)
FN:178,(anonymous_39)
FN:182,(anonymous_40)
FN:186,(anonymous_41)
FN:190,(anonymous_42)
FN:194,(anonymous_43)
FN:198,(anonymous_44)
FN:202,(anonymous_45)
FNF:45
FNH:45
FNDA:2,(anonymous_1)
FNDA:108,(anonymous_2)
FNDA:100,(anonymous_3)
FNDA:237,(anonymous_4)
FNDA:155,(anonymous_5)
FNDA:82,(anonymous_6)
FNDA:4,(anonymous_7)
FNDA:3,(anonymous_8)
FNDA:4,(anonymous_9)
FNDA:4,(anonymous_10)
FNDA:3,(anonymous_11)
FNDA:3,(anonymous_12)
FNDA:3,(anonymous_13)
FNDA:3,(anonymous_14)
FNDA:3,(anonymous_15)
FNDA:3,(anonymous_16)
FNDA:3,(anonymous_17)
FNDA:3,(anonymous_18)
FNDA:3,(anonymous_19)
FNDA:3,(anonymous_20)
FNDA:3,(anonymous_21)
FNDA:4,(anonymous_22)
FNDA:3,(anonymous_23)
FNDA:3,(anonymous_24)
FNDA:3,(anonymous_25)
FNDA:4,(anonymous_26)
FNDA:3,(anonymous_27)
FNDA:3,(anonymous_28)
FNDA:3,(anonymous_29)
FNDA:3,(anonymous_30)
FNDA:3,(anonymous_31)
FNDA:3,(anonymous_32)
FNDA:3,(anonymous_33)
FNDA:3,(anonymous_34)
FNDA:3,(anonymous_35)
FNDA:4,(anonymous_36)
FNDA:3,(anonymous_37)
FNDA:3,(anonymous_38)
FNDA:4,(anonymous_39)
FNDA:2,(anonymous_40)
FNDA:2,(anonymous_41)
FNDA:2,(anonymous_42)
FNDA:2,(anonymous_43)
FNDA:3,(anonymous_44)
FNDA:2,(anonymous_45)
DA:2,4
DA:3,4
DA:4,4
DA:10,2
DA:15,4
DA:16,108
DA:19,100
DA:23,237
DA:31,155
DA:33,154
DA:37,82
DA:39,81
DA:47,4
DA:51,3
DA:55,4
DA:59,4
DA:63,3
DA:67,3
DA:71,3
DA:75,3
DA:79,3
DA:83,3
DA:87,3
DA:91,3
DA:95,3
DA:99,3
DA:103,3
DA:107,4
DA:111,3
DA:115,3
DA:119,3
DA:123,4
DA:127,3
DA:131,3
DA:135,3
DA:139,3
DA:143,3
DA:147,3
DA:151,3
DA:155,3
DA:159,3
DA:167,4
DA:171,3
DA:175,3
DA:179,4
DA:183,2
DA:187,2
DA:191,2
DA:195,2
DA:199,3
DA:203,2
LF:51
LH:51
BRDA:23,0,0,2
BRDA:167,1,0,4
BRDA:167,1,1,2
BRDA:171,2,0,3
BRDA:171,2,1,1
BRDA:175,3,0,3
BRDA:175,3,1,1
BRDA:179,4,0,4
BRDA:179,4,1,2
BRDA:183,5,0,2
BRDA:183,5,1,1
BRDA:187,6,0,2
BRDA:187,6,1,1
BRDA:191,7,0,2
BRDA:191,7,1,1
BRDA:195,8,0,2
BRDA:195,8,1,1
BRDA:199,9,0,3
BRDA:199,9,1,1
BRDA:203,10,0,2
BRDA:203,10,1,1
BRF:21
BRH:21
end_of_record
TN:
SF:src/logging/index.ts
FN:1,(anonymous_0)
FNF:1
FNH:1
FNDA:1,(anonymous_0)
DA:1,2
LF:1
LH:1
BRF:0
BRH:0
end_of_record
TN:
SF:src/logging/logger.ts
FN:20,(anonymous_12)
FN:30,(anonymous_13)
FN:37,(anonymous_14)
FN:73,(anonymous_15)
FN:78,(anonymous_16)
FN:90,(anonymous_17)
FN:111,(anonymous_18)
FN:132,(anonymous_19)
FN:144,(anonymous_20)
FN:153,(anonymous_21)
FN:161,(anonymous_22)
FN:165,(anonymous_23)
FN:171,(anonymous_24)
FN:172,(anonymous_25)
FN:178,(anonymous_26)
FN:184,(anonymous_27)
FN:188,(anonymous_28)
FN:191,(anonymous_29)
FN:194,(anonymous_30)
FN:204,(anonymous_31)
FN:210,(anonymous_32)
FN:217,(anonymous_33)
FN:219,(anonymous_34)
FN:227,(anonymous_35)
FN:241,(anonymous_36)
FN:260,(anonymous_37)
FN:264,(anonymous_38)
FN:268,(anonymous_39)
FN:272,(anonymous_40)
FN:280,(anonymous_41)
FNF:30
FNH:17
FNDA:0,(anonymous_12)
FNDA:5,(anonymous_13)
FNDA:18,(anonymous_14)
FNDA:2,(anonymous_15)
FNDA:2,(anonymous_16)
FNDA:6,(anonymous_17)
FNDA:6,(anonymous_18)
FNDA:17,(anonymous_19)
FNDA:9,(anonymous_20)
FNDA:14,(anonymous_21)
FNDA:1,(anonymous_22)
FNDA:14,(anonymous_23)
FNDA:9,(anonymous_24)
FNDA:5,(anonymous_25)
FNDA:2,(anonymous_26)
FNDA:0,(anonymous_27)
FNDA:0,(anonymous_28)
FNDA:0,(anonymous_29)
FNDA:0,(anonymous_30)
FNDA:0,(anonymous_31)
FNDA:0,(anonymous_32)
FNDA:0,(anonymous_33)
FNDA:0,(anonymous_34)
FNDA:0,(anonymous_35)
FNDA:3,(anonymous_36)
FNDA:0,(anonymous_37)
FNDA:0,(anonymous_38)
FNDA:6,(anonymous_39)
FNDA:0,(anonymous_40)
FNDA:7,(anonymous_41)
DA:2,5
DA:3,5
DA:4,5
DA:6,5
DA:13,5
DA:14,5
DA:15,5
DA:17,5
DA:18,5
DA:20,5
DA:23,5
DA:31,5
DA:35,18
DA:38,18
DA:39,18
DA:42,18
DA:44,18
DA:46,18
DA:51,18
DA:52,17
DA:54,17
DA:56,17
DA:57,17
DA:59,17
DA:61,1
DA:64,18
DA:65,15
DA:66,15
DA:74,2
DA:79,2
DA:80,2
DA:83,2
DA:85,2
DA:87,2
DA:94,6
DA:98,5
DA:99,4
DA:100,4
DA:103,5
DA:112,6
DA:114,6
DA:116,6
DA:117,6
DA:118,6
DA:119,6
DA:122,6
DA:123,6
DA:124,6
DA:125,2
DA:129,6
DA:133,17
DA:135,17
DA:136,85
DA:139,19
DA:145,9
DA:154,14
DA:155,6
DA:156,8
DA:157,0
DA:158,8
DA:159,0
DA:161,8
DA:166,14
DA:168,14
DA:172,9
DA:173,5
DA:175,2
DA:178,2
DA:180,2
DA:185,0
DA:189,0
DA:191,0
DA:195,0
DA:196,0
DA:197,0
DA:198,0
DA:199,0
DA:205,0
DA:211,0
DA:212,0
DA:218,0
DA:219,0
DA:220,0
DA:221,0
DA:222,0
DA:223,0
DA:224,0
DA:228,0
DA:229,0
DA:238,0
DA:242,3
DA:246,3
DA:248,3
DA:261,0
DA:265,0
DA:269,6
DA:273,0
DA:281,7
LF:98
LH:72
BRDA:40,0,0,14
BRDA:35,1,0,18
BRDA:35,1,1,0
BRDA:51,2,0,17
BRDA:51,2,1,1
BRDA:56,3,0,14
BRDA:57,4,0,3
BRDA:64,5,0,15
BRDA:64,6,0,18
BRDA:64,6,1,15
BRDA:79,7,0,0
BRDA:79,7,1,2
BRDA:92,8,0,2
BRDA:94,9,0,1
BRDA:98,10,0,4
BRDA:98,11,0,5
BRDA:98,11,1,5
BRDA:116,12,0,6
BRDA:117,13,0,6
BRDA:117,13,1,0
BRDA:119,14,0,0
BRDA:124,15,0,2
BRDA:136,16,0,19
BRDA:154,17,0,6
BRDA:154,17,1,8
BRDA:156,18,0,0
BRDA:156,18,1,8
BRDA:156,19,0,8
BRDA:156,19,1,1
BRDA:158,20,0,0
BRDA:158,20,1,8
BRDA:158,21,0,8
BRDA:158,21,1,1
BRDA:173,22,0,3
BRDA:178,23,0,2
BRDA:178,23,1,2
BRDA:178,23,2,2
BRDA:180,24,0,1
BRDA:180,24,1,1
BRDA:185,25,0,0
BRDA:185,25,1,0
BRDA:196,26,0,0
BRDA:196,26,1,0
BRDA:212,27,0,0
BRDA:212,27,1,0
BRDA:219,28,0,0
BRDA:228,29,0,0
BRDA:228,30,0,0
BRDA:228,30,1,0
BRDA:229,31,0,0
BRDA:229,31,1,0
BRDA:242,32,0,1
BRDA:242,32,1,2
BRDA:260,33,0,0
BRDA:264,34,0,0
BRDA:268,35,0,0
BRDA:272,36,0,0
BRF:57
BRH:35
end_of_record
TN:
SF:src/modules/module-registry.ts
FN:20,(anonymous_12)
FN:31,(anonymous_13)
FN:34,(anonymous_14)
FN:40,(anonymous_15)
FN:51,(anonymous_16)
FN:69,(anonymous_17)
FN:72,(anonymous_18)
FN:96,(anonymous_19)
FN:117,(anonymous_20)
FN:133,(anonymous_21)
FN:137,(anonymous_22)
FNF:11
FNH:11
FNDA:42,(anonymous_12)
FNDA:6,(anonymous_13)
FNDA:6,(anonymous_14)
FNDA:8,(anonymous_15)
FNDA:4,(anonymous_16)
FNDA:1,(anonymous_17)
FNDA:1,(anonymous_18)
FNDA:19,(anonymous_19)
FNDA:5,(anonymous_20)
FNDA:7,(anonymous_21)
FNDA:5,(anonymous_22)
DA:1,3
DA:3,3
DA:4,3
DA:5,3
DA:7,3
DA:8,3
DA:9,3
DA:11,3
DA:12,3
DA:15,3
DA:16,42
DA:18,42
DA:21,42
DA:22,42
DA:23,42
DA:24,42
DA:27,42
DA:29,42
DA:32,6
DA:34,6
DA:36,5
DA:38,4
DA:40,8
DA:54,4
DA:56,4
DA:57,0
DA:58,0
DA:59,0
DA:60,0
DA:64,4
DA:67,4
DA:68,1
DA:69,1
DA:71,1
DA:72,1
DA:74,1
DA:79,3
DA:80,2
DA:82,2
DA:84,1
DA:97,19
DA:98,25
DA:100,25
DA:101,3
DA:102,3
DA:105,20
DA:107,19
DA:109,18
DA:111,18
DA:113,18
DA:118,5
DA:120,5
DA:121,1
DA:122,1
DA:125,4
DA:127,3
DA:128,3
DA:130,3
DA:134,7
DA:138,5
LF:60
LH:56
BRDA:36,0,0,1
BRDA:59,1,0,0
BRDA:59,1,1,0
BRDA:59,2,0,0
BRDA:59,2,1,0
BRDA:67,3,0,4
BRDA:67,3,1,1
BRDA:74,4,0,0
BRDA:74,4,1,1
BRDA:82,5,0,1
BRDA:82,6,0,2
BRDA:82,6,1,2
BRDA:100,7,0,3
BRDA:100,8,0,25
BRDA:100,8,1,8
BRDA:109,9,0,13
BRDA:120,10,0,1
BRDA:128,11,0,2
BRF:18
BRH:13
end_of_record
TN:
SF:src/modules/modules.config.ts
FN:10,(anonymous_2)
FN:20,(anonymous_3)
FNF:2
FNH:2
FNDA:3,(anonymous_2)
FNDA:3,(anonymous_3)
DA:1,4
DA:3,4
DA:5,4
DA:11,3
DA:13,3
DA:14,5
DA:20,4
DA:23,4
DA:27,4
LF:9
LH:9
BRDA:14,0,0,2
BRF:1
BRH:1
end_of_record
TN:
SF:src/modules/errors/missing-module.error.ts
FN:4,(anonymous_0)
FNF:1
FNH:1
FNDA:18,(anonymous_0)
DA:1,4
DA:3,4
DA:5,18
LF:3
LH:3
BRF:0
BRH:0
end_of_record
TN:
SF:src/modules/errors/module-confusion.error.ts
FN:4,(anonymous_0)
FNF:1
FNH:1
FNDA:20,(anonymous_0)
DA:1,4
DA:3,4
DA:5,20
DA:7,20
LF:4
LH:4
BRDA:5,0,0,12
BRDA:5,0,1,8
BRF:2
BRH:2
end_of_record
TN:
SF:src/modules/errors/unknown-module.error.ts
FN:4,(anonymous_0)
FNF:1
FNH:1
FNDA:21,(anonymous_0)
DA:1,5
DA:3,5
DA:5,21
LF:3
LH:3
BRF:0
BRH:0
end_of_record
TN:
SF:src/utils/is-object-literal.ts
FN:10,isObjectLiteral
FNF:1
FNH:1
FNDA:24,isObjectLiteral
DA:10,6
DA:11,24
LF:2
LH:2
BRDA:12,0,0,24
BRDA:12,0,1,18
BRDA:12,0,2,17
BRDA:12,0,3,15
BRF:4
BRH:4
end_of_record
TN:
SF:src/utils/path-util.ts
FN:8,isContainedWithin
FN:26,safeJoinPath
FNF:2
FNH:2
FNDA:29,isContainedWithin
FNDA:21,safeJoinPath
DA:1,1
DA:2,1
DA:8,1
DA:9,29
DA:10,29
DA:12,29
DA:13,6
DA:16,23
DA:26,1
DA:27,21
DA:29,21
DA:30,6
DA:35,15
LF:13
LH:13
BRDA:12,0,0,6
BRDA:29,1,0,6
BRF:2
BRH:2
end_of_record
