TN:
SF:src/custom-types.ts
FN:2,(anonymous_0)
FN:5,(anonymous_1)
FN:10,(anonymous_2)
FN:16,(anonymous_3)
FNF:4
FNH:4
FNDA:65,(anonymous_0)
FNDA:203,(anonymous_1)
FNDA:32,(anonymous_2)
FNDA:33,(anonymous_3)
DA:3,65
DA:4,65
DA:5,203
DA:9,2
DA:11,32
DA:15,2
DA:17,33
LF:7
LH:7
BRDA:5,0,0,203
BRDA:5,0,1,203
BRF:2
BRH:2
end_of_record
TN:
SF:src/decorators.ts
FN:19,(anonymous_0)
FN:29,(anonymous_1)
FN:30,(anonymous_2)
FN:92,(anonymous_3)
FN:101,(anonymous_4)
FN:102,(anonymous_5)
FNF:6
FNH:6
FNDA:246,(anonymous_0)
FNDA:67,(anonymous_1)
FNDA:96,(anonymous_2)
FNDA:12,(anonymous_3)
FNDA:104,(anonymous_4)
FNDA:104,(anonymous_5)
DA:1,2
DA:2,2
DA:3,2
DA:4,2
DA:17,2
DA:19,2
DA:20,246
DA:23,187
DA:24,187
DA:26,183
DA:29,2
DA:30,67
DA:31,96
DA:37,96
DA:38,96
DA:39,1
DA:42,95
DA:43,283
DA:44,36
DA:45,247
DA:46,246
DA:47,245
DA:49,62
DA:50,8
DA:51,8
DA:52,2
DA:55,2
DA:57,6
DA:58,54
DA:59,15
DA:60,15
DA:61,1
DA:63,14
DA:65,39
DA:66,15
DA:67,8
DA:68,7
DA:69,4
DA:71,3
DA:73,24
DA:74,5
DA:75,5
DA:76,2
DA:78,3
DA:80,19
DA:81,15
DA:83,4
DA:87,94
DA:89,67
DA:92,2
DA:93,12
DA:94,12
DA:95,12
DA:96,12
DA:97,12
DA:100,2
DA:101,2
DA:102,104
DA:103,104
DA:105,104
DA:107,104
DA:108,104
DA:109,104
DA:110,3
DA:115,101
DA:116,101
LF:66
LH:66
BRDA:20,0,0,59
BRDA:24,1,0,4
BRDA:38,2,0,1
BRDA:43,3,0,36
BRDA:43,3,1,247
BRDA:43,4,0,283
BRDA:43,4,1,279
BRDA:45,5,0,246
BRDA:47,6,0,183
BRDA:49,7,0,8
BRDA:49,7,1,54
BRDA:51,8,0,2
BRDA:58,9,0,15
BRDA:58,9,1,39
BRDA:60,10,0,1
BRDA:60,10,1,14
BRDA:65,11,0,15
BRDA:65,11,1,24
BRDA:66,12,0,8
BRDA:66,12,1,7
BRDA:68,13,0,4
BRDA:68,13,1,3
BRDA:73,14,0,5
BRDA:73,14,1,19
BRDA:75,15,0,2
BRDA:75,15,1,3
BRDA:80,16,0,15
BRDA:80,16,1,4
BRDA:94,17,0,12
BRDA:94,17,1,4
BRDA:105,18,0,104
BRDA:105,18,1,64
BRDA:109,19,0,3
BRDA:109,20,0,104
BRDA:109,20,1,5
BRF:35
BRH:35
end_of_record
TN:
SF:src/configs/database.config.ts
FN:9,(anonymous_2)
FN:28,(anonymous_3)
FN:54,(anonymous_4)
FN:96,(anonymous_5)
FN:119,(anonymous_6)
FN:147,(anonymous_7)
FN:157,(anonymous_8)
FNF:7
FNH:7
FNDA:6,(anonymous_2)
FNDA:6,(anonymous_3)
FNDA:6,(anonymous_4)
FNDA:6,(anonymous_5)
FNDA:6,(anonymous_6)
FNDA:6,(anonymous_7)
FNDA:6,(anonymous_8)
DA:1,1
DA:3,1
DA:5,1
DA:9,1
DA:12,6
DA:18,6
DA:24,6
DA:28,1
DA:34,6
DA:38,6
DA:42,6
DA:46,6
DA:50,6
DA:54,1
DA:57,6
DA:61,6
DA:65,6
DA:69,6
DA:73,6
DA:77,6
DA:81,6
DA:85,6
DA:89,6
DA:92,1
DA:96,1
DA:99,6
DA:103,6
DA:107,6
DA:111,6
DA:115,6
DA:119,1
DA:122,6
DA:126,6
DA:132,6
DA:140,6
DA:143,1
DA:147,1
DA:150,6
DA:158,6
DA:163,6
DA:169,6
DA:172,1
DA:175,1
DA:178,1
DA:181,1
LF:45
LH:45
BRDA:158,0,0,6
BRDA:158,0,1,3
BRF:2
BRH:2
end_of_record
