TN:
SF:src/custom-types.ts
FN:2,(anonymous_0)
FN:5,(anonymous_1)
FN:10,(anonymous_2)
FN:16,(anonymous_3)
FNF:4
FNH:4
FNDA:65,(anonymous_0)
FNDA:203,(anonymous_1)
FNDA:32,(anonymous_2)
FNDA:33,(anonymous_3)
DA:3,65
DA:4,65
DA:5,203
DA:9,3
DA:11,32
DA:15,3
DA:17,33
LF:7
LH:7
BRDA:5,0,0,203
BRDA:5,0,1,203
BRF:2
BRH:2
end_of_record
TN:
SF:src/decorators.ts
FN:19,(anonymous_0)
FN:29,(anonymous_1)
FN:30,(anonymous_2)
FN:92,(anonymous_3)
FN:101,(anonymous_4)
FN:102,(anonymous_5)
FNF:6
FNH:6
FNDA:1446,(anonymous_0)
FNDA:131,(anonymous_1)
FNDA:411,(anonymous_2)
FNDA:74,(anonymous_3)
FNDA:345,(anonymous_4)
FNDA:345,(anonymous_5)
DA:1,3
DA:2,3
DA:3,3
DA:4,3
DA:17,3
DA:19,3
DA:20,1446
DA:23,1374
DA:24,1374
DA:26,1369
DA:29,3
DA:30,131
DA:31,411
DA:37,411
DA:38,411
DA:39,1
DA:42,410
DA:43,1793
DA:44,346
DA:45,1447
DA:46,1446
DA:47,1445
DA:49,76
DA:50,10
DA:51,10
DA:52,3
DA:55,3
DA:57,7
DA:58,66
DA:59,19
DA:60,19
DA:61,2
DA:63,17
DA:65,47
DA:66,18
DA:67,10
DA:68,8
DA:69,5
DA:71,3
DA:73,29
DA:74,5
DA:75,5
DA:76,2
DA:78,3
DA:80,24
DA:81,19
DA:83,5
DA:87,409
DA:89,131
DA:92,3
DA:93,74
DA:94,74
DA:95,74
DA:96,74
DA:97,74
DA:100,3
DA:101,3
DA:102,345
DA:103,345
DA:105,345
DA:107,345
DA:108,345
DA:109,345
DA:110,3
DA:115,342
DA:116,342
LF:66
LH:66
BRDA:20,0,0,72
BRDA:24,1,0,5
BRDA:38,2,0,1
BRDA:43,3,0,346
BRDA:43,3,1,1447
BRDA:43,4,0,1793
BRDA:43,4,1,1789
BRDA:45,5,0,1446
BRDA:47,6,0,1369
BRDA:49,7,0,10
BRDA:49,7,1,66
BRDA:51,8,0,3
BRDA:58,9,0,19
BRDA:58,9,1,47
BRDA:60,10,0,2
BRDA:60,10,1,17
BRDA:65,11,0,18
BRDA:65,11,1,29
BRDA:66,12,0,10
BRDA:66,12,1,8
BRDA:68,13,0,5
BRDA:68,13,1,3
BRDA:73,14,0,5
BRDA:73,14,1,24
BRDA:75,15,0,2
BRDA:75,15,1,3
BRDA:80,16,0,19
BRDA:80,16,1,5
BRDA:94,17,0,74
BRDA:94,17,1,8
BRDA:105,18,0,345
BRDA:105,18,1,124
BRDA:109,19,0,3
BRDA:109,20,0,345
BRDA:109,20,1,5
BRF:35
BRH:35
end_of_record
TN:
SF:src/index.ts
FN:41,(anonymous_6)
FN:41,(anonymous_7)
FN:41,(anonymous_8)
FN:42,(anonymous_9)
FN:43,(anonymous_10)
FN:44,(anonymous_11)
FN:45,(anonymous_12)
FN:46,(anonymous_13)
FN:47,(anonymous_14)
FN:48,(anonymous_15)
FN:50,(anonymous_16)
FN:52,(anonymous_17)
FN:53,(anonymous_18)
FN:54,(anonymous_19)
FN:55,(anonymous_20)
FN:56,(anonymous_21)
FN:57,(anonymous_22)
FN:58,(anonymous_23)
FN:65,(anonymous_24)
FNF:19
FNH:1
FNDA:0,(anonymous_6)
FNDA:0,(anonymous_7)
FNDA:0,(anonymous_8)
FNDA:0,(anonymous_9)
FNDA:0,(anonymous_10)
FNDA:0,(anonymous_11)
FNDA:0,(anonymous_12)
FNDA:0,(anonymous_13)
FNDA:0,(anonymous_14)
FNDA:0,(anonymous_15)
FNDA:0,(anonymous_16)
FNDA:0,(anonymous_17)
FNDA:0,(anonymous_18)
FNDA:0,(anonymous_19)
FNDA:0,(anonymous_20)
FNDA:0,(anonymous_21)
FNDA:0,(anonymous_22)
FNDA:0,(anonymous_23)
FNDA:5,(anonymous_24)
DA:1,1
DA:3,1
DA:4,1
DA:5,1
DA:6,1
DA:7,1
DA:8,1
DA:9,1
DA:10,1
DA:11,1
DA:12,1
DA:13,1
DA:14,1
DA:15,1
DA:16,1
DA:17,1
DA:18,1
DA:19,1
DA:20,1
DA:21,1
DA:22,1
DA:23,1
DA:24,1
DA:25,1
DA:26,1
DA:27,1
DA:28,1
DA:29,1
DA:30,1
DA:31,1
DA:32,1
DA:33,1
DA:34,1
DA:35,1
DA:36,1
DA:37,1
DA:38,1
DA:39,1
DA:41,1
DA:42,1
DA:43,1
DA:44,1
DA:45,1
DA:46,1
DA:47,1
DA:48,1
DA:50,1
DA:51,1
DA:52,1
DA:53,1
DA:54,1
DA:55,1
DA:56,1
DA:57,1
DA:58,1
DA:60,1
DA:65,1
DA:67,1
DA:70,1
DA:73,1
DA:76,1
DA:79,1
DA:82,1
DA:85,1
DA:88,1
DA:91,1
DA:94,1
DA:97,1
DA:100,1
DA:103,1
DA:107,5
DA:111,5
DA:115,5
DA:119,5
DA:123,5
DA:126,1
DA:129,1
DA:132,1
DA:135,1
DA:138,1
DA:141,1
DA:144,1
DA:147,1
DA:150,1
DA:153,1
DA:156,1
DA:159,1
DA:162,1
DA:165,1
DA:168,1
DA:171,1
DA:174,1
DA:177,1
DA:180,1
DA:183,1
DA:187,5
DA:191,5
DA:195,5
DA:199,5
DA:203,5
DA:207,5
DA:211,5
DA:214,1
DA:217,1
DA:220,1
LF:105
LH:105
BRF:0
BRH:0
end_of_record
TN:
SF:src/configs/ai-assistant.config.ts
FN:4,(anonymous_2)
FNF:1
FNH:1
FNDA:5,(anonymous_2)
DA:1,1
DA:4,1
DA:7,5
LF:3
LH:3
BRF:0
BRH:0
end_of_record
TN:
SF:src/configs/ai.config.ts
FN:4,(anonymous_2)
FNF:1
FNH:1
FNDA:5,(anonymous_2)
DA:1,1
DA:4,1
DA:7,5
LF:3
LH:3
BRF:0
BRH:0
end_of_record
TN:
SF:src/configs/auth.config.ts
FN:10,(anonymous_2)
FNF:1
FNH:1
FNDA:5,(anonymous_2)
DA:1,1
DA:3,1
DA:5,1
DA:10,1
DA:13,5
DA:17,5
DA:21,1
DA:23,1
LF:8
LH:8
BRF:0
BRH:0
end_of_record
TN:
SF:src/configs/autosave.config.ts
FN:12,(anonymous_2)
FNF:1
FNH:1
FNDA:5,(anonymous_2)
DA:1,1
DA:3,1
DA:6,1
DA:9,1
DA:12,1
DA:15,5
DA:19,5
DA:23,5
DA:27,5
DA:31,5
DA:35,5
DA:39,5
DA:43,5
DA:47,5
DA:51,5
LF:15
LH:15
BRF:0
BRH:0
end_of_record
TN:
SF:src/configs/cache.config.ts
FN:9,(anonymous_2)
FN:20,(anonymous_3)
FN:31,(anonymous_4)
FNF:3
FNH:3
FNDA:5,(anonymous_2)
FNDA:5,(anonymous_3)
FNDA:5,(anonymous_4)
DA:1,1
DA:3,1
DA:5,1
DA:9,1
DA:12,5
DA:16,5
DA:20,1
DA:23,5
DA:27,5
DA:31,1
DA:34,5
DA:37,1
DA:40,1
LF:13
LH:13
BRF:0
BRH:0
end_of_record
TN:
SF:src/configs/credentials.config.ts
FN:4,(anonymous_2)
FN:18,(anonymous_3)
FNF:2
FNH:2
FNDA:5,(anonymous_2)
FNDA:5,(anonymous_3)
DA:1,1
DA:4,1
DA:10,5
DA:14,5
DA:18,1
DA:21,5
DA:24,1
LF:7
LH:7
BRF:0
BRH:0
end_of_record
TN:
SF:src/configs/database.config.ts
FN:9,(anonymous_2)
FN:28,(anonymous_3)
FN:54,(anonymous_4)
FN:96,(anonymous_5)
FN:119,(anonymous_6)
FN:147,(anonymous_7)
FN:157,(anonymous_8)
FNF:7
FNH:7
FNDA:11,(anonymous_2)
FNDA:11,(anonymous_3)
FNDA:11,(anonymous_4)
FNDA:11,(anonymous_5)
FNDA:11,(anonymous_6)
FNDA:11,(anonymous_7)
FNDA:8,(anonymous_8)
DA:1,2
DA:3,2
DA:5,2
DA:9,2
DA:12,11
DA:18,11
DA:24,11
DA:28,2
DA:34,11
DA:38,11
DA:42,11
DA:46,11
DA:50,11
DA:54,2
DA:57,11
DA:61,11
DA:65,11
DA:69,11
DA:73,11
DA:77,11
DA:81,11
DA:85,11
DA:89,11
DA:92,2
DA:96,2
DA:99,11
DA:103,11
DA:107,11
DA:111,11
DA:115,11
DA:119,2
DA:122,11
DA:126,11
DA:132,11
DA:140,11
DA:143,2
DA:147,2
DA:150,11
DA:158,8
DA:163,11
DA:169,11
DA:172,2
DA:175,2
DA:178,2
DA:181,2
LF:45
LH:45
BRDA:158,0,0,8
BRDA:158,0,1,5
BRF:2
BRH:2
end_of_record
TN:
SF:src/configs/deployment.config.ts
FN:4,(anonymous_2)
FNF:1
FNH:1
FNDA:5,(anonymous_2)
DA:1,1
DA:4,1
DA:6,5
LF:3
LH:3
BRF:0
BRH:0
end_of_record
TN:
SF:src/configs/diagnostics.config.ts
FN:4,(anonymous_2)
FN:15,(anonymous_3)
FNF:2
FNH:2
FNDA:5,(anonymous_2)
FNDA:5,(anonymous_3)
DA:1,1
DA:4,1
DA:7,5
DA:11,5
DA:15,1
DA:18,5
DA:22,5
DA:26,5
DA:29,1
LF:9
LH:9
BRF:0
BRH:0
end_of_record
TN:
SF:src/configs/endpoints.config.ts
FN:4,(anonymous_2)
FN:71,(anonymous_3)
FNF:2
FNH:2
FNDA:5,(anonymous_2)
FNDA:5,(anonymous_3)
DA:1,1
DA:4,1
DA:7,5
DA:11,5
DA:15,5
DA:19,5
DA:23,5
DA:27,5
DA:31,5
DA:35,5
DA:39,5
DA:43,5
DA:47,5
DA:51,5
DA:55,5
DA:59,5
DA:63,5
DA:67,5
DA:71,1
DA:74,5
DA:78,5
DA:81,1
DA:85,5
DA:89,5
DA:93,5
DA:97,5
DA:101,5
DA:105,5
DA:109,5
DA:113,5
DA:117,5
DA:121,5
DA:125,5
DA:129,5
LF:34
LH:34
BRF:0
BRH:0
end_of_record
TN:
SF:src/configs/event-bus.config.ts
FN:6,(anonymous_2)
FN:24,(anonymous_3)
FNF:2
FNH:2
FNDA:5,(anonymous_2)
FNDA:5,(anonymous_3)
DA:1,1
DA:3,1
DA:6,1
DA:9,5
DA:13,5
DA:17,5
DA:20,1
DA:24,1
DA:27,5
DA:31,1
DA:35,5
LF:11
LH:11
BRF:0
BRH:0
end_of_record
TN:
SF:src/configs/executions.config.ts
FN:4,(anonymous_2)
FN:15,(anonymous_3)
FNF:2
FNH:2
FNDA:5,(anonymous_2)
FNDA:5,(anonymous_3)
DA:1,1
DA:4,1
DA:7,5
DA:11,5
DA:15,1
DA:18,5
DA:22,5
DA:29,5
DA:37,5
DA:40,1
LF:10
LH:10
BRF:0
BRH:0
end_of_record
TN:
SF:src/configs/external-hooks.config.ts
FN:5,(anonymous_2)
FNF:1
FNH:1
FNDA:5,(anonymous_2)
DA:1,1
DA:2,1
DA:5,1
DA:8,5
LF:4
LH:4
BRF:0
BRH:0
end_of_record
TN:
SF:src/configs/generic.config.ts
FN:9,(anonymous_2)
FNF:1
FNH:1
FNDA:5,(anonymous_2)
DA:1,1
DA:3,1
DA:5,1
DA:9,1
DA:12,5
DA:15,5
DA:19,5
LF:7
LH:7
BRF:0
BRH:0
end_of_record
TN:
SF:src/configs/hiring-banner.config.ts
FN:4,(anonymous_2)
FNF:1
FNH:1
FNDA:5,(anonymous_2)
DA:1,1
DA:4,1
DA:7,5
LF:3
LH:3
BRF:0
BRH:0
end_of_record
TN:
SF:src/configs/instance-settings-config.ts
FN:23,(anonymous_3)
FNF:1
FNH:0
FNDA:0,(anonymous_3)
DA:1,1
DA:3,1
DA:6,1
DA:13,1
DA:24,0
DA:25,0
DA:27,0
LF:7
LH:4
BRDA:24,0,0,0
BRDA:24,0,1,0
BRDA:25,1,0,0
BRDA:25,1,1,0
BRDA:25,1,2,0
BRF:5
BRH:0
end_of_record
TN:
SF:src/configs/license.config.ts
FN:4,(anonymous_2)
FNF:1
FNH:1
FNDA:5,(anonymous_2)
DA:1,1
DA:4,1
DA:7,5
DA:11,5
DA:15,5
DA:19,5
DA:23,5
DA:27,5
LF:8
LH:8
BRF:0
BRH:0
end_of_record
TN:
SF:src/configs/logging.config.ts
FN:30,(anonymous_2)
FN:41,(anonymous_3)
FN:66,(anonymous_4)
FNF:3
FNH:3
FNDA:5,(anonymous_2)
FNDA:5,(anonymous_3)
FNDA:5,(anonymous_4)
DA:1,1
DA:3,1
DA:4,1
DA:7,1
DA:30,1
DA:37,5
DA:41,1
DA:51,5
DA:55,5
DA:59,5
DA:62,1
DA:66,1
DA:74,5
DA:82,5
DA:91,5
DA:94,1
DA:97,1
DA:123,5
LF:18
LH:18
BRF:0
BRH:0
end_of_record
TN:
SF:src/configs/mfa.config.ts
FN:4,(anonymous_2)
FNF:1
FNH:1
FNDA:5,(anonymous_2)
DA:1,1
DA:4,1
DA:7,5
LF:3
LH:3
BRF:0
BRH:0
end_of_record
TN:
SF:src/configs/multi-main-setup.config.ts
FN:4,(anonymous_2)
FNF:1
FNH:1
FNDA:5,(anonymous_2)
DA:1,1
DA:4,1
DA:7,5
DA:11,5
DA:15,5
LF:5
LH:5
BRF:0
BRH:0
end_of_record
TN:
SF:src/configs/nodes.config.ts
FN:3,isStringArray
FN:4,(anonymous_3)
FN:8,(anonymous_4)
FN:24,(anonymous_5)
FNF:4
FNH:4
FNDA:1,isStringArray
FNDA:1,(anonymous_3)
FNDA:1,(anonymous_4)
FNDA:5,(anonymous_5)
DA:1,1
DA:4,1
DA:9,1
DA:13,1
DA:14,1
DA:16,0
DA:19,1
DA:24,1
DA:27,5
DA:31,5
DA:35,5
DA:39,5
LF:12
LH:11
BRDA:4,0,0,1
BRDA:4,0,1,1
BRDA:19,1,0,1
BRDA:19,1,1,0
BRF:4
BRH:3
end_of_record
TN:
SF:src/configs/notification.config.ts
FN:7,(anonymous_2)
FNF:1
FNH:1
FNDA:5,(anonymous_2)
DA:1,1
DA:7,1
DA:10,5
DA:14,5
DA:18,5
DA:22,5
DA:26,5
DA:30,5
DA:34,5
DA:38,5
DA:42,5
DA:45,5
DA:48,5
DA:51,5
DA:54,5
DA:57,5
DA:61,5
DA:64,5
DA:68,5
DA:71,5
DA:75,5
DA:79,5
DA:83,5
DA:86,5
LF:24
LH:24
BRF:0
BRH:0
end_of_record
TN:
SF:src/configs/partial-executions.config.ts
FN:4,(anonymous_2)
FNF:1
FNH:1
FNDA:5,(anonymous_2)
DA:1,1
DA:4,1
DA:7,5
LF:3
LH:3
BRF:0
BRH:0
end_of_record
TN:
SF:src/configs/personalization.config.ts
FN:4,(anonymous_2)
FNF:1
FNH:1
FNDA:5,(anonymous_2)
DA:1,1
DA:4,1
DA:6,5
LF:3
LH:3
BRF:0
BRH:0
end_of_record
TN:
SF:src/configs/public-api.config.ts
FN:4,(anonymous_2)
FNF:1
FNH:1
FNDA:5,(anonymous_2)
DA:1,1
DA:4,1
DA:7,5
DA:11,5
DA:15,5
LF:5
LH:5
BRF:0
BRH:0
end_of_record
TN:
SF:src/configs/redis.config.ts
FN:4,(anonymous_2)
FNF:1
FNH:1
FNDA:5,(anonymous_2)
DA:1,1
DA:4,1
DA:7,5
LF:3
LH:3
BRF:0
BRH:0
end_of_record
TN:
SF:src/configs/runners.config.ts
FN:10,(anonymous_2)
FNF:1
FNH:1
FNDA:5,(anonymous_2)
DA:1,1
DA:3,1
DA:5,1
DA:10,1
DA:12,5
DA:19,5
DA:23,5
DA:26,5
DA:30,5
DA:34,5
DA:38,5
DA:42,5
DA:50,5
DA:60,5
DA:64,5
DA:71,5
LF:16
LH:16
BRF:0
BRH:0
end_of_record
TN:
SF:src/configs/scaling-mode.config.ts
FN:4,(anonymous_2)
FN:23,(anonymous_3)
FN:62,(anonymous_4)
FN:81,(anonymous_5)
FNF:4
FNH:4
FNDA:5,(anonymous_2)
FNDA:5,(anonymous_3)
FNDA:5,(anonymous_4)
FNDA:5,(anonymous_5)
DA:1,1
DA:4,1
DA:11,5
DA:15,5
DA:19,5
DA:23,1
DA:26,5
DA:30,5
DA:34,5
DA:38,5
DA:42,5
DA:46,5
DA:50,5
DA:54,5
DA:58,5
DA:62,1
DA:65,5
DA:69,5
DA:73,5
DA:77,5
DA:81,1
DA:84,5
DA:87,1
DA:91,5
DA:94,1
DA:98,1
DA:100,1
DA:103,1
LF:28
LH:28
BRF:0
BRH:0
end_of_record
TN:
SF:src/configs/security.config.ts
FN:4,(anonymous_2)
FNF:1
FNH:1
FNDA:5,(anonymous_2)
DA:1,1
DA:4,1
DA:11,5
DA:20,5
DA:26,5
DA:34,5
DA:40,5
DA:44,5
LF:8
LH:8
BRF:0
BRH:0
end_of_record
TN:
SF:src/configs/sentry.config.ts
FN:4,(anonymous_2)
FNF:1
FNH:1
FNDA:5,(anonymous_2)
DA:1,1
DA:4,1
DA:7,5
DA:11,5
DA:19,5
DA:27,5
LF:6
LH:6
BRF:0
BRH:0
end_of_record
TN:
SF:src/configs/sso.config.ts
FN:4,(anonymous_2)
FN:14,(anonymous_3)
FN:21,(anonymous_4)
FN:31,(anonymous_5)
FNF:4
FNH:4
FNDA:5,(anonymous_2)
FNDA:5,(anonymous_3)
FNDA:5,(anonymous_4)
FNDA:5,(anonymous_5)
DA:1,1
DA:4,1
DA:7,5
DA:10,5
DA:14,1
DA:17,5
DA:21,1
DA:24,5
DA:27,5
DA:31,1
DA:34,5
DA:38,5
DA:41,1
DA:44,1
DA:47,1
LF:15
LH:15
BRF:0
BRH:0
end_of_record
TN:
SF:src/configs/tags.config.ts
FN:4,(anonymous_2)
FNF:1
FNH:1
FNDA:5,(anonymous_2)
DA:1,1
DA:4,1
DA:9,5
LF:3
LH:3
BRF:0
BRH:0
end_of_record
TN:
SF:src/configs/templates.config.ts
FN:4,(anonymous_2)
FNF:1
FNH:1
FNDA:5,(anonymous_2)
DA:1,1
DA:4,1
DA:7,5
DA:11,5
LF:4
LH:4
BRF:0
BRH:0
end_of_record
TN:
SF:src/configs/user-management.config.ts
FN:6,(anonymous_2)
FN:25,(anonymous_3)
FN:51,(anonymous_4)
FN:77,(anonymous_5)
FNF:4
FNH:4
FNDA:5,(anonymous_2)
FNDA:5,(anonymous_3)
FNDA:5,(anonymous_4)
FNDA:5,(anonymous_5)
DA:1,1
DA:3,1
DA:6,1
DA:9,5
DA:13,5
DA:17,5
DA:21,5
DA:25,1
DA:28,5
DA:32,5
DA:36,5
DA:40,5
DA:44,5
DA:47,1
DA:51,1
DA:54,5
DA:58,5
DA:62,5
DA:66,5
DA:70,5
DA:73,1
DA:77,1
DA:80,5
DA:83,1
DA:86,1
DA:90,1
DA:92,1
LF:27
LH:27
BRF:0
BRH:0
end_of_record
TN:
SF:src/configs/version-notifications.config.ts
FN:4,(anonymous_2)
FNF:1
FNH:1
FNDA:5,(anonymous_2)
DA:1,1
DA:4,1
DA:7,5
DA:11,5
DA:15,5
DA:19,5
DA:23,5
LF:7
LH:7
BRF:0
BRH:0
end_of_record
TN:
SF:src/configs/workflow-history.config.ts
FN:4,(anonymous_2)
FNF:1
FNH:1
FNDA:5,(anonymous_2)
DA:1,1
DA:4,1
DA:7,5
DA:11,5
LF:4
LH:4
BRF:0
BRH:0
end_of_record
TN:
SF:src/configs/workflows.config.ts
FN:9,(anonymous_2)
FNF:1
FNH:1
FNDA:5,(anonymous_2)
DA:1,1
DA:3,1
DA:5,1
DA:9,1
DA:12,5
DA:16,5
DA:20,5
LF:7
LH:7
BRF:0
BRH:0
end_of_record
