TN:
SF:src/index.ts
FN:29,<instance_members_initializer>
FN:32,get i18n
FN:40,exists
FN:44,shortNodeType
FN:48,get locale
FN:59,baseText
FN:85,dynamicRender
FN:89,displayTimer
FN:122,headerText
FN:129,credText
FN:213,nodeText
FN:362,localizeNodeName
FN:380,setLanguage
FN:387,loadLanguage
FN:412,addNodeTranslation
FN:428,addCredentialTranslation
FN:444,addHeaders
FN:450,useI18n
FNF:18
FNH:4
FNDA:25,<instance_members_initializer>
FNDA:67,get i18n
FNDA:0,exists
FNDA:0,shortNodeType
FNDA:0,get locale
FNDA:67,baseText
FNDA:0,dynamicRender
FNDA:24,displayTimer
FNDA:0,headerText
FNDA:0,credText
FNDA:0,nodeText
FNDA:0,localizeNodeName
FNDA:0,setLanguage
FNDA:0,loadLanguage
FNDA:0,addNodeTranslation
FNDA:0,addCredentialTranslation
FNDA:0,addHeaders
FNDA:0,useI18n
DA:3,1
DA:5,1
DA:7,1
DA:14,1
DA:16,1
DA:17,1
DA:18,1
DA:19,1
DA:20,1
DA:21,1
DA:22,1
DA:29,1
DA:30,25
DA:32,25
DA:33,67
DA:34,67
DA:40,25
DA:41,0
DA:42,0
DA:44,25
DA:45,0
DA:46,0
DA:48,25
DA:49,0
DA:50,0
DA:59,25
DA:61,67
DA:64,67
DA:65,0
DA:66,0
DA:68,67
DA:69,67
DA:70,67
DA:71,0
DA:72,67
DA:73,67
DA:74,67
DA:77,67
DA:79,67
DA:80,67
DA:85,25
DA:86,0
DA:87,0
DA:89,25
DA:90,24
DA:91,2
DA:92,2
DA:94,22
DA:95,22
DA:96,22
DA:97,22
DA:99,22
DA:101,24
DA:102,6
DA:103,6
DA:104,6
DA:106,24
DA:107,12
DA:108,12
DA:109,12
DA:111,24
DA:113,24
DA:115,24
DA:116,24
DA:122,25
DA:123,0
DA:124,0
DA:129,25
DA:130,0
DA:131,0
DA:133,0
DA:137,0
DA:138,0
DA:139,0
DA:140,0
DA:141,0
DA:142,0
DA:143,0
DA:145,0
DA:146,0
DA:147,0
DA:148,0
DA:149,0
DA:154,0
DA:155,0
DA:156,0
DA:157,0
DA:158,0
DA:159,0
DA:164,0
DA:165,0
DA:166,0
DA:167,0
DA:168,0
DA:169,0
DA:174,0
DA:175,0
DA:176,0
DA:177,0
DA:178,0
DA:179,0
DA:180,0
DA:181,0
DA:182,0
DA:187,0
DA:188,0
DA:189,0
DA:190,0
DA:191,0
DA:192,0
DA:193,0
DA:194,0
DA:195,0
DA:200,0
DA:201,0
DA:202,0
DA:203,0
DA:204,0
DA:205,0
DA:206,0
DA:207,0
DA:213,25
DA:214,0
DA:215,0
DA:216,0
DA:218,0
DA:222,0
DA:223,0
DA:225,0
DA:226,0
DA:227,0
DA:228,0
DA:229,0
DA:234,0
DA:235,0
DA:237,0
DA:238,0
DA:239,0
DA:240,0
DA:241,0
DA:246,0
DA:247,0
DA:249,0
DA:250,0
DA:251,0
DA:252,0
DA:253,0
DA:261,0
DA:262,0
DA:264,0
DA:265,0
DA:266,0
DA:267,0
DA:269,0
DA:270,0
DA:271,0
DA:272,0
DA:273,0
DA:279,0
DA:280,0
DA:281,0
DA:282,0
DA:283,0
DA:284,0
DA:286,0
DA:287,0
DA:288,0
DA:289,0
DA:291,0
DA:292,0
DA:293,0
DA:294,0
DA:295,0
DA:301,0
DA:302,0
DA:303,0
DA:304,0
DA:305,0
DA:306,0
DA:308,0
DA:309,0
DA:310,0
DA:311,0
DA:313,0
DA:314,0
DA:315,0
DA:316,0
DA:317,0
DA:324,0
DA:325,0
DA:326,0
DA:327,0
DA:328,0
DA:329,0
DA:331,0
DA:332,0
DA:333,0
DA:334,0
DA:336,0
DA:337,0
DA:338,0
DA:339,0
DA:340,0
DA:346,0
DA:347,0
DA:348,0
DA:349,0
DA:350,0
DA:351,0
DA:353,0
DA:354,0
DA:355,0
DA:356,0
DA:357,0
DA:358,0
DA:359,0
DA:360,0
DA:362,25
DA:363,0
DA:365,0
DA:367,0
DA:368,0
DA:369,0
DA:370,0
DA:371,0
DA:373,25
DA:374,25
DA:375,25
DA:376,25
DA:378,1
DA:380,0
DA:381,0
DA:382,0
DA:384,0
DA:385,0
DA:387,0
DA:388,0
DA:389,0
DA:390,0
DA:392,0
DA:393,0
DA:394,0
DA:396,0
DA:398,0
DA:400,0
DA:401,0
DA:402,0
DA:404,0
DA:406,0
DA:407,0
DA:412,1
DA:413,0
DA:414,0
DA:415,0
DA:416,0
DA:417,0
DA:418,0
DA:419,0
DA:420,0
DA:422,0
DA:423,0
DA:428,1
DA:429,0
DA:430,0
DA:431,0
DA:432,0
DA:433,0
DA:434,0
DA:435,0
DA:436,0
DA:438,0
DA:439,0
DA:444,1
DA:445,0
DA:446,0
DA:448,1
DA:450,1
DA:451,0
DA:452,0
LF:279
LH:67
BRDA:29,0,0,25
BRDA:32,1,0,67
BRDA:59,2,0,67
BRDA:64,3,0,0
BRDA:68,4,0,0
BRDA:70,5,0,0
BRDA:70,6,0,0
BRDA:89,7,0,24
BRDA:90,8,0,21
BRDA:90,9,0,4
BRDA:90,10,0,2
BRDA:92,11,0,22
BRDA:101,12,0,6
BRDA:104,13,0,22
BRDA:106,14,0,16
BRDA:106,15,0,12
BRDA:109,16,0,22
BRDA:111,17,0,8
BRDA:111,18,0,14
BRF:19
BRH:15
end_of_record
TN:
SF:src/utils.ts
FN:9,deriveMiddleKey
FN:29,isNestedInCollectionLike
FN:31,isTopLevelCollection
FN:34,isNestedCollection
FN:41,isFixedCollection
FN:49,normalize
FN:57,insertOptionsAndValues
FNF:7
FNH:0
FNDA:0,deriveMiddleKey
FNDA:0,isNestedInCollectionLike
FNDA:0,isTopLevelCollection
FNDA:0,isNestedCollection
FNDA:0,isFixedCollection
FNDA:0,normalize
FNDA:0,insertOptionsAndValues
DA:9,1
DA:10,0
DA:12,0
DA:13,0
DA:14,0
DA:15,0
DA:17,0
DA:18,0
DA:19,0
DA:20,0
DA:22,0
DA:23,0
DA:29,1
DA:31,1
DA:32,0
DA:34,1
DA:35,0
DA:41,1
DA:42,0
DA:49,1
DA:57,1
DA:58,0
DA:59,0
DA:61,0
DA:63,0
DA:65,0
DA:66,0
DA:67,0
LF:28
LH:7
BRF:0
BRH:0
end_of_record
