TN:
SF:src/di.ts
FN:40,Service
FN:41,(anonymous_1)
FN:47,(anonymous_2)
FN:52,(anonymous_3)
FN:62,(anonymous_4)
FN:73,(anonymous_5)
FN:93,(anonymous_6)
FN:96,(anonymous_7)
FN:102,(anonymous_8)
FN:109,(anonymous_9)
FN:140,(anonymous_10)
FN:147,(anonymous_11)
FNF:12
FNH:10
FNDA:33,Service
FNDA:33,(anonymous_1)
FNDA:9,(anonymous_2)
FNDA:3,(anonymous_3)
FNDA:12,(anonymous_4)
FNDA:54,(anonymous_5)
FNDA:18,(anonymous_6)
FNDA:0,(anonymous_7)
FNDA:0,(anonymous_8)
FNDA:9,(anonymous_9)
FNDA:9,(anonymous_10)
FNDA:45,(anonymous_11)
DA:1,3
DA:25,3
DA:40,3
DA:41,33
DA:42,33
DA:48,9
DA:54,3
DA:63,12
DA:74,54
DA:75,54
DA:76,54
DA:79,3
DA:80,2
DA:83,51
DA:86,42
DA:88,42
DA:91,42
DA:93,42
DA:94,18
DA:95,0
DA:96,0
DA:100,18
DA:101,0
DA:102,0
DA:107,18
DA:108,6
DA:109,9
DA:112,12
DA:115,32
DA:116,10
DA:119,22
DA:122,29
DA:123,29
DA:125,13
DA:126,1
DA:128,12
DA:130,42
DA:142,9
DA:143,9
DA:148,45
DA:149,515
DA:159,3
LF:42
LH:38
BRDA:40,0,0,24
BRDA:76,1,0,3
BRDA:79,2,0,1
BRDA:83,3,0,9
BRDA:91,4,0,42
BRDA:91,4,1,24
BRDA:94,5,0,0
BRDA:100,6,0,0
BRDA:107,7,0,6
BRDA:107,8,0,18
BRDA:107,8,1,12
BRDA:115,9,0,10
BRDA:115,9,1,22
BRDA:125,10,0,1
BRDA:125,11,0,13
BRDA:125,11,1,1
BRDA:142,12,0,9
BRDA:142,12,1,2
BRF:18
BRH:16
end_of_record
TN:
SF:src/reflect-metadata.d.ts
FNF:0
FNH:0
LF:0
LH:0
BRF:0
BRH:0
end_of_record
