TN:
SF:src/di.ts
FN:40,Service
FN:41,(anonymous_1)
FN:47,(anonymous_2)
FN:52,(anonymous_3)
FN:62,(anonymous_4)
FN:73,(anonymous_5)
FN:93,(anonymous_6)
FN:96,(anonymous_7)
FN:102,(anonymous_8)
FN:141,(anonymous_9)
FN:148,(anonymous_10)
FNF:11
FNH:9
FNDA:33,Service
FNDA:33,(anonymous_1)
FNDA:3,(anonymous_2)
FNDA:3,(anonymous_3)
FNDA:12,(anonymous_4)
FNDA:52,(anonymous_5)
FNDA:16,(anonymous_6)
FNDA:0,(anonymous_7)
FNDA:0,(anonymous_8)
FNDA:9,(anonymous_9)
FNDA:44,(anonymous_10)
DA:1,3
DA:25,3
DA:40,3
DA:41,33
DA:42,33
DA:48,3
DA:54,3
DA:63,12
DA:74,52
DA:75,52
DA:76,52
DA:79,3
DA:80,2
DA:83,49
DA:86,40
DA:88,40
DA:91,40
DA:93,40
DA:94,16
DA:95,0
DA:96,0
DA:100,16
DA:101,0
DA:102,0
DA:107,16
DA:108,4
DA:111,4
DA:113,12
DA:116,39
DA:117,10
DA:120,29
DA:123,36
DA:124,36
DA:126,4
DA:127,1
DA:129,3
DA:131,40
DA:143,9
DA:144,9
DA:149,44
DA:150,513
DA:160,3
LF:42
LH:38
BRDA:40,0,0,24
BRDA:76,1,0,3
BRDA:79,2,0,1
BRDA:83,3,0,9
BRDA:91,4,0,40
BRDA:91,4,1,24
BRDA:94,5,0,0
BRDA:100,6,0,0
BRDA:107,7,0,4
BRDA:107,8,0,16
BRDA:107,8,1,12
BRDA:116,9,0,10
BRDA:116,9,1,29
BRDA:126,10,0,1
BRDA:126,11,0,4
BRDA:126,11,1,1
BRDA:143,12,0,9
BRDA:143,12,1,2
BRF:18
BRH:16
end_of_record
TN:
SF:src/reflect-metadata.d.ts
FNF:0
FNH:0
LF:0
LH:0
BRF:0
BRH:0
end_of_record
